<?xml version="1.0" encoding="UTF-8"?>
<testsuites>
  <testsuite name="acceptance" tests="35" assertions="139" failures="0" errors="0" time="1992.528544">
    <testcase file="/home/travis/build/wirecard/paymentSDK-php/tests/acceptance/CreditCard3DSAuthorizationAndPostprocessingHappyPath.feature" name="CreditCard3DSAuthorizationAndPostprocessingHappyPath: authorization" feature="authorization" assertions="5" time="75.743518"/>
    <testcase file="/home/travis/build/wirecard/paymentSDK-php/tests/acceptance/CreditCard3DSAuthorizationAndPostprocessingHappyPath.feature" name="CreditCard3DSAuthorizationAndPostprocessingHappyPath: capture" feature="capture" assertions="6" time="89.217797"/>
    <testcase file="/home/travis/build/wirecard/paymentSDK-php/tests/acceptance/CreditCard3DSAuthorizationAndPostprocessingHappyPath.feature" name="CreditCard3DSAuthorizationAndPostprocessingHappyPath: refund" feature="refund" assertions="8" time="105.809407"/>
    <testcase file="/home/travis/build/wirecard/paymentSDK-php/tests/acceptance/CreditCard3DSAuthorizationAndPostprocessingHappyPath.feature" name="CreditCard3DSAuthorizationAndPostprocessingHappyPath: cancel" feature="cancel" assertions="6" time="90.475332"/>
    <testcase file="/home/travis/build/wirecard/paymentSDK-php/tests/acceptance/CreditCard3DSPurchaseAndPostprocessingHappyPath.feature" name="CreditCard3DSPurchaseAndPostprocessingHappyPath: purchase" feature="purchase" assertions="5" time="74.256542"/>
    <testcase file="/home/travis/build/wirecard/paymentSDK-php/tests/acceptance/CreditCard3DSPurchaseAndPostprocessingHappyPath.feature" name="CreditCard3DSPurchaseAndPostprocessingHappyPath: refundOrcancel" feature="refundOrcancel" assertions="6" time="91.813517"/>
    <testcase file="/home/travis/build/wirecard/paymentSDK-php/tests/acceptance/CreditCard3DSPurchaseHappyPath.feature" name="CrediCard3DSTokenizePurchaseHappyPath: purchase" feature="purchase" assertions="5" time="74.549698"/>
    <testcase file="/home/travis/build/wirecard/paymentSDK-php/tests/acceptance/CreditCard3DSPurchaseHappyPath.feature" name="CrediCard3DSTokenizePurchaseHappyPath: voidPurchase" feature="voidPurchase" assertions="6" time="89.846697"/>
    <testcase file="/home/travis/build/wirecard/paymentSDK-php/tests/acceptance/CreditCard3DSTokenizePurchaseErrorCards.feature" name="CreditCard3DSTokenizePurchaseErrorCards: purchaseErrorNoRedirect3DS | &quot;Card Not Enrolled VISA Data&quot;, &quot;500.1072&quot;" feature="purchaseErrorNoRedirect3DS | &quot;Card Not Enrolled VISA Data&quot;, &quot;500.1072&quot;" assertions="2" time="29.806950"/>
    <testcase file="/home/travis/build/wirecard/paymentSDK-php/tests/acceptance/CreditCard3DSTokenizePurchaseErrorCards.feature" name="CreditCard3DSTokenizePurchaseErrorCards: purchaseErrorNoRedirect3DS | &quot;Card Not Enrolled Mastercard Data&quot;, &quot;500.1072&quot;" feature="purchaseErrorNoRedirect3DS | &quot;Card Not Enrolled Mastercard Data&quot;, &quot;500.1072&quot;" assertions="2" time="28.787460"/>
    <testcase file="/home/travis/build/wirecard/paymentSDK-php/tests/acceptance/CreditCard3DSTokenizePurchaseErrorCards.feature" name="CreditCard3DSTokenizePurchaseErrorCards: purchaseErrorNoRedirect3DS | &quot;MPI Error VISA Data&quot;, &quot;500.1074&quot;" feature="purchaseErrorNoRedirect3DS | &quot;MPI Error VISA Data&quot;, &quot;500.1074&quot;" assertions="2" time="28.742041"/>
    <testcase file="/home/travis/build/wirecard/paymentSDK-php/tests/acceptance/CreditCard3DSTokenizePurchaseErrorCards.feature" name="CreditCard3DSTokenizePurchaseErrorCards: purchaseErrorNoRedirect3DS | &quot;MPI Error Mastercard Data&quot;, &quot;500.1074&quot;" feature="purchaseErrorNoRedirect3DS | &quot;MPI Error Mastercard Data&quot;, &quot;500.1074&quot;" assertions="2" time="28.347808"/>
    <testcase file="/home/travis/build/wirecard/paymentSDK-php/tests/acceptance/CreditCard3DSTokenizePurchaseErrorCards.feature" name="CreditCard3DSTokenizePurchaseErrorCards: purchaseErrorNoRedirect3DS | &quot;Card Not Enrolled Maestro Data&quot;, &quot;500.1072&quot;" feature="purchaseErrorNoRedirect3DS | &quot;Card Not Enrolled Maestro Data&quot;, &quot;500.1072&quot;" assertions="2" time="28.934696"/>
    <testcase file="/home/travis/build/wirecard/paymentSDK-php/tests/acceptance/CreditCard3DSTokenizePurchaseErrorCards.feature" name="CreditCard3DSTokenizePurchaseErrorCards: purchaseErrorNoRedirect3DS | &quot;Unable to Verify Enrolment Maestro Data&quot;, &quot;500.1073&quot;" feature="purchaseErrorNoRedirect3DS | &quot;Unable to Verify Enrolment Maestro Data&quot;, &quot;500.1073&quot;" assertions="2" time="29.221871"/>
    <testcase file="/home/travis/build/wirecard/paymentSDK-php/tests/acceptance/CreditCard3DSTokenizePurchaseErrorCards.feature" name="CreditCard3DSTokenizePurchaseErrorCards: purchaseErrorNoRedirect3DS | &quot;Unable to Verify Enrolment VISA Data&quot;, &quot;500.1073&quot;" feature="purchaseErrorNoRedirect3DS | &quot;Unable to Verify Enrolment VISA Data&quot;, &quot;500.1073&quot;" assertions="2" time="29.064850"/>
    <testcase file="/home/travis/build/wirecard/paymentSDK-php/tests/acceptance/CreditCard3DSTokenizePurchaseErrorCards.feature" name="CreditCard3DSTokenizePurchaseErrorCards: purchaseErrorNoRedirect3DS | &quot;Unable to Verify Enrolment Mastercard Data&quot;, &quot;500.1073&quot;" feature="purchaseErrorNoRedirect3DS | &quot;Unable to Verify Enrolment Mastercard Data&quot;, &quot;500.1073&quot;" assertions="2" time="29.301304"/>
    <testcase file="/home/travis/build/wirecard/paymentSDK-php/tests/acceptance/CreditCard3DSTokenizePurchaseErrorCards.feature" name="CreditCard3DSTokenizePurchaseErrorCards: purchaseErrorNoRedirect3DS | &quot;MPI Error Maestro Data&quot;, &quot;500.1074&quot;" feature="purchaseErrorNoRedirect3DS | &quot;MPI Error Maestro Data&quot;, &quot;500.1074&quot;" assertions="2" time="28.523786"/>
    <testcase file="/home/travis/build/wirecard/paymentSDK-php/tests/acceptance/CreditCard3DSTokenizePurchaseErrorCards.feature" name="CreditCard3DSTokenizePurchaseErrorCards: purchaseErrorRedirect3DS | &quot;Consumer failed or Cancelled auth VISA Data&quot;, &quot;500.1076&quot;" feature="purchaseErrorRedirect3DS | &quot;Consumer failed or Cancelled auth VISA Data&quot;, &quot;500.1076&quot;" assertions="4" time="71.740737"/>
    <testcase file="/home/travis/build/wirecard/paymentSDK-php/tests/acceptance/CreditCard3DSTokenizePurchaseErrorCards.feature" name="CreditCard3DSTokenizePurchaseErrorCards: purchaseErrorRedirect3DS | &quot;Consumer failed or Cancelled auth Mastercard Data&quot;, &quot;500.1076&quot;" feature="purchaseErrorRedirect3DS | &quot;Consumer failed or Cancelled auth Mastercard Data&quot;, &quot;500.1076&quot;" assertions="4" time="74.804891"/>
    <testcase file="/home/travis/build/wirecard/paymentSDK-php/tests/acceptance/CreditCard3DSTokenizePurchaseErrorCards.feature" name="CreditCard3DSTokenizePurchaseErrorCards: purchaseErrorRedirect3DS | &quot;Consumer failed or Cancelled auth Maestro Data&quot;, &quot;500.1076&quot;" feature="purchaseErrorRedirect3DS | &quot;Consumer failed or Cancelled auth Maestro Data&quot;, &quot;500.1076&quot;" assertions="4" time="75.278138"/>
    <testcase file="/home/travis/build/wirecard/paymentSDK-php/tests/acceptance/CreditCard3DSTokenizePurchaseErrorCards.feature" name="CreditCard3DSTokenizePurchaseErrorCards: purchaseErrorRedirect3DS | &quot;Auth not completed tech problem VISA Data&quot;, &quot;500.1077&quot;" feature="purchaseErrorRedirect3DS | &quot;Auth not completed tech problem VISA Data&quot;, &quot;500.1077&quot;" assertions="4" time="74.353607"/>
    <testcase file="/home/travis/build/wirecard/paymentSDK-php/tests/acceptance/CreditCard3DSTokenizePurchaseErrorCards.feature" name="CreditCard3DSTokenizePurchaseErrorCards: purchaseErrorRedirect3DS | &quot;Auth not completed tech problem Mastercard Data&quot;, &quot;500.1077&quot;" feature="purchaseErrorRedirect3DS | &quot;Auth not completed tech problem Mastercard Data&quot;, &quot;500.1077&quot;" assertions="4" time="74.856912"/>
    <testcase file="/home/travis/build/wirecard/paymentSDK-php/tests/acceptance/CreditCard3DSTokenizePurchaseErrorCards.feature" name="CreditCard3DSTokenizePurchaseErrorCards: purchaseErrorRedirect3DS | &quot;Auth not completed tech problem Maestro Data&quot;, &quot;500.1077&quot;" feature="purchaseErrorRedirect3DS | &quot;Auth not completed tech problem Maestro Data&quot;, &quot;500.1077&quot;" assertions="4" time="73.536233"/>
    <testcase file="/home/travis/build/wirecard/paymentSDK-php/tests/acceptance/CreditCard3DSWppv2PurchaseHappyPath.feature" name="CreditCard3DSWppv2PurchaseHappyPath: purchase" feature="purchase" assertions="5" time="75.898340"/>
    <testcase file="/home/travis/build/wirecard/paymentSDK-php/tests/acceptance/CreditCard3DSWppv2PurchaseHappyPath.feature" name="CreditCard3DSWppv2PurchaseHappyPath: voidPurchase" feature="voidPurchase" assertions="6" time="92.051969"/>
    <testcase file="/home/travis/build/wirecard/paymentSDK-php/tests/acceptance/CreditCardNon3DSAuthorizationAndPostprocessingHappyPath.feature" name="CreditCardNon3DSAuthorizationAndPostprocessingHappyPath: authorization" feature="authorization" assertions="3" time="40.368706"/>
    <testcase file="/home/travis/build/wirecard/paymentSDK-php/tests/acceptance/CreditCardNon3DSAuthorizationAndPostprocessingHappyPath.feature" name="CreditCardNon3DSAuthorizationAndPostprocessingHappyPath: capture" feature="capture" assertions="4" time="43.174907"/>
    <testcase file="/home/travis/build/wirecard/paymentSDK-php/tests/acceptance/CreditCardNon3DSAuthorizationAndPostprocessingHappyPath.feature" name="CreditCardNon3DSAuthorizationAndPostprocessingHappyPath: refund" feature="refund" assertions="6" time="61.751026"/>
    <testcase file="/home/travis/build/wirecard/paymentSDK-php/tests/acceptance/CreditCardNon3DSAuthorizationAndPostprocessingHappyPath.feature" name="CreditCardNon3DSAuthorizationAndPostprocessingHappyPath: cancel" feature="cancel" assertions="4" time="48.320912"/>
    <testcase file="/home/travis/build/wirecard/paymentSDK-php/tests/acceptance/CreditCardNon3DSPurchaseAndPostprocessingHappyPath.feature" name="CreditCardNon3DSPurchaseAndPostprocessingHappyPath: purchase" feature="purchase" assertions="3" time="29.634218"/>
    <testcase file="/home/travis/build/wirecard/paymentSDK-php/tests/acceptance/CreditCardNon3DSPurchaseAndPostprocessingHappyPath.feature" name="CreditCardNon3DSPurchaseAndPostprocessingHappyPath: refundOrcancel" feature="refundOrcancel" assertions="4" time="45.547595"/>
    <testcase file="/home/travis/build/wirecard/paymentSDK-php/tests/acceptance/CreditCardNon3DSTokenizePurchaseHappyPath.feature" name="CreditCardNon3DSTokenizePurchaseHappyPath: purchase" feature="purchase" assertions="3" time="28.923895"/>
    <testcase file="/home/travis/build/wirecard/paymentSDK-php/tests/acceptance/CreditCardNon3DSTokenizePurchaseHappyPath.feature" name="CreditCardNon3DSTokenizePurchaseHappyPath: voidPurchase" feature="voidPurchase" assertions="4" time="42.322691"/>
    <testcase file="/home/travis/build/wirecard/paymentSDK-php/tests/acceptance/CreditCardNon3DSWppv2PurchaseHappyPath.feature" name="CreditCardNon3DSWppv2PurchaseHappyPath: purchase" feature="purchase" assertions="3" time="30.160496"/>
    <testcase file="/home/travis/build/wirecard/paymentSDK-php/tests/acceptance/CreditCardNon3DSWppv2PurchaseHappyPath.feature" name="CreditCardNon3DSWppv2PurchaseHappyPath: voidPurchase" feature="voidPurchase" assertions="5" time="57.359997"/>
  </testsuite>
</testsuites>
