<?xml version="1.0" encoding="UTF-8"?>
<testsuites>
  <testsuite name="acceptance (ci)" tests="7" assertions="23" errors="0" failures="0" skipped="0" time="543.627899">
    <testcase file="/project/tests/acceptance/CreditCard/CreditCardInitialTransactionHappyPath.feature" name="CreditCardInitialTransactionHappyPath: initial transaction Non 3DS | &quot;reserve&quot;, &quot;20&quot;, &quot;authorization&quot;" feature="CreditCardInitialTransactionHappyPath" assertions="3" time="35.463412"/>
    <testcase file="/project/tests/acceptance/CreditCard/CreditCardInitialTransactionHappyPath.feature" name="CreditCardInitialTransactionHappyPath: initial transaction Non 3DS | &quot;pay&quot;, &quot;20&quot;, &quot;purchase&quot;" feature="CreditCardInitialTransactionHappyPath" assertions="3" time="32.984117"/>
    <testcase file="/project/tests/acceptance/CreditCard/CreditCardInitialTransactionHappyPath.feature" name="CreditCardInitialTransactionHappyPath: initial transaction 3DS | &quot;reserve&quot;, &quot;100&quot;, &quot;authorization&quot;" feature="CreditCardInitialTransactionHappyPath" assertions="3" time="42.105402"/>
    <testcase file="/project/tests/acceptance/CreditCard/CreditCardInitialTransactionHappyPath.feature" name="CreditCardInitialTransactionHappyPath: initial transaction 3DS | &quot;pay&quot;, &quot;100&quot;, &quot;purchase&quot;" feature="CreditCardInitialTransactionHappyPath" assertions="3" time="48.567081"/>
    <testcase file="/project/tests/acceptance/CreditCard/CreditCardOneClickInitialTransactionHappyPath.feature" name="CreditCardOneClickInitialTransactionHappyPath: initial transaction | &quot;reserve&quot;, &quot;100&quot;, &quot;authorization&quot;" feature="CreditCardOneClickInitialTransactionHappyPath" assertions="5" time="111.752801"/>
    <testcase file="/project/tests/acceptance/PayPal/PayPalInitialTransactionHappyPath.feature" name="PayPalInitialTransaction: initial transaction | &quot;pay&quot;, &quot;purchase&quot;" feature="PayPalInitialTransaction" assertions="3" time="138.369826"/>
    <testcase file="/project/tests/acceptance/PayPal/PayPalInitialTransactionHappyPath.feature" name="PayPalInitialTransaction: initial transaction | &quot;reserve&quot;, &quot;authorization&quot;" feature="PayPalInitialTransaction" assertions="3" time="134.385260"/>
  </testsuite>
</testsuites>
