<?xml version="1.0" encoding="UTF-8"?>
<testsuites>
  <testsuite name="acceptance" tests="8" assertions="31" failures="0" errors="0" time="236.026063">
    <testcase file="/home/travis/build/wirecard/paymentSDK-php/tests/acceptance/CreditCardNon3DSAuthorizationAndPostprocessingHappyPathSg.feature" name="CreditCardNon3DSAuthorizationAndPostprocessingHappyPathSg: authorization" feature="authorization" assertions="3" time="37.114911"/>
    <testcase file="/home/travis/build/wirecard/paymentSDK-php/tests/acceptance/CreditCardNon3DSAuthorizationAndPostprocessingHappyPathSg.feature" name="CreditCardNon3DSAuthorizationAndPostprocessingHappyPathSg: capture" feature="capture" assertions="4" time="32.654344"/>
    <testcase file="/home/travis/build/wirecard/paymentSDK-php/tests/acceptance/CreditCardNon3DSAuthorizationAndPostprocessingHappyPathSg.feature" name="CreditCardNon3DSAuthorizationAndPostprocessingHappyPathSg: refund" feature="refund" assertions="6" time="34.927262"/>
    <testcase file="/home/travis/build/wirecard/paymentSDK-php/tests/acceptance/CreditCardNon3DSAuthorizationAndPostprocessingHappyPathSg.feature" name="CreditCardNon3DSAuthorizationAndPostprocessingHappyPathSg: cancel" feature="cancel" assertions="4" time="31.344176"/>
    <testcase file="/home/travis/build/wirecard/paymentSDK-php/tests/acceptance/CreditCardNon3DSPurchaseAndPostprocessingHappyPathSg.feature" name="CreditCardNon3DSPurchaseAndPostprocessingHappyPathSg: purchase" feature="purchase" assertions="3" time="21.251489"/>
    <testcase file="/home/travis/build/wirecard/paymentSDK-php/tests/acceptance/CreditCardNon3DSPurchaseAndPostprocessingHappyPathSg.feature" name="CreditCardNon3DSPurchaseAndPostprocessingHappyPathSg: refund" feature="refund" assertions="4" time="28.695615"/>
    <testcase file="/home/travis/build/wirecard/paymentSDK-php/tests/acceptance/CreditCardNon3DSPurchaseHappyPathSg.feature" name="CreditCardNon3DSTokenizePurchaseHappyPathSg: purchase" feature="purchase" assertions="3" time="24.469681"/>
    <testcase file="/home/travis/build/wirecard/paymentSDK-php/tests/acceptance/CreditCardNon3DSPurchaseHappyPathSg.feature" name="CreditCardNon3DSTokenizePurchaseHappyPathSg: voidPurchase" feature="voidPurchase" assertions="4" time="25.568585"/>
  </testsuite>
</testsuites>
