<?xml version="1.0" encoding="UTF-8"?>
<testsuites>
  <testsuite name="acceptance" tests="49" assertions="237" failures="0" errors="0" time="2286.542799">
    <testcase file="/home/travis/build/wirecard/paymentSDK-php/tests/acceptance/CreditCard3DSAuthorizationAndPostprocessingHappyPath.feature" name="CreditCard3DSAuthorizationAndPostprocessingHappyPath: authorization" feature="authorization" assertions="8" time="62.621457"/>
    <testcase file="/home/travis/build/wirecard/paymentSDK-php/tests/acceptance/CreditCard3DSAuthorizationAndPostprocessingHappyPath.feature" name="CreditCard3DSAuthorizationAndPostprocessingHappyPath: capture" feature="capture" assertions="6" time="39.083551"/>
    <testcase file="/home/travis/build/wirecard/paymentSDK-php/tests/acceptance/CreditCard3DSAuthorizationAndPostprocessingHappyPath.feature" name="CreditCard3DSAuthorizationAndPostprocessingHappyPath: refund" feature="refund" assertions="8" time="49.665261"/>
    <testcase file="/home/travis/build/wirecard/paymentSDK-php/tests/acceptance/CreditCard3DSAuthorizationAndPostprocessingHappyPath.feature" name="CreditCard3DSAuthorizationAndPostprocessingHappyPath: cancel" feature="cancel" assertions="6" time="39.542176"/>
    <testcase file="/home/travis/build/wirecard/paymentSDK-php/tests/acceptance/CreditCard3DSPurchaseAndPostprocessingHappyPath.feature" name="CreditCard3DSPurchaseAndPostprocessingHappyPath: purchase" feature="purchase" assertions="5" time="32.744833"/>
    <testcase file="/home/travis/build/wirecard/paymentSDK-php/tests/acceptance/CreditCard3DSPurchaseAndPostprocessingHappyPath.feature" name="CreditCard3DSPurchaseAndPostprocessingHappyPath: refundOrcancel" feature="refundOrcancel" assertions="6" time="38.946913"/>
    <testcase file="/home/travis/build/wirecard/paymentSDK-php/tests/acceptance/CreditCard3DSTokenizePurchaseErrorCards.feature" name="CreditCard3DSTokenizePurchaseErrorCards: purchaseErrorNoRedirect3DS | &quot;Card Not Enrolled VISA Data&quot;, &quot;500.1072&quot;" feature="purchaseErrorNoRedirect3DS | &quot;Card Not Enrolled VISA Data&quot;, &quot;500.1072&quot;" assertions="2" time="26.791018"/>
    <testcase file="/home/travis/build/wirecard/paymentSDK-php/tests/acceptance/CreditCard3DSTokenizePurchaseErrorCards.feature" name="CreditCard3DSTokenizePurchaseErrorCards: purchaseErrorNoRedirect3DS | &quot;Card Not Enrolled Mastercard Data&quot;, &quot;500.1072&quot;" feature="purchaseErrorNoRedirect3DS | &quot;Card Not Enrolled Mastercard Data&quot;, &quot;500.1072&quot;" assertions="2" time="27.128242"/>
    <testcase file="/home/travis/build/wirecard/paymentSDK-php/tests/acceptance/CreditCard3DSTokenizePurchaseErrorCards.feature" name="CreditCard3DSTokenizePurchaseErrorCards: purchaseErrorNoRedirect3DS | &quot;MPI Error VISA Data&quot;, &quot;500.1074&quot;" feature="purchaseErrorNoRedirect3DS | &quot;MPI Error VISA Data&quot;, &quot;500.1074&quot;" assertions="2" time="28.623540"/>
    <testcase file="/home/travis/build/wirecard/paymentSDK-php/tests/acceptance/CreditCard3DSTokenizePurchaseErrorCards.feature" name="CreditCard3DSTokenizePurchaseErrorCards: purchaseErrorNoRedirect3DS | &quot;MPI Error Mastercard Data&quot;, &quot;500.1074&quot;" feature="purchaseErrorNoRedirect3DS | &quot;MPI Error Mastercard Data&quot;, &quot;500.1074&quot;" assertions="2" time="27.706562"/>
    <testcase file="/home/travis/build/wirecard/paymentSDK-php/tests/acceptance/CreditCard3DSTokenizePurchaseErrorCards.feature" name="CreditCard3DSTokenizePurchaseErrorCards: purchaseErrorNoRedirect3DS | &quot;Card Not Enrolled Maestro Data&quot;, &quot;500.1072&quot;" feature="purchaseErrorNoRedirect3DS | &quot;Card Not Enrolled Maestro Data&quot;, &quot;500.1072&quot;" assertions="2" time="22.776841"/>
    <testcase file="/home/travis/build/wirecard/paymentSDK-php/tests/acceptance/CreditCard3DSTokenizePurchaseErrorCards.feature" name="CreditCard3DSTokenizePurchaseErrorCards: purchaseErrorNoRedirect3DS | &quot;Unable to Verify Enrolment Maestro Data&quot;, &quot;500.1073&quot;" feature="purchaseErrorNoRedirect3DS | &quot;Unable to Verify Enrolment Maestro Data&quot;, &quot;500.1073&quot;" assertions="2" time="26.999811"/>
    <testcase file="/home/travis/build/wirecard/paymentSDK-php/tests/acceptance/CreditCard3DSTokenizePurchaseErrorCards.feature" name="CreditCard3DSTokenizePurchaseErrorCards: purchaseErrorNoRedirect3DS | &quot;Unable to Verify Enrolment VISA Data&quot;, &quot;500.1073&quot;" feature="purchaseErrorNoRedirect3DS | &quot;Unable to Verify Enrolment VISA Data&quot;, &quot;500.1073&quot;" assertions="2" time="24.833703"/>
    <testcase file="/home/travis/build/wirecard/paymentSDK-php/tests/acceptance/CreditCard3DSTokenizePurchaseErrorCards.feature" name="CreditCard3DSTokenizePurchaseErrorCards: purchaseErrorNoRedirect3DS | &quot;Unable to Verify Enrolment Mastercard Data&quot;, &quot;500.1073&quot;" feature="purchaseErrorNoRedirect3DS | &quot;Unable to Verify Enrolment Mastercard Data&quot;, &quot;500.1073&quot;" assertions="2" time="25.684287"/>
    <testcase file="/home/travis/build/wirecard/paymentSDK-php/tests/acceptance/CreditCard3DSTokenizePurchaseErrorCards.feature" name="CreditCard3DSTokenizePurchaseErrorCards: purchaseErrorNoRedirect3DS | &quot;MPI Error Maestro Data&quot;, &quot;500.1074&quot;" feature="purchaseErrorNoRedirect3DS | &quot;MPI Error Maestro Data&quot;, &quot;500.1074&quot;" assertions="2" time="25.693942"/>
    <testcase file="/home/travis/build/wirecard/paymentSDK-php/tests/acceptance/CreditCard3DSTokenizePurchaseErrorCards.feature" name="CreditCard3DSTokenizePurchaseErrorCards: purchaseErrorRedirect3DS | &quot;Consumer failed or Cancelled auth VISA Data&quot;, &quot;500.1076&quot;" feature="purchaseErrorRedirect3DS | &quot;Consumer failed or Cancelled auth VISA Data&quot;, &quot;500.1076&quot;" assertions="4" time="39.434140"/>
    <testcase file="/home/travis/build/wirecard/paymentSDK-php/tests/acceptance/CreditCard3DSTokenizePurchaseErrorCards.feature" name="CreditCard3DSTokenizePurchaseErrorCards: purchaseErrorRedirect3DS | &quot;Consumer failed or Cancelled auth Mastercard Data&quot;, &quot;500.1076&quot;" feature="purchaseErrorRedirect3DS | &quot;Consumer failed or Cancelled auth Mastercard Data&quot;, &quot;500.1076&quot;" assertions="4" time="35.983833"/>
    <testcase file="/home/travis/build/wirecard/paymentSDK-php/tests/acceptance/CreditCard3DSTokenizePurchaseErrorCards.feature" name="CreditCard3DSTokenizePurchaseErrorCards: purchaseErrorRedirect3DS | &quot;Consumer failed or Cancelled auth Maestro Data&quot;, &quot;500.1076&quot;" feature="purchaseErrorRedirect3DS | &quot;Consumer failed or Cancelled auth Maestro Data&quot;, &quot;500.1076&quot;" assertions="4" time="37.399586"/>
    <testcase file="/home/travis/build/wirecard/paymentSDK-php/tests/acceptance/CreditCard3DSTokenizePurchaseErrorCards.feature" name="CreditCard3DSTokenizePurchaseErrorCards: purchaseErrorRedirect3DS | &quot;Auth not completed tech problem VISA Data&quot;, &quot;500.1077&quot;" feature="purchaseErrorRedirect3DS | &quot;Auth not completed tech problem VISA Data&quot;, &quot;500.1077&quot;" assertions="4" time="42.330313"/>
    <testcase file="/home/travis/build/wirecard/paymentSDK-php/tests/acceptance/CreditCard3DSTokenizePurchaseErrorCards.feature" name="CreditCard3DSTokenizePurchaseErrorCards: purchaseErrorRedirect3DS | &quot;Auth not completed tech problem Mastercard Data&quot;, &quot;500.1077&quot;" feature="purchaseErrorRedirect3DS | &quot;Auth not completed tech problem Mastercard Data&quot;, &quot;500.1077&quot;" assertions="4" time="42.435038"/>
    <testcase file="/home/travis/build/wirecard/paymentSDK-php/tests/acceptance/CreditCard3DSTokenizePurchaseErrorCards.feature" name="CreditCard3DSTokenizePurchaseErrorCards: purchaseErrorRedirect3DS | &quot;Auth not completed tech problem Maestro Data&quot;, &quot;500.1077&quot;" feature="purchaseErrorRedirect3DS | &quot;Auth not completed tech problem Maestro Data&quot;, &quot;500.1077&quot;" assertions="4" time="43.886958"/>
    <testcase file="/home/travis/build/wirecard/paymentSDK-php/tests/acceptance/CreditCard3DSTokenizePurchaseHappyPath.feature" name="CrediCard3DSTokenizePurchaseHappyPath: purchase" feature="purchase" assertions="5" time="44.692895"/>
    <testcase file="/home/travis/build/wirecard/paymentSDK-php/tests/acceptance/CreditCard3DSTokenizePurchaseHappyPath.feature" name="CrediCard3DSTokenizePurchaseHappyPath: voidPurchase" feature="voidPurchase" assertions="6" time="55.462573"/>
    <testcase file="/home/travis/build/wirecard/paymentSDK-php/tests/acceptance/CreditCard3DSWppv2AuthorizationAndPostprocessingHappyPath.feature" name="CreditCard3DSWppv2AuthorizationAndPostprocessingHappyPath: authorization" feature="authorization" assertions="8" time="79.880368"/>
    <testcase file="/home/travis/build/wirecard/paymentSDK-php/tests/acceptance/CreditCard3DSWppv2AuthorizationAndPostprocessingHappyPath.feature" name="CreditCard3DSWppv2AuthorizationAndPostprocessingHappyPath: capture" feature="capture" assertions="6" time="77.624206"/>
    <testcase file="/home/travis/build/wirecard/paymentSDK-php/tests/acceptance/CreditCard3DSWppv2AuthorizationAndPostprocessingHappyPath.feature" name="CreditCard3DSWppv2AuthorizationAndPostprocessingHappyPath: refund" feature="refund" assertions="8" time="100.222441"/>
    <testcase file="/home/travis/build/wirecard/paymentSDK-php/tests/acceptance/CreditCard3DSWppv2AuthorizationAndPostprocessingHappyPath.feature" name="CreditCard3DSWppv2AuthorizationAndPostprocessingHappyPath: cancel" feature="cancel" assertions="6" time="77.340156"/>
    <testcase file="/home/travis/build/wirecard/paymentSDK-php/tests/acceptance/CreditCard3DSWppv2PurchaseHappyPath.feature" name="CreditCard3DSWppv2PurchaseHappyPath: purchase" feature="purchase" assertions="5" time="63.583057"/>
    <testcase file="/home/travis/build/wirecard/paymentSDK-php/tests/acceptance/CreditCard3DSWppv2PurchaseHappyPath.feature" name="CreditCard3DSWppv2PurchaseHappyPath: voidPurchase" feature="voidPurchase" assertions="6" time="82.164720"/>
    <testcase file="/home/travis/build/wirecard/paymentSDK-php/tests/acceptance/CreditCardNon3DSAuthorizationAndPostprocessingHappyPath.feature" name="CreditCardNon3DSAuthorizationAndPostprocessingHappyPath: authorization" feature="authorization" assertions="3" time="13.513600"/>
    <testcase file="/home/travis/build/wirecard/paymentSDK-php/tests/acceptance/CreditCardNon3DSAuthorizationAndPostprocessingHappyPath.feature" name="CreditCardNon3DSAuthorizationAndPostprocessingHappyPath: capture" feature="capture" assertions="5" time="37.845955"/>
    <testcase file="/home/travis/build/wirecard/paymentSDK-php/tests/acceptance/CreditCardNon3DSAuthorizationAndPostprocessingHappyPath.feature" name="CreditCardNon3DSAuthorizationAndPostprocessingHappyPath: refund" feature="refund" assertions="6" time="25.481235"/>
    <testcase file="/home/travis/build/wirecard/paymentSDK-php/tests/acceptance/CreditCardNon3DSAuthorizationAndPostprocessingHappyPath.feature" name="CreditCardNon3DSAuthorizationAndPostprocessingHappyPath: cancel" feature="cancel" assertions="4" time="23.100967"/>
    <testcase file="/home/travis/build/wirecard/paymentSDK-php/tests/acceptance/CreditCardNon3DSPurchaseAndPostprocessingHappyPath.feature" name="CreditCardNon3DSPurchaseAndPostprocessingHappyPath: purchase" feature="purchase" assertions="3" time="16.127698"/>
    <testcase file="/home/travis/build/wirecard/paymentSDK-php/tests/acceptance/CreditCardNon3DSPurchaseAndPostprocessingHappyPath.feature" name="CreditCardNon3DSPurchaseAndPostprocessingHappyPath: refundOrcancel" feature="refundOrcancel" assertions="4" time="23.531530"/>
    <testcase file="/home/travis/build/wirecard/paymentSDK-php/tests/acceptance/CreditCardNon3DSTokenizePurchaseHappyPath.feature" name="CreditCardNon3DSTokenizePurchaseHappyPath: purchase" feature="purchase" assertions="3" time="27.811137"/>
    <testcase file="/home/travis/build/wirecard/paymentSDK-php/tests/acceptance/CreditCardNon3DSTokenizePurchaseHappyPath.feature" name="CreditCardNon3DSTokenizePurchaseHappyPath: voidPurchase" feature="voidPurchase" assertions="4" time="36.675347"/>
    <testcase file="/home/travis/build/wirecard/paymentSDK-php/tests/acceptance/CreditCardNon3DSWppv2AuthorizationAndPostprocessingHappyPath.feature" name="CreditCardNon3DSWppv2AuthorizationAndPostprocessingHappyPath: authorization" feature="authorization" assertions="6" time="46.859346"/>
    <testcase file="/home/travis/build/wirecard/paymentSDK-php/tests/acceptance/CreditCardNon3DSWppv2AuthorizationAndPostprocessingHappyPath.feature" name="CreditCardNon3DSWppv2AuthorizationAndPostprocessingHappyPath: capture" feature="capture" assertions="5" time="40.345541"/>
    <testcase file="/home/travis/build/wirecard/paymentSDK-php/tests/acceptance/CreditCardNon3DSWppv2AuthorizationAndPostprocessingHappyPath.feature" name="CreditCardNon3DSWppv2AuthorizationAndPostprocessingHappyPath: refund" feature="refund" assertions="7" time="63.007347"/>
    <testcase file="/home/travis/build/wirecard/paymentSDK-php/tests/acceptance/CreditCardNon3DSWppv2AuthorizationAndPostprocessingHappyPath.feature" name="CreditCardNon3DSWppv2AuthorizationAndPostprocessingHappyPath: cancel" feature="cancel" assertions="5" time="40.537972"/>
    <testcase file="/home/travis/build/wirecard/paymentSDK-php/tests/acceptance/CreditCardNon3DSWppv2PurchaseHappyPath.feature" name="CreditCardNon3DSWppv2PurchaseHappyPath: purchase" feature="purchase" assertions="3" time="16.218808"/>
    <testcase file="/home/travis/build/wirecard/paymentSDK-php/tests/acceptance/CreditCardNon3DSWppv2PurchaseHappyPath.feature" name="CreditCardNon3DSWppv2PurchaseHappyPath: voidPurchase" feature="voidPurchase" assertions="5" time="40.411967"/>
    <testcase file="/home/travis/build/wirecard/paymentSDK-php/tests/acceptance/PayPalAuthorizationAndPostProcessingHappyPath.feature" name="PayPalAuthorizationAndPostProcessingHappyPath: authorization" feature="authorization" assertions="7" time="78.985153"/>
    <testcase file="/home/travis/build/wirecard/paymentSDK-php/tests/acceptance/PayPalAuthorizationAndPostProcessingHappyPath.feature" name="PayPalAuthorizationAndPostProcessingHappyPath: capture" feature="capture" assertions="6" time="108.093562"/>
    <testcase file="/home/travis/build/wirecard/paymentSDK-php/tests/acceptance/PayPalAuthorizationAndPostProcessingHappyPath.feature" name="PayPalAuthorizationAndPostProcessingHappyPath: refund" feature="refund" assertions="8" time="118.662080"/>
    <testcase file="/home/travis/build/wirecard/paymentSDK-php/tests/acceptance/PayPalAuthorizationAndPostProcessingHappyPath.feature" name="PayPalAuthorizationAndPostProcessingHappyPath: cancel" feature="cancel" assertions="6" time="58.875202"/>
    <testcase file="/home/travis/build/wirecard/paymentSDK-php/tests/acceptance/PayPalAuthorizationHappyPath.feature" name="PayPalAuthorizationHappyPath: authorization" feature="authorization" assertions="8" time="74.818760"/>
    <testcase file="/home/travis/build/wirecard/paymentSDK-php/tests/acceptance/PayPalPurchaseHappyPath.feature" name="PayPalPurchaseHappyPath: purchase" feature="purchase" assertions="8" time="74.357172"/>
  </testsuite>
</testsuites>
