<?xml version="1.0" encoding="UTF-8"?>
<testsuites name="Mocha Tests" time="727.464" tests="15" failures="2">
  <testsuite name="Root Suite" timestamp="2019-09-05T13:36:14" tests="0" failures="0" time="0">
  </testsuite>
  <testsuite name="Payment In Advance test" timestamp="2019-09-05T13:36:14" tests="1" file="/home/travis/build/wirecard/magento-ee/tests/Selenium/Payments/PiaTest.js" failures="0" time="27.629">
    <testcase name="Payment In Advance test should check the pia payment process" time="27.629" classname="should check the pia payment process">
    </testcase>
  </testsuite>
  <testsuite name="Credit Card test" timestamp="2019-09-05T13:36:51" tests="1" file="/home/travis/build/wirecard/magento-ee/tests/Selenium/Payments/CreditCardTest.js" failures="0" time="34.018">
    <testcase name="Credit Card test should check the credit card payment process" time="34.018" classname="should check the credit card payment process">
    </testcase>
  </testsuite>
  <testsuite name="payolution invoice test" timestamp="2019-09-05T13:37:33" tests="1" file="/home/travis/build/wirecard/magento-ee/tests/Selenium/Payments/PayolutionTest.js" failures="0" time="24.289">
    <testcase name="payolution invoice test should check the payolution invoice payment process" time="24.289" classname="should check the payolution invoice payment process">
    </testcase>
  </testsuite>
  <testsuite name="SEPA Direct Debit test" timestamp="2019-09-05T13:38:06" tests="1" file="/home/travis/build/wirecard/magento-ee/tests/Selenium/Payments/SepaTest.js" failures="0" time="27.56">
    <testcase name="SEPA Direct Debit test should check the sepa direct debit payment process" time="27.56" classname="should check the sepa direct debit payment process">
    </testcase>
  </testsuite>
  <testsuite name="Credit Card 3-D Secure test" timestamp="2019-09-05T13:38:41" tests="1" file="/home/travis/build/wirecard/magento-ee/tests/Selenium/Payments/CreditCard3dsTest.js" failures="0" time="47.896">
    <testcase name="Credit Card 3-D Secure test should check the credit card 3ds payment process" time="47.896" classname="should check the credit card 3ds payment process">
    </testcase>
  </testsuite>
  <testsuite name="eps test" timestamp="2019-09-05T13:39:40" tests="1" file="/home/travis/build/wirecard/magento-ee/tests/Selenium/Payments/EpsTest.js" failures="0" time="52.057">
    <testcase name="eps test should check the eps payment process" time="52.057" classname="should check the eps payment process">
    </testcase>
  </testsuite>
  <testsuite name="Sofort. test" timestamp="2019-09-05T13:40:40" tests="1" file="/home/travis/build/wirecard/magento-ee/tests/Selenium/Payments/SofortTest.js" failures="2" time="265.408">
    <testcase name="Sofort. test should check the sofort banking payment process" time="138.179" classname="should check the sofort banking payment process">
      <failure message="ETIMEDOUT connect ETIMEDOUT 208.52.180.207:80" type="Error"><![CDATA[Error: ETIMEDOUT connect ETIMEDOUT 208.52.180.207:80
    at ClientRequest.<anonymous> (node_modules/selenium-webdriver/http/index.js:258:15)
    at Socket.socketErrorListener (_http_client.js:387:9)
    at emitErrorNT (internal/streams/destroy.js:64:8)
    at _combinedTickCallback (internal/process/next_tick.js:138:11)
    at process._tickCallback (internal/process/next_tick.js:180:9)]]></failure>
    </testcase>
    <testcase name="Sofort. test &quot;after all&quot; hook" time="127.229" classname="&quot;after all&quot; hook">
      <failure message="ETIMEDOUT connect ETIMEDOUT 208.52.180.207:80" type="Error"><![CDATA[Error: ETIMEDOUT connect ETIMEDOUT 208.52.180.207:80
    at ClientRequest.<anonymous> (node_modules/selenium-webdriver/http/index.js:258:15)
    at Socket.socketErrorListener (_http_client.js:387:9)
    at emitErrorNT (internal/streams/destroy.js:64:8)
    at _combinedTickCallback (internal/process/next_tick.js:138:11)
    at process._tickCallback (internal/process/next_tick.js:180:9)]]></failure>
    </testcase>
  </testsuite>
  <testsuite name="Payment On Invoice test" timestamp="2019-09-05T13:45:11" tests="1" file="/home/travis/build/wirecard/magento-ee/tests/Selenium/Payments/PoiTest.js" failures="0" time="23.784">
    <testcase name="Payment On Invoice test should check the poi payment process" time="23.784" classname="should check the poi payment process">
    </testcase>
  </testsuite>
  <testsuite name="Unionpay International test" timestamp="2019-09-05T13:45:43" tests="1" file="/home/travis/build/wirecard/magento-ee/tests/Selenium/Payments/UpiTest.js" failures="0" time="28.948">
    <testcase name="Unionpay International test should check the unionpay international process" time="28.948" classname="should check the unionpay international process">
    </testcase>
  </testsuite>
  <testsuite name="Maestro SecureCode test" timestamp="2019-09-05T13:46:19" tests="1" file="/home/travis/build/wirecard/magento-ee/tests/Selenium/Payments/MaestroTest.js" failures="0" time="44.398">
    <testcase name="Maestro SecureCode test should check the maestro payment process" time="44.398" classname="should check the maestro payment process">
    </testcase>
  </testsuite>
  <testsuite name="Alipay test" timestamp="2019-09-05T13:47:11" tests="1" file="/home/travis/build/wirecard/magento-ee/tests/Selenium/Payments/AlipayTest.js" failures="0" time="35.611">
    <testcase name="Alipay test should check the alipay payment process" time="35.611" classname="should check the alipay payment process">
    </testcase>
  </testsuite>
  <testsuite name="iDEAL test" timestamp="2019-09-05T13:47:54" tests="1" file="/home/travis/build/wirecard/magento-ee/tests/Selenium/Payments/IdealTest.js" failures="0" time="32.973">
    <testcase name="iDEAL test should check the ideal payment process" time="32.973" classname="should check the ideal payment process">
    </testcase>
  </testsuite>
  <testsuite name="ratepay invoice test" timestamp="2019-09-05T13:48:34" tests="1" file="/home/travis/build/wirecard/magento-ee/tests/Selenium/Payments/RatepayTest.js" failures="0" time="26.187">
    <testcase name="ratepay invoice test should check the ratepay invoice payment process" time="26.187" classname="should check the ratepay invoice payment process">
    </testcase>
  </testsuite>
  <testsuite name="Giropay test" timestamp="2019-09-05T13:49:12" tests="1" file="/home/travis/build/wirecard/magento-ee/tests/Selenium/Payments/GiropayTest.js" failures="0" time="36.033">
    <testcase name="Giropay test should check the giropay payment process" time="36.033" classname="should check the giropay payment process">
    </testcase>
  </testsuite>
  <testsuite name="default test" timestamp="2019-09-05T13:49:55" tests="1" file="/home/travis/build/wirecard/magento-ee/tests/Selenium/Payments/DefaultTest.js" failures="0" time="20.673">
    <testcase name="default test should check the default checkout" time="20.673" classname="should check the default checkout">
    </testcase>
  </testsuite>
</testsuites>