<?xml version="1.0" encoding="UTF-8"?>
<testsuites>
  <testsuite name="acceptance" tests="4" assertions="22" failures="0" errors="0" time="246.703044">
    <testcase file="/home/travis/build/wirecard/woocommerce-ee/wirecard-woocommerce-extension/tests/acceptance/CreditCard3DSAuthorizationHappyPath.feature" name="CreditCard3DSAuthorizationHappyPath: authorize" feature="authorize" assertions="6" time="70.870045"/>
    <testcase file="/home/travis/build/wirecard/woocommerce-ee/wirecard-woocommerce-extension/tests/acceptance/CreditCard3DSPurchaseHappyPath.feature" name="CreditCard3DSPurchaseHappyPath: purchase" feature="purchase" assertions="6" time="67.121037"/>
    <testcase file="/home/travis/build/wirecard/woocommerce-ee/wirecard-woocommerce-extension/tests/acceptance/CreditCardNon3DSAuthorizationHappyPath.feature" name="CreditCardNon3DSAuthorizationHappyPath: authorize" feature="authorize" assertions="5" time="54.549409"/>
    <testcase file="/home/travis/build/wirecard/woocommerce-ee/wirecard-woocommerce-extension/tests/acceptance/CreditCardNon3DSPurchaseHappyPath.feature" name="CreditCardNon3DSPurchaseHappyPath: purchase" feature="purchase" assertions="5" time="54.162553"/>
  </testsuite>
</testsuites>
