<?xml version="1.0" encoding="UTF-8"?>
<testsuites>
  <testsuite name="acceptance (ci)" tests="7" assertions="30" errors="0" failures="1" skipped="0" time="477.019582">
    <testcase file="/project/tests/acceptance/CreditCard/CreditCardInitialTransactionHappyPath.feature" name="CreditCardInitialTransactionHappyPath: initial transaction Non 3DS | &quot;reserve&quot;, &quot;20&quot;, &quot;authorization&quot;" feature="CreditCardInitialTransactionHappyPath" assertions="4" time="55.911816"/>
    <testcase file="/project/tests/acceptance/CreditCard/CreditCardInitialTransactionHappyPath.feature" name="CreditCardInitialTransactionHappyPath: initial transaction Non 3DS | &quot;pay&quot;, &quot;20&quot;, &quot;purchase&quot;" feature="CreditCardInitialTransactionHappyPath" assertions="4" time="39.619993"/>
    <testcase file="/project/tests/acceptance/CreditCard/CreditCardInitialTransactionHappyPath.feature" name="CreditCardInitialTransactionHappyPath: initial transaction 3DS | &quot;reserve&quot;, &quot;100&quot;, &quot;authorization&quot;" feature="CreditCardInitialTransactionHappyPath" assertions="4" time="47.839369"/>
    <testcase file="/project/tests/acceptance/CreditCard/CreditCardInitialTransactionHappyPath.feature" name="CreditCardInitialTransactionHappyPath: initial transaction 3DS | &quot;pay&quot;, &quot;100&quot;, &quot;purchase&quot;" feature="CreditCardInitialTransactionHappyPath" assertions="4" time="48.235751"/>
    <testcase file="/project/tests/acceptance/CreditCard/CreditCardOneClickInitialTransactionHappyPath.feature" name="CreditCardOneClickInitialTransactionHappyPath: initial transaction | &quot;reserve&quot;, &quot;100&quot;, &quot;authorization&quot;" feature="CreditCardOneClickInitialTransactionHappyPath" assertions="9" time="81.290889"/>
    <testcase file="/project/tests/acceptance/PayPal/PayPalInitialTransactionHappyPath.feature" name="PayPalInitialTransaction: initial transaction | &quot;pay&quot;, &quot;purchase&quot;" feature="PayPalInitialTransaction" assertions="2" time="102.436841">
      <failure type="PHPUnit\Framework\ExpectationFailedException">PayPalInitialTransaction: initial transaction | "pay", "purchase"
Failed asserting that  on page /index.php?controller=order-confirmation&amp;id_cart=13&amp;id_module=64&amp;id_order=12&amp;key=10082d158ce5932d36ed4cbd397b4af4
--&gt; 500 Server Error
Oops, something went wrong.

Try to refresh this page or feel free to contact us if the problem persists.
--&gt; contains "YOUR ORDER IS CONFIRMED".

/project/tests/_support/_generated/AcceptanceTesterActions.php:344
/project/tests/_support/Step/Acceptance/ShopSystem/GenericShopSystemStep.php:183
/project/tests/_support/AcceptanceTester.php:231
/repo/app.php:46
/repo/app.php:47
/repo/codecept:7
</failure>
    </testcase>
    <testcase file="/project/tests/acceptance/PayPal/PayPalInitialTransactionHappyPath.feature" name="PayPalInitialTransaction: initial transaction | &quot;reserve&quot;, &quot;authorization&quot;" feature="PayPalInitialTransaction" assertions="3" time="101.684923"/>
  </testsuite>
</testsuites>
