<?xml version="1.0" encoding="UTF-8"?>
<testsuites>
  <testsuite name="PHPUnit" tests="21" assertions="22" failures="0" errors="0" time="352.903350">
    <testsuite name="Wirecard\Oxid\Tests\Acceptance\AlipayCrossBorderCheckoutTest" file="/var/www/html/source/modules/wirecard/paymentgateway/Tests/Acceptance/AlipayCrossBorderCheckoutTest.php" tests="0" assertions="0" failures="0" errors="0" time="0.000000"/>
    <testsuite name="Wirecard\Oxid\Tests\Acceptance\CashInAdvanceCheckoutTest" file="/var/www/html/source/modules/wirecard/paymentgateway/Tests/Acceptance/CashInAdvanceCheckoutTest.php" tests="1" assertions="1" failures="0" errors="0" time="10.946904">
      <testcase name="testCheckout" class="Wirecard\Oxid\Tests\Acceptance\CashInAdvanceCheckoutTest" file="/var/www/html/source/modules/wirecard/paymentgateway/Tests/Acceptance/CashInAdvanceCheckoutTest.php" line="22" assertions="1" time="10.946904"/>
    </testsuite>
    <testsuite name="Wirecard\Oxid\Tests\Acceptance\CreditCardCheckoutTest" file="/var/www/html/source/modules/wirecard/paymentgateway/Tests/Acceptance/CreditCardCheckoutTest.php" tests="4" assertions="4" failures="0" errors="0" time="81.087606">
      <testcase name="testCheckoutForPurchaseNonThreeD" class="Wirecard\Oxid\Tests\Acceptance\CreditCardCheckoutTest" file="/var/www/html/source/modules/wirecard/paymentgateway/Tests/Acceptance/CreditCardCheckoutTest.php" line="24" assertions="1" time="15.543818"/>
      <testcase name="testCheckoutForAuthorizeNonThreeD" class="Wirecard\Oxid\Tests\Acceptance\CreditCardCheckoutTest" file="/var/www/html/source/modules/wirecard/paymentgateway/Tests/Acceptance/CreditCardCheckoutTest.php" line="33" assertions="1" time="15.943998"/>
      <testcase name="testCheckoutForPurchaseThreeD" class="Wirecard\Oxid\Tests\Acceptance\CreditCardCheckoutTest" file="/var/www/html/source/modules/wirecard/paymentgateway/Tests/Acceptance/CreditCardCheckoutTest.php" line="42" assertions="1" time="25.898766"/>
      <testcase name="testCheckoutForAuthorizeThreeD" class="Wirecard\Oxid\Tests\Acceptance\CreditCardCheckoutTest" file="/var/www/html/source/modules/wirecard/paymentgateway/Tests/Acceptance/CreditCardCheckoutTest.php" line="53" assertions="1" time="23.701024"/>
    </testsuite>
    <testsuite name="Wirecard\Oxid\Tests\Acceptance\EpsCheckoutTest" file="/var/www/html/source/modules/wirecard/paymentgateway/Tests/Acceptance/EpsCheckoutTest.php" tests="1" assertions="1" failures="0" errors="0" time="39.784968">
      <testcase name="testCheckout" class="Wirecard\Oxid\Tests\Acceptance\EpsCheckoutTest" file="/var/www/html/source/modules/wirecard/paymentgateway/Tests/Acceptance/EpsCheckoutTest.php" line="24" assertions="1" time="39.784968"/>
    </testsuite>
    <testsuite name="Wirecard\Oxid\Tests\Acceptance\GiropayCheckoutTest" file="/var/www/html/source/modules/wirecard/paymentgateway/Tests/Acceptance/GiropayCheckoutTest.php" tests="1" assertions="1" failures="0" errors="0" time="22.103211">
      <testcase name="testCheckout" class="Wirecard\Oxid\Tests\Acceptance\GiropayCheckoutTest" file="/var/www/html/source/modules/wirecard/paymentgateway/Tests/Acceptance/GiropayCheckoutTest.php" line="24" assertions="1" time="22.103211"/>
    </testsuite>
    <testsuite name="Wirecard\Oxid\Tests\Acceptance\IdealCheckoutTest" file="/var/www/html/source/modules/wirecard/paymentgateway/Tests/Acceptance/IdealCheckoutTest.php" tests="1" assertions="1" failures="0" errors="0" time="13.319195">
      <testcase name="testCheckout" class="Wirecard\Oxid\Tests\Acceptance\IdealCheckoutTest" file="/var/www/html/source/modules/wirecard/paymentgateway/Tests/Acceptance/IdealCheckoutTest.php" line="24" assertions="1" time="13.319195"/>
    </testsuite>
    <testsuite name="Wirecard\Oxid\Tests\Acceptance\PaymentInAdvanceCheckoutTest" file="/var/www/html/source/modules/wirecard/paymentgateway/Tests/Acceptance/PaymentInAdvanceCheckoutTest.php" tests="1" assertions="2" failures="0" errors="0" time="11.503212">
      <testcase name="testCheckout" class="Wirecard\Oxid\Tests\Acceptance\PaymentInAdvanceCheckoutTest" file="/var/www/html/source/modules/wirecard/paymentgateway/Tests/Acceptance/PaymentInAdvanceCheckoutTest.php" line="24" assertions="2" time="11.503212"/>
    </testsuite>
    <testsuite name="Wirecard\Oxid\Tests\Acceptance\PaymentOnInvoiceCheckoutTest" file="/var/www/html/source/modules/wirecard/paymentgateway/Tests/Acceptance/PaymentOnInvoiceCheckoutTest.php" tests="1" assertions="1" failures="0" errors="0" time="11.281279">
      <testcase name="testCheckout" class="Wirecard\Oxid\Tests\Acceptance\PaymentOnInvoiceCheckoutTest" file="/var/www/html/source/modules/wirecard/paymentgateway/Tests/Acceptance/PaymentOnInvoiceCheckoutTest.php" line="24" assertions="1" time="11.281279"/>
    </testsuite>
    <testsuite name="Wirecard\Oxid\Tests\Acceptance\PayolutionBtowbCheckoutTest" file="/var/www/html/source/modules/wirecard/paymentgateway/Tests/Acceptance/PayolutionBtwobCheckoutTest.php" tests="2" assertions="2" failures="0" errors="0" time="28.133637">
      <testcase name="testCheckoutWithRequiredProfileData" class="Wirecard\Oxid\Tests\Acceptance\PayolutionBtowbCheckoutTest" file="/var/www/html/source/modules/wirecard/paymentgateway/Tests/Acceptance/PayolutionBtwobCheckoutTest.php" line="28" assertions="1" time="14.966191"/>
      <testcase name="testCheckoutWithoutRequiredProfileData" class="Wirecard\Oxid\Tests\Acceptance\PayolutionBtowbCheckoutTest" file="/var/www/html/source/modules/wirecard/paymentgateway/Tests/Acceptance/PayolutionBtwobCheckoutTest.php" line="36" assertions="1" time="13.167446"/>
    </testsuite>
    <testsuite name="Wirecard\Oxid\Tests\Acceptance\PayolutionInvoiceCheckoutTest" file="/var/www/html/source/modules/wirecard/paymentgateway/Tests/Acceptance/PayolutionInvoiceCheckoutTest.php" tests="2" assertions="2" failures="0" errors="0" time="27.855576">
      <testcase name="testCheckoutWithRequiredProfileData" class="Wirecard\Oxid\Tests\Acceptance\PayolutionInvoiceCheckoutTest" file="/var/www/html/source/modules/wirecard/paymentgateway/Tests/Acceptance/PayolutionInvoiceCheckoutTest.php" line="28" assertions="1" time="13.639115"/>
      <testcase name="testCheckoutWithoutRequiredProfileData" class="Wirecard\Oxid\Tests\Acceptance\PayolutionInvoiceCheckoutTest" file="/var/www/html/source/modules/wirecard/paymentgateway/Tests/Acceptance/PayolutionInvoiceCheckoutTest.php" line="36" assertions="1" time="14.216461"/>
    </testsuite>
    <testsuite name="Wirecard\Oxid\Tests\Acceptance\PaypalCheckoutTest" file="/var/www/html/source/modules/wirecard/paymentgateway/Tests/Acceptance/PaypalCheckoutTest.php" tests="0" assertions="0" failures="0" errors="0" time="0.000000"/>
    <testsuite name="Wirecard\Oxid\Tests\Acceptance\RatepayInvoiceCheckoutTest" file="/var/www/html/source/modules/wirecard/paymentgateway/Tests/Acceptance/RatepayInvoiceCheckoutTest.php" tests="2" assertions="2" failures="0" errors="0" time="25.754622">
      <testcase name="testCheckoutWithRequiredProfileData" class="Wirecard\Oxid\Tests\Acceptance\RatepayInvoiceCheckoutTest" file="/var/www/html/source/modules/wirecard/paymentgateway/Tests/Acceptance/RatepayInvoiceCheckoutTest.php" line="24" assertions="1" time="12.857131"/>
      <testcase name="testCheckoutWithoutRequiredProfileData" class="Wirecard\Oxid\Tests\Acceptance\RatepayInvoiceCheckoutTest" file="/var/www/html/source/modules/wirecard/paymentgateway/Tests/Acceptance/RatepayInvoiceCheckoutTest.php" line="32" assertions="1" time="12.897491"/>
    </testsuite>
    <testsuite name="Wirecard\Oxid\Tests\Acceptance\SepaDirectDebitCheckoutTest" file="/var/www/html/source/modules/wirecard/paymentgateway/Tests/Acceptance/SepaDirectDebitCheckoutTest.php" tests="4" assertions="4" failures="0" errors="0" time="48.998628">
      <testcase name="testCheckoutForPurchase" class="Wirecard\Oxid\Tests\Acceptance\SepaDirectDebitCheckoutTest" file="/var/www/html/source/modules/wirecard/paymentgateway/Tests/Acceptance/SepaDirectDebitCheckoutTest.php" line="24" assertions="1" time="12.724012"/>
      <testcase name="testCheckoutForAuthorize" class="Wirecard\Oxid\Tests\Acceptance\SepaDirectDebitCheckoutTest" file="/var/www/html/source/modules/wirecard/paymentgateway/Tests/Acceptance/SepaDirectDebitCheckoutTest.php" line="33" assertions="1" time="11.963155"/>
      <testcase name="testCheckoutForPurchaseWithBic" class="Wirecard\Oxid\Tests\Acceptance\SepaDirectDebitCheckoutTest" file="/var/www/html/source/modules/wirecard/paymentgateway/Tests/Acceptance/SepaDirectDebitCheckoutTest.php" line="42" assertions="1" time="11.971975"/>
      <testcase name="testCheckoutForAuthorizeWithBic" class="Wirecard\Oxid\Tests\Acceptance\SepaDirectDebitCheckoutTest" file="/var/www/html/source/modules/wirecard/paymentgateway/Tests/Acceptance/SepaDirectDebitCheckoutTest.php" line="52" assertions="1" time="12.339486"/>
    </testsuite>
    <testsuite name="Wirecard\Oxid\Tests\Acceptance\SofortCheckoutTest" file="/var/www/html/source/modules/wirecard/paymentgateway/Tests/Acceptance/SofortCheckoutTest.php" tests="1" assertions="1" failures="0" errors="0" time="32.134512">
      <testcase name="testCheckout" class="Wirecard\Oxid\Tests\Acceptance\SofortCheckoutTest" file="/var/www/html/source/modules/wirecard/paymentgateway/Tests/Acceptance/SofortCheckoutTest.php" line="24" assertions="1" time="32.134512"/>
    </testsuite>
  </testsuite>
</testsuites>
