<?xml version="1.0" encoding="UTF-8"?>
<testsuites>
  <testsuite name="acceptance" tests="3" assertions="11" failures="0" errors="1" time="1062.990616">
    <testcase file="/home/travis/build/wirecard/magento2-ee/tests/acceptance/CreditCard3DSAuthorizeHappyPath.feature" name="CreditCard3DSAuthorizeHappyPath: authorize" feature="authorize" assertions="6" time="562.179888"/>
    <testcase file="/home/travis/build/wirecard/magento2-ee/tests/acceptance/CreditCard3DSPurchaseHappyPath.feature" name="CreditCard3DSPurchaseHappyPath: purchase" feature="purchase" assertions="0" time="67.340088">
      <error type="Facebook\WebDriver\Exception\WebDriverCurlException">CreditCard3DSPurchaseHappyPath: purchase
Facebook\WebDriver\Exception\WebDriverCurlException: Curl error thrown for http GET to /session/cb061576d9a6b9d752639be5923b4f5828d90312/url

Connection timed out after 60001 milliseconds

/home/travis/build/wirecard/magento2-ee/vendor/facebook/webdriver/lib/Remote/HttpCommandExecutor.php:297
/home/travis/build/wirecard/magento2-ee/vendor/facebook/webdriver/lib/Remote/RemoteWebDriver.php:565
/home/travis/build/wirecard/magento2-ee/vendor/facebook/webdriver/lib/Remote/RemoteWebDriver.php:256
/home/travis/build/wirecard/magento2-ee/vendor/codeception/codeception/src/Codeception/Module/WebDriver.php:701
/home/travis/build/wirecard/magento2-ee/vendor/codeception/codeception/src/Codeception/Module/WebDriver.php:1198
/home/travis/build/wirecard/magento2-ee/vendor/codeception/codeception/src/Codeception/Step.php:265
/home/travis/build/wirecard/magento2-ee/vendor/codeception/codeception/src/Codeception/Scenario.php:72
/home/travis/build/wirecard/magento2-ee/tests/_support/_generated/AcceptanceTesterActions.php:955
/home/travis/build/wirecard/magento2-ee/tests/_support/AcceptanceTester.php:154
/home/travis/build/wirecard/magento2-ee/tests/_support/AcceptanceTester.php:123
/home/travis/build/wirecard/magento2-ee/tests/_support/AcceptanceTester.php:175
/home/travis/build/wirecard/magento2-ee/tests/_support/AcceptanceTester.php:244
/home/travis/build/wirecard/magento2-ee/vendor/codeception/codeception/src/Codeception/Test/Gherkin.php:142
/home/travis/build/wirecard/magento2-ee/vendor/codeception/codeception/src/Codeception/Test/Gherkin.php:83
/home/travis/build/wirecard/magento2-ee/vendor/codeception/codeception/src/Codeception/Test/Test.php:89
/home/travis/build/wirecard/magento2-ee/vendor/codeception/phpunit-wrapper/src/Runner.php:110
/home/travis/build/wirecard/magento2-ee/vendor/codeception/codeception/src/Codeception/SuiteManager.php:158
/home/travis/build/wirecard/magento2-ee/vendor/codeception/codeception/src/Codeception/Codecept.php:192
/home/travis/build/wirecard/magento2-ee/vendor/codeception/codeception/src/Codeception/Codecept.php:159
/home/travis/build/wirecard/magento2-ee/vendor/codeception/codeception/src/Codeception/Command/Run.php:495
/home/travis/build/wirecard/magento2-ee/vendor/codeception/codeception/src/Codeception/Command/Run.php:390
/home/travis/build/wirecard/magento2-ee/vendor/symfony/console/Command/Command.php:255
/home/travis/build/wirecard/magento2-ee/vendor/symfony/console/Application.php:893
/home/travis/build/wirecard/magento2-ee/vendor/symfony/console/Application.php:262
/home/travis/build/wirecard/magento2-ee/vendor/symfony/console/Application.php:145
/home/travis/build/wirecard/magento2-ee/vendor/codeception/codeception/src/Codeception/Application.php:108
</error>
    </testcase>
    <testcase file="/home/travis/build/wirecard/magento2-ee/tests/acceptance/CreditCardNon3DSPurchaseHappyPath.feature" name="CreditCardNon3DSPurchaseHappyPath: purchase" feature="purchase" assertions="5" time="433.470640"/>
  </testsuite>
</testsuites>
