<?xml version="1.0" encoding="UTF-8"?>
<testsuites name="Mocha Tests" time="47.352" tests="2" failures="1">
  <testsuite name="Root Suite" timestamp="2019-11-27T11:48:04" tests="0" failures="0" time="0">
  </testsuite>
  <testsuite name="Credit Card 3-D Authorization Secure test" timestamp="2019-11-27T11:48:04" tests="1" file="/home/travis/build/wirecard/magento-ee/tests/Selenium/Payments/CreditCard3dsAuthorizationTest.js" failures="1" time="47.352">
    <testcase name="Credit Card 3-D Authorization Secure test should check the credit card 3ds authorization payment process" time="47.352" classname="should check the credit card 3ds authorization payment process">
    </testcase>
    <testcase name="Credit Card 3-D Authorization Secure test &quot;after all&quot; hook" time="0" classname="&quot;after all&quot; hook">
      <failure message="expected &apos;payment&apos; to equal &apos;authorization&apos;" type="AssertionError"><![CDATA[AssertionError: expected 'payment' to equal 'authorization'
    at /home/travis/build/wirecard/magento-ee/tests/Selenium/common.js:56:31
    at Array.forEach (<anonymous>)
    at Query.<anonymous> (tests/Selenium/common.js:54:25)
    at Query.<anonymous> (node_modules/mysql/lib/Connection.js:525:10)
    at Query._callback (node_modules/mysql/lib/Connection.js:491:16)
    at Query.Sequence.end (node_modules/mysql/lib/protocol/sequences/Sequence.js:83:24)
    at Query._handleFinalResultPacket (node_modules/mysql/lib/protocol/sequences/Query.js:139:8)
    at Query.EofPacket (node_modules/mysql/lib/protocol/sequences/Query.js:123:8)
    at Protocol._parsePacket (node_modules/mysql/lib/protocol/Protocol.js:291:23)
    at Parser._parsePacket (node_modules/mysql/lib/protocol/Parser.js:433:10)
    at Parser.write (node_modules/mysql/lib/protocol/Parser.js:43:10)
    at Protocol.write (node_modules/mysql/lib/protocol/Protocol.js:38:16)
    at Socket.<anonymous> (node_modules/mysql/lib/Connection.js:91:28)
    at Socket.<anonymous> (node_modules/mysql/lib/Connection.js:525:10)
    at addChunk (_stream_readable.js:263:12)
    at readableAddChunk (_stream_readable.js:250:11)
    at Socket.Readable.push (_stream_readable.js:208:10)
    at TCP.onread (net.js:594:20)]]></failure>
    </testcase>
  </testsuite>
  <testsuite name="Credit Card 3-D Secure test" timestamp="2019-11-27T11:48:58" tests="1" file="/home/travis/build/wirecard/magento-ee/tests/Selenium/Payments/CreditCard3dsTest.js" failures="0" time="0">
  </testsuite>
</testsuites>