<?xml version="1.0" encoding="UTF-8"?>
<testsuites>
  <testsuite name="acceptance" tests="32" assertions="189" failures="0" errors="0" time="1352.963281">
    <testcase file="/home/travis/build/wirecard/paymentSDK-php/tests/acceptance/CreditCard3DSAuthorizationAndPostprocessingHappyPath.feature" name="CreditCard3DSAuthorizationAndPostprocessingHappyPath: authorization" feature="authorization" assertions="8" time="55.848324"/>
    <testcase file="/home/travis/build/wirecard/paymentSDK-php/tests/acceptance/CreditCard3DSAuthorizationAndPostprocessingHappyPath.feature" name="CreditCard3DSAuthorizationAndPostprocessingHappyPath: capture" feature="capture" assertions="6" time="37.245659"/>
    <testcase file="/home/travis/build/wirecard/paymentSDK-php/tests/acceptance/CreditCard3DSAuthorizationAndPostprocessingHappyPath.feature" name="CreditCard3DSAuthorizationAndPostprocessingHappyPath: refund" feature="refund" assertions="8" time="44.015240"/>
    <testcase file="/home/travis/build/wirecard/paymentSDK-php/tests/acceptance/CreditCard3DSAuthorizationAndPostprocessingHappyPath.feature" name="CreditCard3DSAuthorizationAndPostprocessingHappyPath: cancel" feature="cancel" assertions="6" time="36.296668"/>
    <testcase file="/home/travis/build/wirecard/paymentSDK-php/tests/acceptance/CreditCard3DSPurchaseAndPostprocessingHappyPath.feature" name="CreditCard3DSPurchaseAndPostprocessingHappyPath: purchase" feature="purchase" assertions="5" time="30.403700"/>
    <testcase file="/home/travis/build/wirecard/paymentSDK-php/tests/acceptance/CreditCard3DSPurchaseAndPostprocessingHappyPath.feature" name="CreditCard3DSPurchaseAndPostprocessingHappyPath: refundOrcancel" feature="refundOrcancel" assertions="6" time="38.604505"/>
    <testcase file="/home/travis/build/wirecard/paymentSDK-php/tests/acceptance/CreditCard3DSWppv2AuthorizationAndPostprocessingHappyPath.feature" name="CreditCard3DSWppv2AuthorizationAndPostprocessingHappyPath: authorization" feature="authorization" assertions="8" time="51.211228"/>
    <testcase file="/home/travis/build/wirecard/paymentSDK-php/tests/acceptance/CreditCard3DSWppv2AuthorizationAndPostprocessingHappyPath.feature" name="CreditCard3DSWppv2AuthorizationAndPostprocessingHappyPath: capture" feature="capture" assertions="6" time="36.505471"/>
    <testcase file="/home/travis/build/wirecard/paymentSDK-php/tests/acceptance/CreditCard3DSWppv2AuthorizationAndPostprocessingHappyPath.feature" name="CreditCard3DSWppv2AuthorizationAndPostprocessingHappyPath: refund" feature="refund" assertions="8" time="45.570485"/>
    <testcase file="/home/travis/build/wirecard/paymentSDK-php/tests/acceptance/CreditCard3DSWppv2AuthorizationAndPostprocessingHappyPath.feature" name="CreditCard3DSWppv2AuthorizationAndPostprocessingHappyPath: cancel" feature="cancel" assertions="6" time="38.911864"/>
    <testcase file="/home/travis/build/wirecard/paymentSDK-php/tests/acceptance/CreditCard3DSWppv2PurchaseHappyPath.feature" name="CreditCard3DSWppv2PurchaseHappyPath: purchase" feature="purchase" assertions="5" time="31.091527"/>
    <testcase file="/home/travis/build/wirecard/paymentSDK-php/tests/acceptance/CreditCard3DSWppv2PurchaseHappyPath.feature" name="CreditCard3DSWppv2PurchaseHappyPath: voidPurchase" feature="voidPurchase" assertions="6" time="39.991489"/>
    <testcase file="/home/travis/build/wirecard/paymentSDK-php/tests/acceptance/CreditCardNon3DSAuthorizationAndPostprocessingHappyPath.feature" name="CreditCardNon3DSAuthorizationAndPostprocessingHappyPath: authorization" feature="authorization" assertions="3" time="15.520374"/>
    <testcase file="/home/travis/build/wirecard/paymentSDK-php/tests/acceptance/CreditCardNon3DSAuthorizationAndPostprocessingHappyPath.feature" name="CreditCardNon3DSAuthorizationAndPostprocessingHappyPath: capture" feature="capture" assertions="5" time="42.799275"/>
    <testcase file="/home/travis/build/wirecard/paymentSDK-php/tests/acceptance/CreditCardNon3DSAuthorizationAndPostprocessingHappyPath.feature" name="CreditCardNon3DSAuthorizationAndPostprocessingHappyPath: refund" feature="refund" assertions="6" time="25.782316"/>
    <testcase file="/home/travis/build/wirecard/paymentSDK-php/tests/acceptance/CreditCardNon3DSAuthorizationAndPostprocessingHappyPath.feature" name="CreditCardNon3DSAuthorizationAndPostprocessingHappyPath: cancel" feature="cancel" assertions="4" time="21.302941"/>
    <testcase file="/home/travis/build/wirecard/paymentSDK-php/tests/acceptance/CreditCardNon3DSPurchaseAndPostprocessingHappyPath.feature" name="CreditCardNon3DSPurchaseAndPostprocessingHappyPath: purchase" feature="purchase" assertions="3" time="13.056112"/>
    <testcase file="/home/travis/build/wirecard/paymentSDK-php/tests/acceptance/CreditCardNon3DSPurchaseAndPostprocessingHappyPath.feature" name="CreditCardNon3DSPurchaseAndPostprocessingHappyPath: refundOrcancel" feature="refundOrcancel" assertions="4" time="22.193872"/>
    <testcase file="/home/travis/build/wirecard/paymentSDK-php/tests/acceptance/CreditCardNon3DSTokenizePurchaseHappyPath.feature" name="CreditCardNon3DSTokenizePurchaseHappyPath: purchase" feature="purchase" assertions="3" time="14.361515"/>
    <testcase file="/home/travis/build/wirecard/paymentSDK-php/tests/acceptance/CreditCardNon3DSTokenizePurchaseHappyPath.feature" name="CreditCardNon3DSTokenizePurchaseHappyPath: voidPurchase" feature="voidPurchase" assertions="4" time="20.824550"/>
    <testcase file="/home/travis/build/wirecard/paymentSDK-php/tests/acceptance/CreditCardNon3DSWppv2AuthorizationAndPostprocessingHappyPath.feature" name="CreditCardNon3DSWppv2AuthorizationAndPostprocessingHappyPath: authorization" feature="authorization" assertions="6" time="30.516114"/>
    <testcase file="/home/travis/build/wirecard/paymentSDK-php/tests/acceptance/CreditCardNon3DSWppv2AuthorizationAndPostprocessingHappyPath.feature" name="CreditCardNon3DSWppv2AuthorizationAndPostprocessingHappyPath: capture" feature="capture" assertions="5" time="16.963805"/>
    <testcase file="/home/travis/build/wirecard/paymentSDK-php/tests/acceptance/CreditCardNon3DSWppv2AuthorizationAndPostprocessingHappyPath.feature" name="CreditCardNon3DSWppv2AuthorizationAndPostprocessingHappyPath: refund" feature="refund" assertions="7" time="24.027446"/>
    <testcase file="/home/travis/build/wirecard/paymentSDK-php/tests/acceptance/CreditCardNon3DSWppv2AuthorizationAndPostprocessingHappyPath.feature" name="CreditCardNon3DSWppv2AuthorizationAndPostprocessingHappyPath: cancel" feature="cancel" assertions="5" time="17.168031"/>
    <testcase file="/home/travis/build/wirecard/paymentSDK-php/tests/acceptance/CreditCardNon3DSWppv2PurchaseHappyPath.feature" name="CreditCardNon3DSWppv2PurchaseHappyPath: purchase" feature="purchase" assertions="3" time="10.961738"/>
    <testcase file="/home/travis/build/wirecard/paymentSDK-php/tests/acceptance/CreditCardNon3DSWppv2PurchaseHappyPath.feature" name="CreditCardNon3DSWppv2PurchaseHappyPath: voidPurchase" feature="voidPurchase" assertions="5" time="19.276247"/>
    <testcase file="/home/travis/build/wirecard/paymentSDK-php/tests/acceptance/PayPalAuthorizationAndPostProcessingHappyPath.feature" name="PayPalAuthorizationAndPostProcessingHappyPath: authorization" feature="authorization" assertions="7" time="77.602666"/>
    <testcase file="/home/travis/build/wirecard/paymentSDK-php/tests/acceptance/PayPalAuthorizationAndPostProcessingHappyPath.feature" name="PayPalAuthorizationAndPostProcessingHappyPath: capture" feature="capture" assertions="7" time="123.007442"/>
    <testcase file="/home/travis/build/wirecard/paymentSDK-php/tests/acceptance/PayPalAuthorizationAndPostProcessingHappyPath.feature" name="PayPalAuthorizationAndPostProcessingHappyPath: refund" feature="refund" assertions="9" time="129.021136"/>
    <testcase file="/home/travis/build/wirecard/paymentSDK-php/tests/acceptance/PayPalAuthorizationAndPostProcessingHappyPath.feature" name="PayPalAuthorizationAndPostProcessingHappyPath: cancel" feature="cancel" assertions="7" time="73.513826"/>
    <testcase file="/home/travis/build/wirecard/paymentSDK-php/tests/acceptance/PayPalAuthorizationHappyPath.feature" name="PayPalAuthorizationHappyPath: authorization" feature="authorization" assertions="9" time="85.952036"/>
    <testcase file="/home/travis/build/wirecard/paymentSDK-php/tests/acceptance/PayPalPurchaseHappyPath.feature" name="PayPalPurchaseHappyPath: purchase" feature="purchase" assertions="9" time="83.415679"/>
  </testsuite>
</testsuites>
