<?xml version="1.0" encoding="UTF-8"?>
<testsuites>
  <testsuite name="acceptance" tests="32" assertions="168" failures="0" errors="3" time="1162.885410">
    <testcase file="/home/travis/build/wirecard/paymentSDK-php/tests/acceptance/CreditCard3DSAuthorizationAndPostprocessingHappyPath.feature" name="CreditCard3DSAuthorizationAndPostprocessingHappyPath: authorization" feature="authorization" assertions="8" time="59.400877"/>
    <testcase file="/home/travis/build/wirecard/paymentSDK-php/tests/acceptance/CreditCard3DSAuthorizationAndPostprocessingHappyPath.feature" name="CreditCard3DSAuthorizationAndPostprocessingHappyPath: capture" feature="capture" assertions="6" time="46.550911"/>
    <testcase file="/home/travis/build/wirecard/paymentSDK-php/tests/acceptance/CreditCard3DSAuthorizationAndPostprocessingHappyPath.feature" name="CreditCard3DSAuthorizationAndPostprocessingHappyPath: refund" feature="refund" assertions="8" time="44.377228"/>
    <testcase file="/home/travis/build/wirecard/paymentSDK-php/tests/acceptance/CreditCard3DSAuthorizationAndPostprocessingHappyPath.feature" name="CreditCard3DSAuthorizationAndPostprocessingHappyPath: cancel" feature="cancel" assertions="6" time="37.139098"/>
    <testcase file="/home/travis/build/wirecard/paymentSDK-php/tests/acceptance/CreditCard3DSPurchaseAndPostprocessingHappyPath.feature" name="CreditCard3DSPurchaseAndPostprocessingHappyPath: purchase" feature="purchase" assertions="5" time="30.991023"/>
    <testcase file="/home/travis/build/wirecard/paymentSDK-php/tests/acceptance/CreditCard3DSPurchaseAndPostprocessingHappyPath.feature" name="CreditCard3DSPurchaseAndPostprocessingHappyPath: refundOrcancel" feature="refundOrcancel" assertions="6" time="36.410516"/>
    <testcase file="/home/travis/build/wirecard/paymentSDK-php/tests/acceptance/CreditCard3DSWppv2AuthorizationAndPostprocessingHappyPath.feature" name="CreditCard3DSWppv2AuthorizationAndPostprocessingHappyPath: authorization" feature="authorization" assertions="8" time="49.421793"/>
    <testcase file="/home/travis/build/wirecard/paymentSDK-php/tests/acceptance/CreditCard3DSWppv2AuthorizationAndPostprocessingHappyPath.feature" name="CreditCard3DSWppv2AuthorizationAndPostprocessingHappyPath: capture" feature="capture" assertions="6" time="34.726912"/>
    <testcase file="/home/travis/build/wirecard/paymentSDK-php/tests/acceptance/CreditCard3DSWppv2AuthorizationAndPostprocessingHappyPath.feature" name="CreditCard3DSWppv2AuthorizationAndPostprocessingHappyPath: refund" feature="refund" assertions="8" time="41.500970"/>
    <testcase file="/home/travis/build/wirecard/paymentSDK-php/tests/acceptance/CreditCard3DSWppv2AuthorizationAndPostprocessingHappyPath.feature" name="CreditCard3DSWppv2AuthorizationAndPostprocessingHappyPath: cancel" feature="cancel" assertions="6" time="35.327095"/>
    <testcase file="/home/travis/build/wirecard/paymentSDK-php/tests/acceptance/CreditCard3DSWppv2PurchaseHappyPath.feature" name="CreditCard3DSWppv2PurchaseHappyPath: purchase" feature="purchase" assertions="5" time="29.014610"/>
    <testcase file="/home/travis/build/wirecard/paymentSDK-php/tests/acceptance/CreditCard3DSWppv2PurchaseHappyPath.feature" name="CreditCard3DSWppv2PurchaseHappyPath: voidPurchase" feature="voidPurchase" assertions="6" time="35.720917"/>
    <testcase file="/home/travis/build/wirecard/paymentSDK-php/tests/acceptance/CreditCardNon3DSAuthorizationAndPostprocessingHappyPath.feature" name="CreditCardNon3DSAuthorizationAndPostprocessingHappyPath: authorization" feature="authorization" assertions="3" time="13.631965"/>
    <testcase file="/home/travis/build/wirecard/paymentSDK-php/tests/acceptance/CreditCardNon3DSAuthorizationAndPostprocessingHappyPath.feature" name="CreditCardNon3DSAuthorizationAndPostprocessingHappyPath: capture" feature="capture" assertions="5" time="38.349338"/>
    <testcase file="/home/travis/build/wirecard/paymentSDK-php/tests/acceptance/CreditCardNon3DSAuthorizationAndPostprocessingHappyPath.feature" name="CreditCardNon3DSAuthorizationAndPostprocessingHappyPath: refund" feature="refund" assertions="6" time="30.082456"/>
    <testcase file="/home/travis/build/wirecard/paymentSDK-php/tests/acceptance/CreditCardNon3DSAuthorizationAndPostprocessingHappyPath.feature" name="CreditCardNon3DSAuthorizationAndPostprocessingHappyPath: cancel" feature="cancel" assertions="4" time="19.634633"/>
    <testcase file="/home/travis/build/wirecard/paymentSDK-php/tests/acceptance/CreditCardNon3DSPurchaseAndPostprocessingHappyPath.feature" name="CreditCardNon3DSPurchaseAndPostprocessingHappyPath: purchase" feature="purchase" assertions="3" time="13.255263"/>
    <testcase file="/home/travis/build/wirecard/paymentSDK-php/tests/acceptance/CreditCardNon3DSPurchaseAndPostprocessingHappyPath.feature" name="CreditCardNon3DSPurchaseAndPostprocessingHappyPath: refundOrcancel" feature="refundOrcancel" assertions="4" time="22.490879"/>
    <testcase file="/home/travis/build/wirecard/paymentSDK-php/tests/acceptance/CreditCardNon3DSTokenizePurchaseHappyPath.feature" name="CreditCardNon3DSTokenizePurchaseHappyPath: purchase" feature="purchase" assertions="3" time="13.343862"/>
    <testcase file="/home/travis/build/wirecard/paymentSDK-php/tests/acceptance/CreditCardNon3DSTokenizePurchaseHappyPath.feature" name="CreditCardNon3DSTokenizePurchaseHappyPath: voidPurchase" feature="voidPurchase" assertions="4" time="21.715329"/>
    <testcase file="/home/travis/build/wirecard/paymentSDK-php/tests/acceptance/CreditCardNon3DSWppv2AuthorizationAndPostprocessingHappyPath.feature" name="CreditCardNon3DSWppv2AuthorizationAndPostprocessingHappyPath: authorization" feature="authorization" assertions="6" time="29.538618"/>
    <testcase file="/home/travis/build/wirecard/paymentSDK-php/tests/acceptance/CreditCardNon3DSWppv2AuthorizationAndPostprocessingHappyPath.feature" name="CreditCardNon3DSWppv2AuthorizationAndPostprocessingHappyPath: capture" feature="capture" assertions="5" time="16.704795"/>
    <testcase file="/home/travis/build/wirecard/paymentSDK-php/tests/acceptance/CreditCardNon3DSWppv2AuthorizationAndPostprocessingHappyPath.feature" name="CreditCardNon3DSWppv2AuthorizationAndPostprocessingHappyPath: refund" feature="refund" assertions="7" time="22.818686"/>
    <testcase file="/home/travis/build/wirecard/paymentSDK-php/tests/acceptance/CreditCardNon3DSWppv2AuthorizationAndPostprocessingHappyPath.feature" name="CreditCardNon3DSWppv2AuthorizationAndPostprocessingHappyPath: cancel" feature="cancel" assertions="5" time="16.830033"/>
    <testcase file="/home/travis/build/wirecard/paymentSDK-php/tests/acceptance/CreditCardNon3DSWppv2PurchaseHappyPath.feature" name="CreditCardNon3DSWppv2PurchaseHappyPath: purchase" feature="purchase" assertions="3" time="10.449369"/>
    <testcase file="/home/travis/build/wirecard/paymentSDK-php/tests/acceptance/CreditCardNon3DSWppv2PurchaseHappyPath.feature" name="CreditCardNon3DSWppv2PurchaseHappyPath: voidPurchase" feature="voidPurchase" assertions="5" time="17.819774"/>
    <testcase file="/home/travis/build/wirecard/paymentSDK-php/tests/acceptance/PayPalAuthorizationAndPostProcessingHappyPath.feature" name="PayPalAuthorizationAndPostProcessingHappyPath: authorization" feature="authorization" assertions="7" time="69.013602"/>
    <testcase file="/home/travis/build/wirecard/paymentSDK-php/tests/acceptance/PayPalAuthorizationAndPostProcessingHappyPath.feature" name="PayPalAuthorizationAndPostProcessingHappyPath: capture" feature="capture" assertions="2" time="45.383542">
      <error type="Facebook\WebDriver\Exception\TimeoutException">PayPalAuthorizationAndPostProcessingHappyPath: capture
Facebook\WebDriver\Exception\TimeoutException: 

/home/travis/build/wirecard/paymentSDK-php/vendor/facebook/webdriver/lib/WebDriverWait.php:71
/home/travis/build/wirecard/paymentSDK-php/vendor/codeception/codeception/src/Codeception/Module/WebDriver.php:2323
/home/travis/build/wirecard/paymentSDK-php/vendor/codeception/codeception/src/Codeception/Step.php:265
/home/travis/build/wirecard/paymentSDK-php/vendor/codeception/codeception/src/Codeception/Scenario.php:72
/home/travis/build/wirecard/paymentSDK-php/tests/_support/_generated/AcceptanceTesterActions.php:2385
/home/travis/build/wirecard/paymentSDK-php/tests/_support/Page/PayPalReview.php:37
/home/travis/build/wirecard/paymentSDK-php/tests/_support/AcceptanceTester.php:277
/home/travis/build/wirecard/paymentSDK-php/vendor/codeception/codeception/src/Codeception/Test/Gherkin.php:142
/home/travis/build/wirecard/paymentSDK-php/vendor/codeception/codeception/src/Codeception/Test/Gherkin.php:83
/home/travis/build/wirecard/paymentSDK-php/vendor/codeception/codeception/src/Codeception/Test/Test.php:88
/home/travis/build/wirecard/paymentSDK-php/vendor/codeception/phpunit-wrapper/src/Runner.php:110
/home/travis/build/wirecard/paymentSDK-php/vendor/codeception/codeception/src/Codeception/SuiteManager.php:158
/home/travis/build/wirecard/paymentSDK-php/vendor/codeception/codeception/src/Codeception/Codecept.php:192
/home/travis/build/wirecard/paymentSDK-php/vendor/codeception/codeception/src/Codeception/Codecept.php:159
/home/travis/build/wirecard/paymentSDK-php/vendor/codeception/codeception/src/Codeception/Command/Run.php:494
/home/travis/build/wirecard/paymentSDK-php/vendor/codeception/codeception/src/Codeception/Command/Run.php:389
/home/travis/build/wirecard/paymentSDK-php/vendor/symfony/console/Command/Command.php:255
/home/travis/build/wirecard/paymentSDK-php/vendor/symfony/console/Application.php:1012
/home/travis/build/wirecard/paymentSDK-php/vendor/symfony/console/Application.php:272
/home/travis/build/wirecard/paymentSDK-php/vendor/symfony/console/Application.php:148
/home/travis/build/wirecard/paymentSDK-php/vendor/codeception/codeception/src/Codeception/Application.php:107
</error>
    </testcase>
    <testcase file="/home/travis/build/wirecard/paymentSDK-php/tests/acceptance/PayPalAuthorizationAndPostProcessingHappyPath.feature" name="PayPalAuthorizationAndPostProcessingHappyPath: refund" feature="refund" assertions="7" time="118.478749"/>
    <testcase file="/home/travis/build/wirecard/paymentSDK-php/tests/acceptance/PayPalAuthorizationAndPostProcessingHappyPath.feature" name="PayPalAuthorizationAndPostProcessingHappyPath: cancel" feature="cancel" assertions="2" time="45.628487">
      <error type="Facebook\WebDriver\Exception\TimeoutException">PayPalAuthorizationAndPostProcessingHappyPath: cancel
Facebook\WebDriver\Exception\TimeoutException: 

/home/travis/build/wirecard/paymentSDK-php/vendor/facebook/webdriver/lib/WebDriverWait.php:71
/home/travis/build/wirecard/paymentSDK-php/vendor/codeception/codeception/src/Codeception/Module/WebDriver.php:2323
/home/travis/build/wirecard/paymentSDK-php/vendor/codeception/codeception/src/Codeception/Step.php:265
/home/travis/build/wirecard/paymentSDK-php/vendor/codeception/codeception/src/Codeception/Scenario.php:72
/home/travis/build/wirecard/paymentSDK-php/tests/_support/_generated/AcceptanceTesterActions.php:2385
/home/travis/build/wirecard/paymentSDK-php/tests/_support/Page/PayPalReview.php:37
/home/travis/build/wirecard/paymentSDK-php/tests/_support/AcceptanceTester.php:277
/home/travis/build/wirecard/paymentSDK-php/vendor/codeception/codeception/src/Codeception/Test/Gherkin.php:142
/home/travis/build/wirecard/paymentSDK-php/vendor/codeception/codeception/src/Codeception/Test/Gherkin.php:83
/home/travis/build/wirecard/paymentSDK-php/vendor/codeception/codeception/src/Codeception/Test/Test.php:88
/home/travis/build/wirecard/paymentSDK-php/vendor/codeception/phpunit-wrapper/src/Runner.php:110
/home/travis/build/wirecard/paymentSDK-php/vendor/codeception/codeception/src/Codeception/SuiteManager.php:158
/home/travis/build/wirecard/paymentSDK-php/vendor/codeception/codeception/src/Codeception/Codecept.php:192
/home/travis/build/wirecard/paymentSDK-php/vendor/codeception/codeception/src/Codeception/Codecept.php:159
/home/travis/build/wirecard/paymentSDK-php/vendor/codeception/codeception/src/Codeception/Command/Run.php:494
/home/travis/build/wirecard/paymentSDK-php/vendor/codeception/codeception/src/Codeception/Command/Run.php:389
/home/travis/build/wirecard/paymentSDK-php/vendor/symfony/console/Command/Command.php:255
/home/travis/build/wirecard/paymentSDK-php/vendor/symfony/console/Application.php:1012
/home/travis/build/wirecard/paymentSDK-php/vendor/symfony/console/Application.php:272
/home/travis/build/wirecard/paymentSDK-php/vendor/symfony/console/Application.php:148
/home/travis/build/wirecard/paymentSDK-php/vendor/codeception/codeception/src/Codeception/Application.php:107
</error>
    </testcase>
    <testcase file="/home/travis/build/wirecard/paymentSDK-php/tests/acceptance/PayPalAuthorizationHappyPath.feature" name="PayPalAuthorizationHappyPath: authorization" feature="authorization" assertions="7" time="71.105751"/>
    <testcase file="/home/travis/build/wirecard/paymentSDK-php/tests/acceptance/PayPalPurchaseHappyPath.feature" name="PayPalPurchaseHappyPath: purchase" feature="purchase" assertions="2" time="46.028329">
      <error type="Facebook\WebDriver\Exception\TimeoutException">PayPalPurchaseHappyPath: purchase
Facebook\WebDriver\Exception\TimeoutException: 

/home/travis/build/wirecard/paymentSDK-php/vendor/facebook/webdriver/lib/WebDriverWait.php:71
/home/travis/build/wirecard/paymentSDK-php/vendor/codeception/codeception/src/Codeception/Module/WebDriver.php:2323
/home/travis/build/wirecard/paymentSDK-php/vendor/codeception/codeception/src/Codeception/Step.php:265
/home/travis/build/wirecard/paymentSDK-php/vendor/codeception/codeception/src/Codeception/Scenario.php:72
/home/travis/build/wirecard/paymentSDK-php/tests/_support/_generated/AcceptanceTesterActions.php:2385
/home/travis/build/wirecard/paymentSDK-php/tests/_support/Page/PayPalReview.php:37
/home/travis/build/wirecard/paymentSDK-php/tests/_support/AcceptanceTester.php:277
/home/travis/build/wirecard/paymentSDK-php/vendor/codeception/codeception/src/Codeception/Test/Gherkin.php:142
/home/travis/build/wirecard/paymentSDK-php/vendor/codeception/codeception/src/Codeception/Test/Gherkin.php:83
/home/travis/build/wirecard/paymentSDK-php/vendor/codeception/codeception/src/Codeception/Test/Test.php:88
/home/travis/build/wirecard/paymentSDK-php/vendor/codeception/phpunit-wrapper/src/Runner.php:110
/home/travis/build/wirecard/paymentSDK-php/vendor/codeception/codeception/src/Codeception/SuiteManager.php:158
/home/travis/build/wirecard/paymentSDK-php/vendor/codeception/codeception/src/Codeception/Codecept.php:192
/home/travis/build/wirecard/paymentSDK-php/vendor/codeception/codeception/src/Codeception/Codecept.php:159
/home/travis/build/wirecard/paymentSDK-php/vendor/codeception/codeception/src/Codeception/Command/Run.php:494
/home/travis/build/wirecard/paymentSDK-php/vendor/codeception/codeception/src/Codeception/Command/Run.php:389
/home/travis/build/wirecard/paymentSDK-php/vendor/symfony/console/Command/Command.php:255
/home/travis/build/wirecard/paymentSDK-php/vendor/symfony/console/Application.php:1012
/home/travis/build/wirecard/paymentSDK-php/vendor/symfony/console/Application.php:272
/home/travis/build/wirecard/paymentSDK-php/vendor/symfony/console/Application.php:148
/home/travis/build/wirecard/paymentSDK-php/vendor/codeception/codeception/src/Codeception/Application.php:107
</error>
    </testcase>
  </testsuite>
</testsuites>
