<?xml version="1.0" encoding="UTF-8"?>
<testsuites>
  <testsuite name="acceptance" tests="40" assertions="149" failures="3" errors="1" time="2249.126087">
    <testcase file="/home/travis/build/wirecard/paymentSDK-php/tests/acceptance/CreditCard3DSAuthorizationAndPostprocessingHappyPath.feature" name="CreditCard3DSAuthorizationAndPostprocessingHappyPath: authorization" feature="authorization" assertions="5" time="79.188322"/>
    <testcase file="/home/travis/build/wirecard/paymentSDK-php/tests/acceptance/CreditCard3DSAuthorizationAndPostprocessingHappyPath.feature" name="CreditCard3DSAuthorizationAndPostprocessingHappyPath: capture" feature="capture" assertions="6" time="89.519897"/>
    <testcase file="/home/travis/build/wirecard/paymentSDK-php/tests/acceptance/CreditCard3DSAuthorizationAndPostprocessingHappyPath.feature" name="CreditCard3DSAuthorizationAndPostprocessingHappyPath: refund" feature="refund" assertions="8" time="106.162069"/>
    <testcase file="/home/travis/build/wirecard/paymentSDK-php/tests/acceptance/CreditCard3DSAuthorizationAndPostprocessingHappyPath.feature" name="CreditCard3DSAuthorizationAndPostprocessingHappyPath: cancel" feature="cancel" assertions="6" time="86.687648"/>
    <testcase file="/home/travis/build/wirecard/paymentSDK-php/tests/acceptance/CreditCard3DSPurchaseAndPostprocessingHappyPath.feature" name="CreditCard3DSPurchaseAndPostprocessingHappyPath: purchase" feature="purchase" assertions="5" time="71.111208"/>
    <testcase file="/home/travis/build/wirecard/paymentSDK-php/tests/acceptance/CreditCard3DSPurchaseAndPostprocessingHappyPath.feature" name="CreditCard3DSPurchaseAndPostprocessingHappyPath: refundOrcancel" feature="refundOrcancel" assertions="6" time="88.695257"/>
    <testcase file="/home/travis/build/wirecard/paymentSDK-php/tests/acceptance/CreditCard3DSPurchaseHappyPath.feature" name="CrediCard3DSTokenizePurchaseHappyPath: purchase" feature="purchase" assertions="5" time="73.002561"/>
    <testcase file="/home/travis/build/wirecard/paymentSDK-php/tests/acceptance/CreditCard3DSPurchaseHappyPath.feature" name="CrediCard3DSTokenizePurchaseHappyPath: voidPurchase" feature="voidPurchase" assertions="6" time="88.534032"/>
    <testcase file="/home/travis/build/wirecard/paymentSDK-php/tests/acceptance/CreditCard3DSTokenizePurchaseErrorCards.feature" name="CreditCard3DSTokenizePurchaseErrorCards: purchaseErrorNoRedirect3DS | &quot;Card Not Enrolled VISA Data&quot;, &quot;500.1072&quot;" feature="purchaseErrorNoRedirect3DS | &quot;Card Not Enrolled VISA Data&quot;, &quot;500.1072&quot;" assertions="2" time="31.093599"/>
    <testcase file="/home/travis/build/wirecard/paymentSDK-php/tests/acceptance/CreditCard3DSTokenizePurchaseErrorCards.feature" name="CreditCard3DSTokenizePurchaseErrorCards: purchaseErrorNoRedirect3DS | &quot;Card Not Enrolled Mastercard Data&quot;, &quot;500.1072&quot;" feature="purchaseErrorNoRedirect3DS | &quot;Card Not Enrolled Mastercard Data&quot;, &quot;500.1072&quot;" assertions="2" time="28.990313"/>
    <testcase file="/home/travis/build/wirecard/paymentSDK-php/tests/acceptance/CreditCard3DSTokenizePurchaseErrorCards.feature" name="CreditCard3DSTokenizePurchaseErrorCards: purchaseErrorNoRedirect3DS | &quot;MPI Error VISA Data&quot;, &quot;500.1074&quot;" feature="purchaseErrorNoRedirect3DS | &quot;MPI Error VISA Data&quot;, &quot;500.1074&quot;" assertions="2" time="28.989382"/>
    <testcase file="/home/travis/build/wirecard/paymentSDK-php/tests/acceptance/CreditCard3DSTokenizePurchaseErrorCards.feature" name="CreditCard3DSTokenizePurchaseErrorCards: purchaseErrorNoRedirect3DS | &quot;MPI Error Mastercard Data&quot;, &quot;500.1074&quot;" feature="purchaseErrorNoRedirect3DS | &quot;MPI Error Mastercard Data&quot;, &quot;500.1074&quot;" assertions="2" time="28.695681"/>
    <testcase file="/home/travis/build/wirecard/paymentSDK-php/tests/acceptance/CreditCard3DSTokenizePurchaseErrorCards.feature" name="CreditCard3DSTokenizePurchaseErrorCards: purchaseErrorNoRedirect3DS | &quot;Card Not Enrolled Maestro Data&quot;, &quot;500.1072&quot;" feature="purchaseErrorNoRedirect3DS | &quot;Card Not Enrolled Maestro Data&quot;, &quot;500.1072&quot;" assertions="2" time="27.588204"/>
    <testcase file="/home/travis/build/wirecard/paymentSDK-php/tests/acceptance/CreditCard3DSTokenizePurchaseErrorCards.feature" name="CreditCard3DSTokenizePurchaseErrorCards: purchaseErrorNoRedirect3DS | &quot;Unable to Verify Enrolment Maestro Data&quot;, &quot;500.1073&quot;" feature="purchaseErrorNoRedirect3DS | &quot;Unable to Verify Enrolment Maestro Data&quot;, &quot;500.1073&quot;" assertions="2" time="28.113574"/>
    <testcase file="/home/travis/build/wirecard/paymentSDK-php/tests/acceptance/CreditCard3DSTokenizePurchaseErrorCards.feature" name="CreditCard3DSTokenizePurchaseErrorCards: purchaseErrorNoRedirect3DS | &quot;Unable to Verify Enrolment VISA Data&quot;, &quot;500.1073&quot;" feature="purchaseErrorNoRedirect3DS | &quot;Unable to Verify Enrolment VISA Data&quot;, &quot;500.1073&quot;" assertions="2" time="26.816944"/>
    <testcase file="/home/travis/build/wirecard/paymentSDK-php/tests/acceptance/CreditCard3DSTokenizePurchaseErrorCards.feature" name="CreditCard3DSTokenizePurchaseErrorCards: purchaseErrorNoRedirect3DS | &quot;Unable to Verify Enrolment Mastercard Data&quot;, &quot;500.1073&quot;" feature="purchaseErrorNoRedirect3DS | &quot;Unable to Verify Enrolment Mastercard Data&quot;, &quot;500.1073&quot;" assertions="2" time="26.753229"/>
    <testcase file="/home/travis/build/wirecard/paymentSDK-php/tests/acceptance/CreditCard3DSTokenizePurchaseErrorCards.feature" name="CreditCard3DSTokenizePurchaseErrorCards: purchaseErrorNoRedirect3DS | &quot;MPI Error Maestro Data&quot;, &quot;500.1074&quot;" feature="purchaseErrorNoRedirect3DS | &quot;MPI Error Maestro Data&quot;, &quot;500.1074&quot;" assertions="2" time="26.848387"/>
    <testcase file="/home/travis/build/wirecard/paymentSDK-php/tests/acceptance/CreditCard3DSTokenizePurchaseErrorCards.feature" name="CreditCard3DSTokenizePurchaseErrorCards: purchaseErrorRedirect3DS | &quot;Consumer failed or Cancelled auth VISA Data&quot;, &quot;500.1076&quot;" feature="purchaseErrorRedirect3DS | &quot;Consumer failed or Cancelled auth VISA Data&quot;, &quot;500.1076&quot;" assertions="4" time="70.474176"/>
    <testcase file="/home/travis/build/wirecard/paymentSDK-php/tests/acceptance/CreditCard3DSTokenizePurchaseErrorCards.feature" name="CreditCard3DSTokenizePurchaseErrorCards: purchaseErrorRedirect3DS | &quot;Consumer failed or Cancelled auth Mastercard Data&quot;, &quot;500.1076&quot;" feature="purchaseErrorRedirect3DS | &quot;Consumer failed or Cancelled auth Mastercard Data&quot;, &quot;500.1076&quot;" assertions="4" time="73.143432"/>
    <testcase file="/home/travis/build/wirecard/paymentSDK-php/tests/acceptance/CreditCard3DSTokenizePurchaseErrorCards.feature" name="CreditCard3DSTokenizePurchaseErrorCards: purchaseErrorRedirect3DS | &quot;Consumer failed or Cancelled auth Maestro Data&quot;, &quot;500.1076&quot;" feature="purchaseErrorRedirect3DS | &quot;Consumer failed or Cancelled auth Maestro Data&quot;, &quot;500.1076&quot;" assertions="4" time="71.615920"/>
    <testcase file="/home/travis/build/wirecard/paymentSDK-php/tests/acceptance/CreditCard3DSTokenizePurchaseErrorCards.feature" name="CreditCard3DSTokenizePurchaseErrorCards: purchaseErrorRedirect3DS | &quot;Auth not completed tech problem VISA Data&quot;, &quot;500.1077&quot;" feature="purchaseErrorRedirect3DS | &quot;Auth not completed tech problem VISA Data&quot;, &quot;500.1077&quot;" assertions="4" time="71.888701"/>
    <testcase file="/home/travis/build/wirecard/paymentSDK-php/tests/acceptance/CreditCard3DSTokenizePurchaseErrorCards.feature" name="CreditCard3DSTokenizePurchaseErrorCards: purchaseErrorRedirect3DS | &quot;Auth not completed tech problem Mastercard Data&quot;, &quot;500.1077&quot;" feature="purchaseErrorRedirect3DS | &quot;Auth not completed tech problem Mastercard Data&quot;, &quot;500.1077&quot;" assertions="4" time="74.953938"/>
    <testcase file="/home/travis/build/wirecard/paymentSDK-php/tests/acceptance/CreditCard3DSTokenizePurchaseErrorCards.feature" name="CreditCard3DSTokenizePurchaseErrorCards: purchaseErrorRedirect3DS | &quot;Auth not completed tech problem Maestro Data&quot;, &quot;500.1077&quot;" feature="purchaseErrorRedirect3DS | &quot;Auth not completed tech problem Maestro Data&quot;, &quot;500.1077&quot;" assertions="4" time="71.377258"/>
    <testcase file="/home/travis/build/wirecard/paymentSDK-php/tests/acceptance/CreditCard3DSWppv2PurchaseHappyPath.feature" name="CreditCard3DSWppv2PurchaseHappyPath: purchase" feature="purchase" assertions="5" time="78.576537"/>
    <testcase file="/home/travis/build/wirecard/paymentSDK-php/tests/acceptance/CreditCard3DSWppv2PurchaseHappyPath.feature" name="CreditCard3DSWppv2PurchaseHappyPath: voidPurchase" feature="voidPurchase" assertions="6" time="112.508019"/>
    <testcase file="/home/travis/build/wirecard/paymentSDK-php/tests/acceptance/CreditCardNon3DSAuthorizationAndPostprocessingHappyPath.feature" name="CreditCardNon3DSAuthorizationAndPostprocessingHappyPath: authorization" feature="authorization" assertions="3" time="29.929897"/>
    <testcase file="/home/travis/build/wirecard/paymentSDK-php/tests/acceptance/CreditCardNon3DSAuthorizationAndPostprocessingHappyPath.feature" name="CreditCardNon3DSAuthorizationAndPostprocessingHappyPath: capture" feature="capture" assertions="4" time="45.072331"/>
    <testcase file="/home/travis/build/wirecard/paymentSDK-php/tests/acceptance/CreditCardNon3DSAuthorizationAndPostprocessingHappyPath.feature" name="CreditCardNon3DSAuthorizationAndPostprocessingHappyPath: refund" feature="refund" assertions="6" time="60.830003"/>
    <testcase file="/home/travis/build/wirecard/paymentSDK-php/tests/acceptance/CreditCardNon3DSAuthorizationAndPostprocessingHappyPath.feature" name="CreditCardNon3DSAuthorizationAndPostprocessingHappyPath: cancel" feature="cancel" assertions="4" time="48.523497"/>
    <testcase file="/home/travis/build/wirecard/paymentSDK-php/tests/acceptance/CreditCardNon3DSPurchaseAndPostprocessingHappyPath.feature" name="CreditCardNon3DSPurchaseAndPostprocessingHappyPath: purchase" feature="purchase" assertions="3" time="30.192357"/>
    <testcase file="/home/travis/build/wirecard/paymentSDK-php/tests/acceptance/CreditCardNon3DSPurchaseAndPostprocessingHappyPath.feature" name="CreditCardNon3DSPurchaseAndPostprocessingHappyPath: refundOrcancel" feature="refundOrcancel" assertions="4" time="45.888693"/>
    <testcase file="/home/travis/build/wirecard/paymentSDK-php/tests/acceptance/CreditCardNon3DSTokenizePurchaseHappyPath.feature" name="CreditCardNon3DSTokenizePurchaseHappyPath: purchase" feature="purchase" assertions="3" time="27.689695"/>
    <testcase file="/home/travis/build/wirecard/paymentSDK-php/tests/acceptance/CreditCardNon3DSTokenizePurchaseHappyPath.feature" name="CreditCardNon3DSTokenizePurchaseHappyPath: voidPurchase" feature="voidPurchase" assertions="4" time="42.431970"/>
    <testcase file="/home/travis/build/wirecard/paymentSDK-php/tests/acceptance/CreditCardNon3DSWppv2PurchaseHappyPath.feature" name="CreditCardNon3DSWppv2PurchaseHappyPath: purchase" feature="purchase" assertions="3" time="30.075619"/>
    <testcase file="/home/travis/build/wirecard/paymentSDK-php/tests/acceptance/CreditCardNon3DSWppv2PurchaseHappyPath.feature" name="CreditCardNon3DSWppv2PurchaseHappyPath: voidPurchase" feature="voidPurchase" assertions="5" time="63.931105"/>
    <testcase file="/home/travis/build/wirecard/paymentSDK-php/tests/acceptance/PayPalAuthorizationHappyPath.feature" name="PayPalAuthorizationHappyPath: authorization" feature="authorization" assertions="7" time="104.678196"/>
    <testcase file="/home/travis/build/wirecard/paymentSDK-php/tests/acceptance/PayPalAuthorizationPostProcessingHappyPath.feature" name="PayPalAuthorizationAndPostProcessingHappyPath: authorization" feature="authorization" assertions="0" time="30.965544">
      <error type="Facebook\WebDriver\Exception\NoSuchElementException">PayPalAuthorizationAndPostProcessingHappyPath: authorization
Facebook\WebDriver\Exception\NoSuchElementException: no such element: Unable to locate element: {"method":"xpath","selector":"//*[@id='email']"}
  (Session info: chrome=75.0.3770.80)
  (Driver info: chromedriver=75.0.3770.8 (681f24ea911fe754973dda2fdc6d2a2e159dd300-refs/branch-heads/3770@{#40}),platform=Windows NT 10.0.17134 x86_64) (WARNING: The server did not provide any stacktrace information)
Command duration or timeout: 20 milliseconds
For documentation on this error, please visit: http://seleniumhq.org/exceptions/no_such_element.html
Build info: version: '2.53.0', revision: '35ae25b', time: '2016-03-15 17:00:58'
System info: host: '207-254-11-228', ip: '207.254.11.228', os.name: 'windows', os.arch: 'x86', os.version: '10.0', java.version: '1.8.0_181'
Driver info: org.openqa.selenium.chrome.ChromeDriver
Capabilities [{mobileEmulationEnabled=false, timeouts={implicit=0, pageLoad=300000, script=30000}, hasTouchScreen=false, platform=XP, acceptSslCerts=false, goog:chromeOptions={debuggerAddress=localhost:6434}, acceptInsecureCerts=false, webStorageEnabled=true, browserName=chrome, takesScreenshot=true, javascriptEnabled=true, setWindowRect=true, unexpectedAlertBehaviour=ignore, applicationCacheEnabled=false, rotatable=false, networkConnectionEnabled=false, chrome={chromedriverVersion=75.0.3770.8 (681f24ea911fe754973dda2fdc6d2a2e159dd300-refs/branch-heads/3770@{#40}), userDataDir=C:\Windows\proxy\scoped_dir6604_13952}, takesHeapSnapshot=true, pageLoadStrategy=normal, strictFileInteractability=false, databaseEnabled=false, handlesAlerts=true, version=75.0.3770.80, browserConnectionEnabled=false, proxy={}, nativeEvents=true, locationContextEnabled=true, cssSelectorsEnabled=true}]
Session ID: bfa26442d867b7fd0ab8484cd25cb1d0
*** Element info: {Using=xpath, value=//*[@id='email']}

/home/travis/build/wirecard/paymentSDK-php/vendor/facebook/webdriver/lib/Exception/WebDriverException.php:102
/home/travis/build/wirecard/paymentSDK-php/vendor/facebook/webdriver/lib/Remote/HttpCommandExecutor.php:331
/home/travis/build/wirecard/paymentSDK-php/vendor/facebook/webdriver/lib/Remote/RemoteWebDriver.php:565
/home/travis/build/wirecard/paymentSDK-php/vendor/facebook/webdriver/lib/Remote/RemoteWebDriver.php:205
/home/travis/build/wirecard/paymentSDK-php/vendor/facebook/webdriver/lib/WebDriverExpectedCondition.php:185
/home/travis/build/wirecard/paymentSDK-php/vendor/facebook/webdriver/lib/WebDriverWait.php:67
/home/travis/build/wirecard/paymentSDK-php/vendor/codeception/codeception/src/Codeception/Module/WebDriver.php:2334
/home/travis/build/wirecard/paymentSDK-php/vendor/codeception/codeception/src/Codeception/Step.php:265
/home/travis/build/wirecard/paymentSDK-php/vendor/codeception/codeception/src/Codeception/Scenario.php:72
/home/travis/build/wirecard/paymentSDK-php/tests/_support/_generated/AcceptanceTesterActions.php:2386
/home/travis/build/wirecard/paymentSDK-php/tests/_support/Page/PayPalLogin.php:43
/home/travis/build/wirecard/paymentSDK-php/tests/_support/AcceptanceTester.php:267
/home/travis/build/wirecard/paymentSDK-php/vendor/codeception/codeception/src/Codeception/Test/Gherkin.php:142
/home/travis/build/wirecard/paymentSDK-php/vendor/codeception/codeception/src/Codeception/Test/Gherkin.php:88
/home/travis/build/wirecard/paymentSDK-php/vendor/codeception/codeception/src/Codeception/Test/Test.php:89
/home/travis/build/wirecard/paymentSDK-php/vendor/codeception/phpunit-wrapper/src/Runner.php:110
/home/travis/build/wirecard/paymentSDK-php/vendor/codeception/codeception/src/Codeception/SuiteManager.php:158
/home/travis/build/wirecard/paymentSDK-php/vendor/codeception/codeception/src/Codeception/Codecept.php:192
/home/travis/build/wirecard/paymentSDK-php/vendor/codeception/codeception/src/Codeception/Codecept.php:159
/home/travis/build/wirecard/paymentSDK-php/vendor/codeception/codeception/src/Codeception/Command/Run.php:495
/home/travis/build/wirecard/paymentSDK-php/vendor/codeception/codeception/src/Codeception/Command/Run.php:390
/home/travis/build/wirecard/paymentSDK-php/vendor/symfony/console/Command/Command.php:255
/home/travis/build/wirecard/paymentSDK-php/vendor/symfony/console/Application.php:969
/home/travis/build/wirecard/paymentSDK-php/vendor/symfony/console/Application.php:255
/home/travis/build/wirecard/paymentSDK-php/vendor/symfony/console/Application.php:148
/home/travis/build/wirecard/paymentSDK-php/vendor/codeception/codeception/src/Codeception/Application.php:108
</error>
    </testcase>
    <testcase file="/home/travis/build/wirecard/paymentSDK-php/tests/acceptance/PayPalAuthorizationPostProcessingHappyPath.feature" name="PayPalAuthorizationAndPostProcessingHappyPath: capture" feature="capture" assertions="1" time="41.732535">
      <failure type="PHPUnit_Framework_ExpectationFailedException">PayPalAuthorizationAndPostProcessingHappyPath: capture
Failed asserting that '/cgi-bin/webscr?cmd=_express-checkout&amp;useraction=commit&amp;token=EC-5MY75660B12578436' contains "checkout/review".

/home/travis/build/wirecard/paymentSDK-php/vendor/codeception/codeception/src/Codeception/Util/Shared/Asserts.php:151
/home/travis/build/wirecard/paymentSDK-php/vendor/codeception/codeception/src/Codeception/Module/WebDriver.php:1167
/home/travis/build/wirecard/paymentSDK-php/vendor/codeception/codeception/src/Codeception/Step.php:265
/home/travis/build/wirecard/paymentSDK-php/vendor/codeception/codeception/src/Codeception/Scenario.php:72
/home/travis/build/wirecard/paymentSDK-php/tests/_support/_generated/AcceptanceTesterActions.php:735
/home/travis/build/wirecard/paymentSDK-php/tests/_support/AcceptanceTester.php:188
/home/travis/build/wirecard/paymentSDK-php/vendor/codeception/codeception/src/Codeception/Test/Gherkin.php:142
/home/travis/build/wirecard/paymentSDK-php/vendor/codeception/codeception/src/Codeception/Test/Gherkin.php:88
/home/travis/build/wirecard/paymentSDK-php/vendor/codeception/codeception/src/Codeception/Test/Test.php:89
/home/travis/build/wirecard/paymentSDK-php/vendor/codeception/phpunit-wrapper/src/Runner.php:110
/home/travis/build/wirecard/paymentSDK-php/vendor/codeception/codeception/src/Codeception/SuiteManager.php:158
/home/travis/build/wirecard/paymentSDK-php/vendor/codeception/codeception/src/Codeception/Codecept.php:192
/home/travis/build/wirecard/paymentSDK-php/vendor/codeception/codeception/src/Codeception/Codecept.php:159
/home/travis/build/wirecard/paymentSDK-php/vendor/codeception/codeception/src/Codeception/Command/Run.php:495
/home/travis/build/wirecard/paymentSDK-php/vendor/codeception/codeception/src/Codeception/Command/Run.php:390
/home/travis/build/wirecard/paymentSDK-php/vendor/symfony/console/Command/Command.php:255
/home/travis/build/wirecard/paymentSDK-php/vendor/symfony/console/Application.php:969
/home/travis/build/wirecard/paymentSDK-php/vendor/symfony/console/Application.php:255
/home/travis/build/wirecard/paymentSDK-php/vendor/symfony/console/Application.php:148
/home/travis/build/wirecard/paymentSDK-php/vendor/codeception/codeception/src/Codeception/Application.php:108
</failure>
    </testcase>
    <testcase file="/home/travis/build/wirecard/paymentSDK-php/tests/acceptance/PayPalAuthorizationPostProcessingHappyPath.feature" name="PayPalAuthorizationAndPostProcessingHappyPath: refund" feature="refund" assertions="1" time="45.741004">
      <failure type="PHPUnit_Framework_ExpectationFailedException">PayPalAuthorizationAndPostProcessingHappyPath: refund
Failed asserting that '/cgi-bin/webscr?cmd=_express-checkout&amp;useraction=commit&amp;token=EC-3YM175865U6308702' contains "checkout/review".

/home/travis/build/wirecard/paymentSDK-php/vendor/codeception/codeception/src/Codeception/Util/Shared/Asserts.php:151
/home/travis/build/wirecard/paymentSDK-php/vendor/codeception/codeception/src/Codeception/Module/WebDriver.php:1167
/home/travis/build/wirecard/paymentSDK-php/vendor/codeception/codeception/src/Codeception/Step.php:265
/home/travis/build/wirecard/paymentSDK-php/vendor/codeception/codeception/src/Codeception/Scenario.php:72
/home/travis/build/wirecard/paymentSDK-php/tests/_support/_generated/AcceptanceTesterActions.php:735
/home/travis/build/wirecard/paymentSDK-php/tests/_support/AcceptanceTester.php:188
/home/travis/build/wirecard/paymentSDK-php/vendor/codeception/codeception/src/Codeception/Test/Gherkin.php:142
/home/travis/build/wirecard/paymentSDK-php/vendor/codeception/codeception/src/Codeception/Test/Gherkin.php:88
/home/travis/build/wirecard/paymentSDK-php/vendor/codeception/codeception/src/Codeception/Test/Test.php:89
/home/travis/build/wirecard/paymentSDK-php/vendor/codeception/phpunit-wrapper/src/Runner.php:110
/home/travis/build/wirecard/paymentSDK-php/vendor/codeception/codeception/src/Codeception/SuiteManager.php:158
/home/travis/build/wirecard/paymentSDK-php/vendor/codeception/codeception/src/Codeception/Codecept.php:192
/home/travis/build/wirecard/paymentSDK-php/vendor/codeception/codeception/src/Codeception/Codecept.php:159
/home/travis/build/wirecard/paymentSDK-php/vendor/codeception/codeception/src/Codeception/Command/Run.php:495
/home/travis/build/wirecard/paymentSDK-php/vendor/codeception/codeception/src/Codeception/Command/Run.php:390
/home/travis/build/wirecard/paymentSDK-php/vendor/symfony/console/Command/Command.php:255
/home/travis/build/wirecard/paymentSDK-php/vendor/symfony/console/Application.php:969
/home/travis/build/wirecard/paymentSDK-php/vendor/symfony/console/Application.php:255
/home/travis/build/wirecard/paymentSDK-php/vendor/symfony/console/Application.php:148
/home/travis/build/wirecard/paymentSDK-php/vendor/codeception/codeception/src/Codeception/Application.php:108
</failure>
    </testcase>
    <testcase file="/home/travis/build/wirecard/paymentSDK-php/tests/acceptance/PayPalAuthorizationPostProcessingHappyPath.feature" name="PayPalAuthorizationAndPostProcessingHappyPath: cancel" feature="cancel" assertions="1" time="40.115353">
      <failure type="PHPUnit_Framework_ExpectationFailedException">PayPalAuthorizationAndPostProcessingHappyPath: cancel
Failed asserting that '/cgi-bin/webscr?cmd=_express-checkout&amp;useraction=commit&amp;token=EC-82H86272BA295980A' contains "checkout/review".

/home/travis/build/wirecard/paymentSDK-php/vendor/codeception/codeception/src/Codeception/Util/Shared/Asserts.php:151
/home/travis/build/wirecard/paymentSDK-php/vendor/codeception/codeception/src/Codeception/Module/WebDriver.php:1167
/home/travis/build/wirecard/paymentSDK-php/vendor/codeception/codeception/src/Codeception/Step.php:265
/home/travis/build/wirecard/paymentSDK-php/vendor/codeception/codeception/src/Codeception/Scenario.php:72
/home/travis/build/wirecard/paymentSDK-php/tests/_support/_generated/AcceptanceTesterActions.php:735
/home/travis/build/wirecard/paymentSDK-php/tests/_support/AcceptanceTester.php:188
/home/travis/build/wirecard/paymentSDK-php/vendor/codeception/codeception/src/Codeception/Test/Gherkin.php:142
/home/travis/build/wirecard/paymentSDK-php/vendor/codeception/codeception/src/Codeception/Test/Gherkin.php:88
/home/travis/build/wirecard/paymentSDK-php/vendor/codeception/codeception/src/Codeception/Test/Test.php:89
/home/travis/build/wirecard/paymentSDK-php/vendor/codeception/phpunit-wrapper/src/Runner.php:110
/home/travis/build/wirecard/paymentSDK-php/vendor/codeception/codeception/src/Codeception/SuiteManager.php:158
/home/travis/build/wirecard/paymentSDK-php/vendor/codeception/codeception/src/Codeception/Codecept.php:192
/home/travis/build/wirecard/paymentSDK-php/vendor/codeception/codeception/src/Codeception/Codecept.php:159
/home/travis/build/wirecard/paymentSDK-php/vendor/codeception/codeception/src/Codeception/Command/Run.php:495
/home/travis/build/wirecard/paymentSDK-php/vendor/codeception/codeception/src/Codeception/Command/Run.php:390
/home/travis/build/wirecard/paymentSDK-php/vendor/symfony/console/Command/Command.php:255
/home/travis/build/wirecard/paymentSDK-php/vendor/symfony/console/Application.php:969
/home/travis/build/wirecard/paymentSDK-php/vendor/symfony/console/Application.php:255
/home/travis/build/wirecard/paymentSDK-php/vendor/symfony/console/Application.php:148
/home/travis/build/wirecard/paymentSDK-php/vendor/codeception/codeception/src/Codeception/Application.php:108
</failure>
    </testcase>
  </testsuite>
</testsuites>
