<?xml version="1.0" encoding="UTF-8"?>
<testsuites>
  <testsuite name="acceptance" tests="4" assertions="23" failures="0" errors="0" time="281.842375">
    <testcase file="/home/travis/build/wirecard/woocommerce-ee/wirecard-woocommerce-extension/tests/acceptance/CreditCard3DSAuthorizationHappyPath.feature" name="CreditCard3DSAuthorizationHappyPath: authorize" feature="authorize" assertions="6" time="66.493348"/>
    <testcase file="/home/travis/build/wirecard/woocommerce-ee/wirecard-woocommerce-extension/tests/acceptance/CreditCard3DSPurchaseHappyPath.feature" name="CreditCard3DSPurchaseHappyPath: purchase" feature="purchase" assertions="6" time="65.711188"/>
    <testcase file="/home/travis/build/wirecard/woocommerce-ee/wirecard-woocommerce-extension/tests/acceptance/CreditCardNon3DSPurchaseHappyPath.feature" name="CreditCardNon3DSPurchaseHappyPath: purchase" feature="purchase" assertions="5" time="54.441895"/>
    <testcase file="/home/travis/build/wirecard/woocommerce-ee/wirecard-woocommerce-extension/tests/acceptance/PayPalPurchaseHappyPath.feature" name="PayPalPurchaseHappyPath: purchase" feature="purchase" assertions="6" time="95.195944"/>
  </testsuite>
</testsuites>
