<?xml version="1.0" encoding="UTF-8"?>
<testsuites>
  <testsuite name="acceptance" tests="30" assertions="158" failures="0" errors="3" time="1068.081684">
    <testcase file="/home/travis/build/tatsta/paymentSDK-php/tests/acceptance/CreditCard3DSAuthorizationAndPostprocessingHappyPath.feature" name="CreditCard3DSAuthorizationAndPostprocessingHappyPath: authorization" feature="authorization" assertions="8" time="55.866755"/>
    <testcase file="/home/travis/build/tatsta/paymentSDK-php/tests/acceptance/CreditCard3DSAuthorizationAndPostprocessingHappyPath.feature" name="CreditCard3DSAuthorizationAndPostprocessingHappyPath: capture" feature="capture" assertions="6" time="40.215156"/>
    <testcase file="/home/travis/build/tatsta/paymentSDK-php/tests/acceptance/CreditCard3DSAuthorizationAndPostprocessingHappyPath.feature" name="CreditCard3DSAuthorizationAndPostprocessingHappyPath: refund" feature="refund" assertions="8" time="46.106609"/>
    <testcase file="/home/travis/build/tatsta/paymentSDK-php/tests/acceptance/CreditCard3DSAuthorizationAndPostprocessingHappyPath.feature" name="CreditCard3DSAuthorizationAndPostprocessingHappyPath: cancel" feature="cancel" assertions="6" time="39.348582"/>
    <testcase file="/home/travis/build/tatsta/paymentSDK-php/tests/acceptance/CreditCard3DSPurchaseAndPostprocessingHappyPath.feature" name="CreditCard3DSPurchaseAndPostprocessingHappyPath: purchase" feature="purchase" assertions="5" time="33.676080"/>
    <testcase file="/home/travis/build/tatsta/paymentSDK-php/tests/acceptance/CreditCard3DSPurchaseAndPostprocessingHappyPath.feature" name="CreditCard3DSPurchaseAndPostprocessingHappyPath: refundOrcancel" feature="refundOrcancel" assertions="6" time="39.339153"/>
    <testcase file="/home/travis/build/tatsta/paymentSDK-php/tests/acceptance/CreditCard3DSWppv2AuthorizationAndPostprocessingHappyPath.feature" name="CreditCard3DSWppv2AuthorizationAndPostprocessingHappyPath: authorization" feature="authorization" assertions="8" time="50.511217"/>
    <testcase file="/home/travis/build/tatsta/paymentSDK-php/tests/acceptance/CreditCard3DSWppv2AuthorizationAndPostprocessingHappyPath.feature" name="CreditCard3DSWppv2AuthorizationAndPostprocessingHappyPath: capture" feature="capture" assertions="6" time="38.157869"/>
    <testcase file="/home/travis/build/tatsta/paymentSDK-php/tests/acceptance/CreditCard3DSWppv2AuthorizationAndPostprocessingHappyPath.feature" name="CreditCard3DSWppv2AuthorizationAndPostprocessingHappyPath: refund" feature="refund" assertions="8" time="45.650412"/>
    <testcase file="/home/travis/build/tatsta/paymentSDK-php/tests/acceptance/CreditCard3DSWppv2AuthorizationAndPostprocessingHappyPath.feature" name="CreditCard3DSWppv2AuthorizationAndPostprocessingHappyPath: cancel" feature="cancel" assertions="6" time="36.823168"/>
    <testcase file="/home/travis/build/tatsta/paymentSDK-php/tests/acceptance/CreditCard3DSWppv2PurchaseHappyPath.feature" name="CreditCard3DSWppv2PurchaseHappyPath: purchase" feature="purchase" assertions="5" time="30.425438"/>
    <testcase file="/home/travis/build/tatsta/paymentSDK-php/tests/acceptance/CreditCard3DSWppv2PurchaseHappyPath.feature" name="CreditCard3DSWppv2PurchaseHappyPath: voidPurchase" feature="voidPurchase" assertions="6" time="37.395853"/>
    <testcase file="/home/travis/build/tatsta/paymentSDK-php/tests/acceptance/CreditCardNon3DSAuthorizationAndPostprocessingHappyPath.feature" name="CreditCardNon3DSAuthorizationAndPostprocessingHappyPath: authorization" feature="authorization" assertions="3" time="12.011934"/>
    <testcase file="/home/travis/build/tatsta/paymentSDK-php/tests/acceptance/CreditCardNon3DSAuthorizationAndPostprocessingHappyPath.feature" name="CreditCardNon3DSAuthorizationAndPostprocessingHappyPath: capture" feature="capture" assertions="5" time="39.450825"/>
    <testcase file="/home/travis/build/tatsta/paymentSDK-php/tests/acceptance/CreditCardNon3DSAuthorizationAndPostprocessingHappyPath.feature" name="CreditCardNon3DSAuthorizationAndPostprocessingHappyPath: refund" feature="refund" assertions="6" time="27.017194"/>
    <testcase file="/home/travis/build/tatsta/paymentSDK-php/tests/acceptance/CreditCardNon3DSAuthorizationAndPostprocessingHappyPath.feature" name="CreditCardNon3DSAuthorizationAndPostprocessingHappyPath: cancel" feature="cancel" assertions="4" time="21.675953"/>
    <testcase file="/home/travis/build/tatsta/paymentSDK-php/tests/acceptance/CreditCardNon3DSPurchaseAndPostprocessingHappyPath.feature" name="CreditCardNon3DSPurchaseAndPostprocessingHappyPath: purchase" feature="purchase" assertions="3" time="14.213316"/>
    <testcase file="/home/travis/build/tatsta/paymentSDK-php/tests/acceptance/CreditCardNon3DSPurchaseAndPostprocessingHappyPath.feature" name="CreditCardNon3DSPurchaseAndPostprocessingHappyPath: refundOrcancel" feature="refundOrcancel" assertions="4" time="21.895622"/>
    <testcase file="/home/travis/build/tatsta/paymentSDK-php/tests/acceptance/CreditCardNon3DSWppv2AuthorizationAndPostprocessingHappyPath.feature" name="CreditCardNon3DSWppv2AuthorizationAndPostprocessingHappyPath: authorization" feature="authorization" assertions="6" time="32.033445"/>
    <testcase file="/home/travis/build/tatsta/paymentSDK-php/tests/acceptance/CreditCardNon3DSWppv2AuthorizationAndPostprocessingHappyPath.feature" name="CreditCardNon3DSWppv2AuthorizationAndPostprocessingHappyPath: capture" feature="capture" assertions="5" time="16.080889"/>
    <testcase file="/home/travis/build/tatsta/paymentSDK-php/tests/acceptance/CreditCardNon3DSWppv2AuthorizationAndPostprocessingHappyPath.feature" name="CreditCardNon3DSWppv2AuthorizationAndPostprocessingHappyPath: refund" feature="refund" assertions="7" time="23.932930"/>
    <testcase file="/home/travis/build/tatsta/paymentSDK-php/tests/acceptance/CreditCardNon3DSWppv2AuthorizationAndPostprocessingHappyPath.feature" name="CreditCardNon3DSWppv2AuthorizationAndPostprocessingHappyPath: cancel" feature="cancel" assertions="5" time="18.408460"/>
    <testcase file="/home/travis/build/tatsta/paymentSDK-php/tests/acceptance/CreditCardNon3DSWppv2PurchaseHappyPath.feature" name="CreditCardNon3DSWppv2PurchaseHappyPath: purchase" feature="purchase" assertions="3" time="10.747633"/>
    <testcase file="/home/travis/build/tatsta/paymentSDK-php/tests/acceptance/CreditCardNon3DSWppv2PurchaseHappyPath.feature" name="CreditCardNon3DSWppv2PurchaseHappyPath: voidPurchase" feature="voidPurchase" assertions="5" time="17.889258"/>
    <testcase file="/home/travis/build/tatsta/paymentSDK-php/tests/acceptance/PayPalAuthorizationAndPostProcessingHappyPath.feature" name="PayPalAuthorizationAndPostProcessingHappyPath: authorization" feature="authorization" assertions="1" time="39.146117">
      <error type="Facebook\WebDriver\Exception\UnknownServerException">PayPalAuthorizationAndPostProcessingHappyPath: authorization
Facebook\WebDriver\Exception\UnknownServerException: element click intercepted: Element &lt;div id="button" class="buttons reviewButton"&gt;...&lt;/div&gt; is not clickable at point (313, 594). Other element would receive the click: &lt;div class="gdprCookieBanner_buttonWrapper gdprCookieBanner_buttonWrapper-custom"&gt;...&lt;/div&gt;
  (Session info: chrome=79.0.3945.79)
  (Driver info: chromedriver=79.0.3945.16 (93fcc21110c10dbbd49bbff8f472335360e31d05-refs/branch-heads/3945@{#262}),platform=Windows NT 6.2.9200 x86_64) (WARNING: The server did not provide any stacktrace information)
Command duration or timeout: 1.16 seconds
Build info: version: '2.53.0', revision: '35ae25b', time: '2016-03-15 17:00:58'
System info: host: '207-254-11-146', ip: '207.254.11.146', os.name: 'windows', os.arch: 'x86', os.version: '6.2', java.version: '1.8.0_181'
Driver info: org.openqa.selenium.chrome.ChromeDriver
Capabilities [{mobileEmulationEnabled=false, timeouts={implicit=0, pageLoad=300000, script=30000}, hasTouchScreen=false, platform=XP, acceptSslCerts=false, goog:chromeOptions={debuggerAddress=localhost:2100}, acceptInsecureCerts=false, webStorageEnabled=true, browserName=chrome, takesScreenshot=true, javascriptEnabled=true, setWindowRect=true, unexpectedAlertBehaviour=ignore, applicationCacheEnabled=false, rotatable=false, networkConnectionEnabled=false, chrome={chromedriverVersion=79.0.3945.16 (93fcc21110c10dbbd49bbff8f472335360e31d05-refs/branch-heads/3945@{#262}), userDataDir=C:\Windows\proxy\scoped_dir2656_1077865846}, takesHeapSnapshot=true, pageLoadStrategy=normal, strictFileInteractability=false, databaseEnabled=false, handlesAlerts=true, version=79.0.3945.79, browserConnectionEnabled=false, proxy={}, nativeEvents=true, locationContextEnabled=true, cssSelectorsEnabled=true}]
Session ID: 7427ab2a0747325eaeeca268ffe4d7c3

/home/travis/build/tatsta/paymentSDK-php/vendor/facebook/webdriver/lib/Exception/WebDriverException.php:114
/home/travis/build/tatsta/paymentSDK-php/vendor/facebook/webdriver/lib/Remote/HttpCommandExecutor.php:331
/home/travis/build/tatsta/paymentSDK-php/vendor/facebook/webdriver/lib/Remote/RemoteWebDriver.php:565
/home/travis/build/tatsta/paymentSDK-php/vendor/facebook/webdriver/lib/Remote/RemoteExecuteMethod.php:40
/home/travis/build/tatsta/paymentSDK-php/vendor/facebook/webdriver/lib/Remote/RemoteWebElement.php:81
/home/travis/build/tatsta/paymentSDK-php/vendor/codeception/codeception/src/Codeception/Module/WebDriver.php:997
/home/travis/build/tatsta/paymentSDK-php/vendor/codeception/codeception/src/Codeception/Step.php:265
/home/travis/build/tatsta/paymentSDK-php/vendor/codeception/codeception/src/Codeception/Scenario.php:72
/home/travis/build/tatsta/paymentSDK-php/tests/_support/_generated/AcceptanceTesterActions.php:628
/home/travis/build/tatsta/paymentSDK-php/tests/_support/AcceptanceTester.php:228
/home/travis/build/tatsta/paymentSDK-php/vendor/codeception/codeception/src/Codeception/Test/Gherkin.php:142
/home/travis/build/tatsta/paymentSDK-php/vendor/codeception/codeception/src/Codeception/Test/Gherkin.php:83
/home/travis/build/tatsta/paymentSDK-php/vendor/codeception/codeception/src/Codeception/Test/Test.php:88
/home/travis/build/tatsta/paymentSDK-php/vendor/codeception/phpunit-wrapper/src/Runner.php:110
/home/travis/build/tatsta/paymentSDK-php/vendor/codeception/codeception/src/Codeception/SuiteManager.php:158
/home/travis/build/tatsta/paymentSDK-php/vendor/codeception/codeception/src/Codeception/Codecept.php:192
/home/travis/build/tatsta/paymentSDK-php/vendor/codeception/codeception/src/Codeception/Codecept.php:159
/home/travis/build/tatsta/paymentSDK-php/vendor/codeception/codeception/src/Codeception/Command/Run.php:494
/home/travis/build/tatsta/paymentSDK-php/vendor/codeception/codeception/src/Codeception/Command/Run.php:389
/home/travis/build/tatsta/paymentSDK-php/vendor/symfony/console/Command/Command.php:255
/home/travis/build/tatsta/paymentSDK-php/vendor/symfony/console/Application.php:1012
/home/travis/build/tatsta/paymentSDK-php/vendor/symfony/console/Application.php:272
/home/travis/build/tatsta/paymentSDK-php/vendor/symfony/console/Application.php:148
/home/travis/build/tatsta/paymentSDK-php/vendor/codeception/codeception/src/Codeception/Application.php:107
</error>
    </testcase>
    <testcase file="/home/travis/build/tatsta/paymentSDK-php/tests/acceptance/PayPalAuthorizationAndPostProcessingHappyPath.feature" name="PayPalAuthorizationAndPostProcessingHappyPath: capture" feature="capture" assertions="1" time="36.702446">
      <error type="Facebook\WebDriver\Exception\UnknownServerException">PayPalAuthorizationAndPostProcessingHappyPath: capture
Facebook\WebDriver\Exception\UnknownServerException: element click intercepted: Element &lt;div id="button" class="buttons reviewButton"&gt;...&lt;/div&gt; is not clickable at point (313, 594). Other element would receive the click: &lt;div class="gdprCookieBanner_buttonWrapper gdprCookieBanner_buttonWrapper-custom"&gt;...&lt;/div&gt;
  (Session info: chrome=79.0.3945.79)
  (Driver info: chromedriver=79.0.3945.16 (93fcc21110c10dbbd49bbff8f472335360e31d05-refs/branch-heads/3945@{#262}),platform=Windows NT 6.2.9200 x86_64) (WARNING: The server did not provide any stacktrace information)
Command duration or timeout: 1.14 seconds
Build info: version: '2.53.0', revision: '35ae25b', time: '2016-03-15 17:00:58'
System info: host: '207-254-11-146', ip: '207.254.11.146', os.name: 'windows', os.arch: 'x86', os.version: '6.2', java.version: '1.8.0_181'
Driver info: org.openqa.selenium.chrome.ChromeDriver
Capabilities [{mobileEmulationEnabled=false, timeouts={implicit=0, pageLoad=300000, script=30000}, hasTouchScreen=false, platform=XP, acceptSslCerts=false, goog:chromeOptions={debuggerAddress=localhost:2100}, acceptInsecureCerts=false, webStorageEnabled=true, browserName=chrome, takesScreenshot=true, javascriptEnabled=true, setWindowRect=true, unexpectedAlertBehaviour=ignore, applicationCacheEnabled=false, rotatable=false, networkConnectionEnabled=false, chrome={chromedriverVersion=79.0.3945.16 (93fcc21110c10dbbd49bbff8f472335360e31d05-refs/branch-heads/3945@{#262}), userDataDir=C:\Windows\proxy\scoped_dir2656_1077865846}, takesHeapSnapshot=true, pageLoadStrategy=normal, strictFileInteractability=false, databaseEnabled=false, handlesAlerts=true, version=79.0.3945.79, browserConnectionEnabled=false, proxy={}, nativeEvents=true, locationContextEnabled=true, cssSelectorsEnabled=true}]
Session ID: 7427ab2a0747325eaeeca268ffe4d7c3

/home/travis/build/tatsta/paymentSDK-php/vendor/facebook/webdriver/lib/Exception/WebDriverException.php:114
/home/travis/build/tatsta/paymentSDK-php/vendor/facebook/webdriver/lib/Remote/HttpCommandExecutor.php:331
/home/travis/build/tatsta/paymentSDK-php/vendor/facebook/webdriver/lib/Remote/RemoteWebDriver.php:565
/home/travis/build/tatsta/paymentSDK-php/vendor/facebook/webdriver/lib/Remote/RemoteExecuteMethod.php:40
/home/travis/build/tatsta/paymentSDK-php/vendor/facebook/webdriver/lib/Remote/RemoteWebElement.php:81
/home/travis/build/tatsta/paymentSDK-php/vendor/codeception/codeception/src/Codeception/Module/WebDriver.php:997
/home/travis/build/tatsta/paymentSDK-php/vendor/codeception/codeception/src/Codeception/Step.php:265
/home/travis/build/tatsta/paymentSDK-php/vendor/codeception/codeception/src/Codeception/Scenario.php:72
/home/travis/build/tatsta/paymentSDK-php/tests/_support/_generated/AcceptanceTesterActions.php:628
/home/travis/build/tatsta/paymentSDK-php/tests/_support/AcceptanceTester.php:228
/home/travis/build/tatsta/paymentSDK-php/vendor/codeception/codeception/src/Codeception/Test/Gherkin.php:142
/home/travis/build/tatsta/paymentSDK-php/vendor/codeception/codeception/src/Codeception/Test/Gherkin.php:83
/home/travis/build/tatsta/paymentSDK-php/vendor/codeception/codeception/src/Codeception/Test/Test.php:88
/home/travis/build/tatsta/paymentSDK-php/vendor/codeception/phpunit-wrapper/src/Runner.php:110
/home/travis/build/tatsta/paymentSDK-php/vendor/codeception/codeception/src/Codeception/SuiteManager.php:158
/home/travis/build/tatsta/paymentSDK-php/vendor/codeception/codeception/src/Codeception/Codecept.php:192
/home/travis/build/tatsta/paymentSDK-php/vendor/codeception/codeception/src/Codeception/Codecept.php:159
/home/travis/build/tatsta/paymentSDK-php/vendor/codeception/codeception/src/Codeception/Command/Run.php:494
/home/travis/build/tatsta/paymentSDK-php/vendor/codeception/codeception/src/Codeception/Command/Run.php:389
/home/travis/build/tatsta/paymentSDK-php/vendor/symfony/console/Command/Command.php:255
/home/travis/build/tatsta/paymentSDK-php/vendor/symfony/console/Application.php:1012
/home/travis/build/tatsta/paymentSDK-php/vendor/symfony/console/Application.php:272
/home/travis/build/tatsta/paymentSDK-php/vendor/symfony/console/Application.php:148
/home/travis/build/tatsta/paymentSDK-php/vendor/codeception/codeception/src/Codeception/Application.php:107
</error>
    </testcase>
    <testcase file="/home/travis/build/tatsta/paymentSDK-php/tests/acceptance/PayPalAuthorizationAndPostProcessingHappyPath.feature" name="PayPalAuthorizationAndPostProcessingHappyPath: refund" feature="refund" assertions="1" time="38.634096">
      <error type="Facebook\WebDriver\Exception\UnknownServerException">PayPalAuthorizationAndPostProcessingHappyPath: refund
Facebook\WebDriver\Exception\UnknownServerException: element click intercepted: Element &lt;div id="button" class="buttons reviewButton"&gt;...&lt;/div&gt; is not clickable at point (313, 594). Other element would receive the click: &lt;div class="gdprCookieBanner_buttonWrapper gdprCookieBanner_buttonWrapper-custom"&gt;...&lt;/div&gt;
  (Session info: chrome=79.0.3945.79)
  (Driver info: chromedriver=79.0.3945.16 (93fcc21110c10dbbd49bbff8f472335360e31d05-refs/branch-heads/3945@{#262}),platform=Windows NT 6.2.9200 x86_64) (WARNING: The server did not provide any stacktrace information)
Command duration or timeout: 1.17 seconds
Build info: version: '2.53.0', revision: '35ae25b', time: '2016-03-15 17:00:58'
System info: host: '207-254-11-146', ip: '207.254.11.146', os.name: 'windows', os.arch: 'x86', os.version: '6.2', java.version: '1.8.0_181'
Driver info: org.openqa.selenium.chrome.ChromeDriver
Capabilities [{mobileEmulationEnabled=false, timeouts={implicit=0, pageLoad=300000, script=30000}, hasTouchScreen=false, platform=XP, acceptSslCerts=false, goog:chromeOptions={debuggerAddress=localhost:2100}, acceptInsecureCerts=false, webStorageEnabled=true, browserName=chrome, takesScreenshot=true, javascriptEnabled=true, setWindowRect=true, unexpectedAlertBehaviour=ignore, applicationCacheEnabled=false, rotatable=false, networkConnectionEnabled=false, chrome={chromedriverVersion=79.0.3945.16 (93fcc21110c10dbbd49bbff8f472335360e31d05-refs/branch-heads/3945@{#262}), userDataDir=C:\Windows\proxy\scoped_dir2656_1077865846}, takesHeapSnapshot=true, pageLoadStrategy=normal, strictFileInteractability=false, databaseEnabled=false, handlesAlerts=true, version=79.0.3945.79, browserConnectionEnabled=false, proxy={}, nativeEvents=true, locationContextEnabled=true, cssSelectorsEnabled=true}]
Session ID: 7427ab2a0747325eaeeca268ffe4d7c3

/home/travis/build/tatsta/paymentSDK-php/vendor/facebook/webdriver/lib/Exception/WebDriverException.php:114
/home/travis/build/tatsta/paymentSDK-php/vendor/facebook/webdriver/lib/Remote/HttpCommandExecutor.php:331
/home/travis/build/tatsta/paymentSDK-php/vendor/facebook/webdriver/lib/Remote/RemoteWebDriver.php:565
/home/travis/build/tatsta/paymentSDK-php/vendor/facebook/webdriver/lib/Remote/RemoteExecuteMethod.php:40
/home/travis/build/tatsta/paymentSDK-php/vendor/facebook/webdriver/lib/Remote/RemoteWebElement.php:81
/home/travis/build/tatsta/paymentSDK-php/vendor/codeception/codeception/src/Codeception/Module/WebDriver.php:997
/home/travis/build/tatsta/paymentSDK-php/vendor/codeception/codeception/src/Codeception/Step.php:265
/home/travis/build/tatsta/paymentSDK-php/vendor/codeception/codeception/src/Codeception/Scenario.php:72
/home/travis/build/tatsta/paymentSDK-php/tests/_support/_generated/AcceptanceTesterActions.php:628
/home/travis/build/tatsta/paymentSDK-php/tests/_support/AcceptanceTester.php:228
/home/travis/build/tatsta/paymentSDK-php/vendor/codeception/codeception/src/Codeception/Test/Gherkin.php:142
/home/travis/build/tatsta/paymentSDK-php/vendor/codeception/codeception/src/Codeception/Test/Gherkin.php:83
/home/travis/build/tatsta/paymentSDK-php/vendor/codeception/codeception/src/Codeception/Test/Test.php:88
/home/travis/build/tatsta/paymentSDK-php/vendor/codeception/phpunit-wrapper/src/Runner.php:110
/home/travis/build/tatsta/paymentSDK-php/vendor/codeception/codeception/src/Codeception/SuiteManager.php:158
/home/travis/build/tatsta/paymentSDK-php/vendor/codeception/codeception/src/Codeception/Codecept.php:192
/home/travis/build/tatsta/paymentSDK-php/vendor/codeception/codeception/src/Codeception/Codecept.php:159
/home/travis/build/tatsta/paymentSDK-php/vendor/codeception/codeception/src/Codeception/Command/Run.php:494
/home/travis/build/tatsta/paymentSDK-php/vendor/codeception/codeception/src/Codeception/Command/Run.php:389
/home/travis/build/tatsta/paymentSDK-php/vendor/symfony/console/Command/Command.php:255
/home/travis/build/tatsta/paymentSDK-php/vendor/symfony/console/Application.php:1012
/home/travis/build/tatsta/paymentSDK-php/vendor/symfony/console/Application.php:272
/home/travis/build/tatsta/paymentSDK-php/vendor/symfony/console/Application.php:148
/home/travis/build/tatsta/paymentSDK-php/vendor/codeception/codeception/src/Codeception/Application.php:107
</error>
    </testcase>
    <testcase file="/home/travis/build/tatsta/paymentSDK-php/tests/acceptance/PayPalAuthorizationAndPostProcessingHappyPath.feature" name="PayPalAuthorizationAndPostProcessingHappyPath: cancel" feature="cancel" assertions="5" time="59.355218"/>
    <testcase file="/home/travis/build/tatsta/paymentSDK-php/tests/acceptance/PayPalAuthorizationHappyPath.feature" name="PayPalAuthorizationHappyPath: authorization" feature="authorization" assertions="8" time="73.101686"/>
    <testcase file="/home/travis/build/tatsta/paymentSDK-php/tests/acceptance/PayPalPurchaseHappyPath.feature" name="PayPalPurchaseHappyPath: purchase" feature="purchase" assertions="8" time="72.268370"/>
  </testsuite>
</testsuites>
