<?xml version="1.0" encoding="UTF-8"?>
<testsuites>
  <testsuite name="acceptance" tests="36" assertions="131" failures="6" errors="1" time="2027.793576">
    <testcase file="/home/travis/build/wirecard/paymentSDK-php/tests/acceptance/CreditCard3DSAuthorizationAndPostprocessingHappyPath.feature" name="CreditCard3DSAuthorizationAndPostprocessingHappyPath: authorization" feature="authorization" assertions="5" time="77.700466"/>
    <testcase file="/home/travis/build/wirecard/paymentSDK-php/tests/acceptance/CreditCard3DSAuthorizationAndPostprocessingHappyPath.feature" name="CreditCard3DSAuthorizationAndPostprocessingHappyPath: capture" feature="capture" assertions="6" time="91.439604"/>
    <testcase file="/home/travis/build/wirecard/paymentSDK-php/tests/acceptance/CreditCard3DSAuthorizationAndPostprocessingHappyPath.feature" name="CreditCard3DSAuthorizationAndPostprocessingHappyPath: refund" feature="refund" assertions="8" time="104.368357"/>
    <testcase file="/home/travis/build/wirecard/paymentSDK-php/tests/acceptance/CreditCard3DSAuthorizationAndPostprocessingHappyPath.feature" name="CreditCard3DSAuthorizationAndPostprocessingHappyPath: cancel" feature="cancel" assertions="6" time="89.268621"/>
    <testcase file="/home/travis/build/wirecard/paymentSDK-php/tests/acceptance/CreditCard3DSPurchaseAndPostprocessingHappyPath.feature" name="CreditCard3DSPurchaseAndPostprocessingHappyPath: purchase" feature="purchase" assertions="5" time="71.698093"/>
    <testcase file="/home/travis/build/wirecard/paymentSDK-php/tests/acceptance/CreditCard3DSPurchaseAndPostprocessingHappyPath.feature" name="CreditCard3DSPurchaseAndPostprocessingHappyPath: refundOrcancel" feature="refundOrcancel" assertions="6" time="91.995561"/>
    <testcase file="/home/travis/build/wirecard/paymentSDK-php/tests/acceptance/CreditCard3DSPurchaseHappyPath.feature" name="CrediCard3DSTokenizePurchaseHappyPath: purchase" feature="purchase" assertions="5" time="73.106432"/>
    <testcase file="/home/travis/build/wirecard/paymentSDK-php/tests/acceptance/CreditCard3DSPurchaseHappyPath.feature" name="CrediCard3DSTokenizePurchaseHappyPath: voidPurchase" feature="voidPurchase" assertions="6" time="88.845948"/>
    <testcase file="/home/travis/build/wirecard/paymentSDK-php/tests/acceptance/CreditCard3DSTokenizePurchaseErrorCards.feature" name="CreditCard3DSTokenizePurchaseErrorCards: purchaseErrorNoRedirect3DS | &quot;Card Not Enrolled VISA Data&quot;, &quot;500.1072&quot;" feature="purchaseErrorNoRedirect3DS | &quot;Card Not Enrolled VISA Data&quot;, &quot;500.1072&quot;" assertions="2" time="27.964848"/>
    <testcase file="/home/travis/build/wirecard/paymentSDK-php/tests/acceptance/CreditCard3DSTokenizePurchaseErrorCards.feature" name="CreditCard3DSTokenizePurchaseErrorCards: purchaseErrorNoRedirect3DS | &quot;Card Not Enrolled Mastercard Data&quot;, &quot;500.1072&quot;" feature="purchaseErrorNoRedirect3DS | &quot;Card Not Enrolled Mastercard Data&quot;, &quot;500.1072&quot;" assertions="2" time="28.318797"/>
    <testcase file="/home/travis/build/wirecard/paymentSDK-php/tests/acceptance/CreditCard3DSTokenizePurchaseErrorCards.feature" name="CreditCard3DSTokenizePurchaseErrorCards: purchaseErrorNoRedirect3DS | &quot;MPI Error VISA Data&quot;, &quot;500.1074&quot;" feature="purchaseErrorNoRedirect3DS | &quot;MPI Error VISA Data&quot;, &quot;500.1074&quot;" assertions="2" time="27.813711"/>
    <testcase file="/home/travis/build/wirecard/paymentSDK-php/tests/acceptance/CreditCard3DSTokenizePurchaseErrorCards.feature" name="CreditCard3DSTokenizePurchaseErrorCards: purchaseErrorNoRedirect3DS | &quot;MPI Error Mastercard Data&quot;, &quot;500.1074&quot;" feature="purchaseErrorNoRedirect3DS | &quot;MPI Error Mastercard Data&quot;, &quot;500.1074&quot;" assertions="2" time="27.740574"/>
    <testcase file="/home/travis/build/wirecard/paymentSDK-php/tests/acceptance/CreditCard3DSTokenizePurchaseErrorCards.feature" name="CreditCard3DSTokenizePurchaseErrorCards: purchaseErrorNoRedirect3DS | &quot;Card Not Enrolled Maestro Data&quot;, &quot;500.1072&quot;" feature="purchaseErrorNoRedirect3DS | &quot;Card Not Enrolled Maestro Data&quot;, &quot;500.1072&quot;" assertions="2" time="28.144213"/>
    <testcase file="/home/travis/build/wirecard/paymentSDK-php/tests/acceptance/CreditCard3DSTokenizePurchaseErrorCards.feature" name="CreditCard3DSTokenizePurchaseErrorCards: purchaseErrorNoRedirect3DS | &quot;Unable to Verify Enrolment Maestro Data&quot;, &quot;500.1073&quot;" feature="purchaseErrorNoRedirect3DS | &quot;Unable to Verify Enrolment Maestro Data&quot;, &quot;500.1073&quot;" assertions="2" time="29.311604"/>
    <testcase file="/home/travis/build/wirecard/paymentSDK-php/tests/acceptance/CreditCard3DSTokenizePurchaseErrorCards.feature" name="CreditCard3DSTokenizePurchaseErrorCards: purchaseErrorNoRedirect3DS | &quot;Unable to Verify Enrolment VISA Data&quot;, &quot;500.1073&quot;" feature="purchaseErrorNoRedirect3DS | &quot;Unable to Verify Enrolment VISA Data&quot;, &quot;500.1073&quot;" assertions="2" time="28.479273"/>
    <testcase file="/home/travis/build/wirecard/paymentSDK-php/tests/acceptance/CreditCard3DSTokenizePurchaseErrorCards.feature" name="CreditCard3DSTokenizePurchaseErrorCards: purchaseErrorNoRedirect3DS | &quot;Unable to Verify Enrolment Mastercard Data&quot;, &quot;500.1073&quot;" feature="purchaseErrorNoRedirect3DS | &quot;Unable to Verify Enrolment Mastercard Data&quot;, &quot;500.1073&quot;" assertions="2" time="29.022457"/>
    <testcase file="/home/travis/build/wirecard/paymentSDK-php/tests/acceptance/CreditCard3DSTokenizePurchaseErrorCards.feature" name="CreditCard3DSTokenizePurchaseErrorCards: purchaseErrorNoRedirect3DS | &quot;MPI Error Maestro Data&quot;, &quot;500.1074&quot;" feature="purchaseErrorNoRedirect3DS | &quot;MPI Error Maestro Data&quot;, &quot;500.1074&quot;" assertions="2" time="28.574703"/>
    <testcase file="/home/travis/build/wirecard/paymentSDK-php/tests/acceptance/CreditCard3DSTokenizePurchaseErrorCards.feature" name="CreditCard3DSTokenizePurchaseErrorCards: purchaseErrorRedirect3DS | &quot;Consumer failed or Cancelled auth VISA Data&quot;, &quot;500.1076&quot;" feature="purchaseErrorRedirect3DS | &quot;Consumer failed or Cancelled auth VISA Data&quot;, &quot;500.1076&quot;" assertions="4" time="72.489826"/>
    <testcase file="/home/travis/build/wirecard/paymentSDK-php/tests/acceptance/CreditCard3DSTokenizePurchaseErrorCards.feature" name="CreditCard3DSTokenizePurchaseErrorCards: purchaseErrorRedirect3DS | &quot;Consumer failed or Cancelled auth Mastercard Data&quot;, &quot;500.1076&quot;" feature="purchaseErrorRedirect3DS | &quot;Consumer failed or Cancelled auth Mastercard Data&quot;, &quot;500.1076&quot;" assertions="4" time="71.221192"/>
    <testcase file="/home/travis/build/wirecard/paymentSDK-php/tests/acceptance/CreditCard3DSTokenizePurchaseErrorCards.feature" name="CreditCard3DSTokenizePurchaseErrorCards: purchaseErrorRedirect3DS | &quot;Consumer failed or Cancelled auth Maestro Data&quot;, &quot;500.1076&quot;" feature="purchaseErrorRedirect3DS | &quot;Consumer failed or Cancelled auth Maestro Data&quot;, &quot;500.1076&quot;" assertions="1" time="48.429966">
      <error type="Facebook\WebDriver\Exception\NoSuchElementException">CreditCard3DSTokenizePurchaseErrorCards: purchaseErrorRedirect3DS | "Consumer failed or Cancelled auth Maestro Data", "500.1076"
Facebook\WebDriver\Exception\NoSuchElementException: no such element: Unable to locate element: {"method":"xpath","selector":"//*[@class='btn btn-primary']"}
  (Session info: chrome=75.0.3770.80)
  (Driver info: chromedriver=75.0.3770.140 (2d9f97485c7b07dc18a74666574f19176731995c-refs/branch-heads/3770@{#1155}),platform=Windows NT 6.3.9600 x86_64) (WARNING: The server did not provide any stacktrace information)
Command duration or timeout: 35 milliseconds
For documentation on this error, please visit: http://seleniumhq.org/exceptions/no_such_element.html
Build info: version: '2.53.0', revision: '35ae25b', time: '2016-03-15 17:00:58'
System info: host: '208-52-164-6', ip: '208.52.164.6', os.name: 'windows', os.arch: 'x86', os.version: '6.3', java.version: '1.8.0_181'
Driver info: org.openqa.selenium.chrome.ChromeDriver
Capabilities [{mobileEmulationEnabled=false, timeouts={implicit=0, pageLoad=300000, script=30000}, hasTouchScreen=false, platform=WIN8_1, acceptSslCerts=false, goog:chromeOptions={debuggerAddress=localhost:1656}, acceptInsecureCerts=false, webStorageEnabled=true, browserName=chrome, takesScreenshot=true, javascriptEnabled=true, setWindowRect=true, unexpectedAlertBehaviour=ignore, applicationCacheEnabled=false, rotatable=false, networkConnectionEnabled=false, chrome={chromedriverVersion=75.0.3770.140 (2d9f97485c7b07dc18a74666574f19176731995c-refs/branch-heads/3770@{#1155}), userDataDir=C:\Windows\proxy\scoped_dir612_7789}, takesHeapSnapshot=true, pageLoadStrategy=normal, strictFileInteractability=false, databaseEnabled=false, handlesAlerts=true, version=75.0.3770.80, browserConnectionEnabled=false, proxy={}, nativeEvents=true, locationContextEnabled=true, cssSelectorsEnabled=true}]
Session ID: a7ad7189aa4f7bc3394d0b7e9b8667bb
*** Element info: {Using=xpath, value=//*[@class='btn btn-primary']}

/home/travis/build/wirecard/paymentSDK-php/vendor/facebook/webdriver/lib/Exception/WebDriverException.php:102
/home/travis/build/wirecard/paymentSDK-php/vendor/facebook/webdriver/lib/Remote/HttpCommandExecutor.php:331
/home/travis/build/wirecard/paymentSDK-php/vendor/facebook/webdriver/lib/Remote/RemoteWebDriver.php:565
/home/travis/build/wirecard/paymentSDK-php/vendor/facebook/webdriver/lib/Remote/RemoteWebDriver.php:205
/home/travis/build/wirecard/paymentSDK-php/vendor/facebook/webdriver/lib/WebDriverExpectedCondition.php:185
/home/travis/build/wirecard/paymentSDK-php/vendor/facebook/webdriver/lib/WebDriverWait.php:67
/home/travis/build/wirecard/paymentSDK-php/vendor/codeception/codeception/src/Codeception/Module/WebDriver.php:2334
/home/travis/build/wirecard/paymentSDK-php/vendor/codeception/codeception/src/Codeception/Step.php:265
/home/travis/build/wirecard/paymentSDK-php/vendor/codeception/codeception/src/Codeception/Scenario.php:72
/home/travis/build/wirecard/paymentSDK-php/tests/_support/_generated/AcceptanceTesterActions.php:2386
/home/travis/build/wirecard/paymentSDK-php/tests/_support/AcceptanceTester.php:225
/home/travis/build/wirecard/paymentSDK-php/vendor/codeception/codeception/src/Codeception/Test/Gherkin.php:142
/home/travis/build/wirecard/paymentSDK-php/vendor/codeception/codeception/src/Codeception/Test/Gherkin.php:88
/home/travis/build/wirecard/paymentSDK-php/vendor/codeception/codeception/src/Codeception/Test/Test.php:89
/home/travis/build/wirecard/paymentSDK-php/vendor/codeception/phpunit-wrapper/src/Runner.php:110
/home/travis/build/wirecard/paymentSDK-php/vendor/codeception/codeception/src/Codeception/SuiteManager.php:158
/home/travis/build/wirecard/paymentSDK-php/vendor/codeception/codeception/src/Codeception/Codecept.php:192
/home/travis/build/wirecard/paymentSDK-php/vendor/codeception/codeception/src/Codeception/Codecept.php:159
/home/travis/build/wirecard/paymentSDK-php/vendor/codeception/codeception/src/Codeception/Command/Run.php:495
/home/travis/build/wirecard/paymentSDK-php/vendor/codeception/codeception/src/Codeception/Command/Run.php:390
/home/travis/build/wirecard/paymentSDK-php/vendor/symfony/console/Command/Command.php:255
/home/travis/build/wirecard/paymentSDK-php/vendor/symfony/console/Application.php:969
/home/travis/build/wirecard/paymentSDK-php/vendor/symfony/console/Application.php:255
/home/travis/build/wirecard/paymentSDK-php/vendor/symfony/console/Application.php:148
/home/travis/build/wirecard/paymentSDK-php/vendor/codeception/codeception/src/Codeception/Application.php:108
</error>
    </testcase>
    <testcase file="/home/travis/build/wirecard/paymentSDK-php/tests/acceptance/CreditCard3DSTokenizePurchaseErrorCards.feature" name="CreditCard3DSTokenizePurchaseErrorCards: purchaseErrorRedirect3DS | &quot;Auth not completed tech problem VISA Data&quot;, &quot;500.1077&quot;" feature="purchaseErrorRedirect3DS | &quot;Auth not completed tech problem VISA Data&quot;, &quot;500.1077&quot;" assertions="4" time="73.293346"/>
    <testcase file="/home/travis/build/wirecard/paymentSDK-php/tests/acceptance/CreditCard3DSTokenizePurchaseErrorCards.feature" name="CreditCard3DSTokenizePurchaseErrorCards: purchaseErrorRedirect3DS | &quot;Auth not completed tech problem Mastercard Data&quot;, &quot;500.1077&quot;" feature="purchaseErrorRedirect3DS | &quot;Auth not completed tech problem Mastercard Data&quot;, &quot;500.1077&quot;" assertions="4" time="73.491209"/>
    <testcase file="/home/travis/build/wirecard/paymentSDK-php/tests/acceptance/CreditCard3DSTokenizePurchaseErrorCards.feature" name="CreditCard3DSTokenizePurchaseErrorCards: purchaseErrorRedirect3DS | &quot;Auth not completed tech problem Maestro Data&quot;, &quot;500.1077&quot;" feature="purchaseErrorRedirect3DS | &quot;Auth not completed tech problem Maestro Data&quot;, &quot;500.1077&quot;" assertions="4" time="104.922812"/>
    <testcase file="/home/travis/build/wirecard/paymentSDK-php/tests/acceptance/CreditCard3DSWppv2PurchaseHappyPath.feature" name="CreditCard3DSWppv2PurchaseHappyPath: purchase" feature="purchase" assertions="5" time="76.531477"/>
    <testcase file="/home/travis/build/wirecard/paymentSDK-php/tests/acceptance/CreditCard3DSWppv2PurchaseHappyPath.feature" name="CreditCard3DSWppv2PurchaseHappyPath: voidPurchase" feature="voidPurchase" assertions="6" time="92.688985"/>
    <testcase file="/home/travis/build/wirecard/paymentSDK-php/tests/acceptance/CreditCardNon3DSAuthorizationAndPostprocessingHappyPath.feature" name="CreditCardNon3DSAuthorizationAndPostprocessingHappyPath: authorization" feature="authorization" assertions="2" time="28.582608">
      <failure type="PHPUnit_Framework_ExpectationFailedException">CreditCardNon3DSAuthorizationAndPostprocessingHappyPath: authorization
Failed asserting that  on page /examples/payments/CreditCard/reserve.php
--&gt; Payment SDK for PHP Examples
Redirect to 3-D Secure page
© 2019 Wirecard
--&gt; contains "Reservation successfully completed.".

/home/travis/build/wirecard/paymentSDK-php/vendor/codeception/codeception/src/Codeception/Util/Shared/Asserts.php:311
/home/travis/build/wirecard/paymentSDK-php/vendor/codeception/codeception/src/Codeception/Module/WebDriver.php:2933
/home/travis/build/wirecard/paymentSDK-php/vendor/codeception/codeception/src/Codeception/Module/WebDriver.php:909
/home/travis/build/wirecard/paymentSDK-php/vendor/codeception/codeception/src/Codeception/Step.php:265
/home/travis/build/wirecard/paymentSDK-php/vendor/codeception/codeception/src/Codeception/Scenario.php:72
/home/travis/build/wirecard/paymentSDK-php/tests/_support/_generated/AcceptanceTesterActions.php:360
/home/travis/build/wirecard/paymentSDK-php/tests/_support/AcceptanceTester.php:234
/home/travis/build/wirecard/paymentSDK-php/vendor/codeception/codeception/src/Codeception/Test/Gherkin.php:142
/home/travis/build/wirecard/paymentSDK-php/vendor/codeception/codeception/src/Codeception/Test/Gherkin.php:88
/home/travis/build/wirecard/paymentSDK-php/vendor/codeception/codeception/src/Codeception/Test/Test.php:89
/home/travis/build/wirecard/paymentSDK-php/vendor/codeception/phpunit-wrapper/src/Runner.php:110
/home/travis/build/wirecard/paymentSDK-php/vendor/codeception/codeception/src/Codeception/SuiteManager.php:158
/home/travis/build/wirecard/paymentSDK-php/vendor/codeception/codeception/src/Codeception/Codecept.php:192
/home/travis/build/wirecard/paymentSDK-php/vendor/codeception/codeception/src/Codeception/Codecept.php:159
/home/travis/build/wirecard/paymentSDK-php/vendor/codeception/codeception/src/Codeception/Command/Run.php:495
/home/travis/build/wirecard/paymentSDK-php/vendor/codeception/codeception/src/Codeception/Command/Run.php:390
/home/travis/build/wirecard/paymentSDK-php/vendor/symfony/console/Command/Command.php:255
/home/travis/build/wirecard/paymentSDK-php/vendor/symfony/console/Application.php:969
/home/travis/build/wirecard/paymentSDK-php/vendor/symfony/console/Application.php:255
/home/travis/build/wirecard/paymentSDK-php/vendor/symfony/console/Application.php:148
/home/travis/build/wirecard/paymentSDK-php/vendor/codeception/codeception/src/Codeception/Application.php:108
</failure>
    </testcase>
    <testcase file="/home/travis/build/wirecard/paymentSDK-php/tests/acceptance/CreditCardNon3DSAuthorizationAndPostprocessingHappyPath.feature" name="CreditCardNon3DSAuthorizationAndPostprocessingHappyPath: capture" feature="capture" assertions="2" time="28.438976">
      <failure type="PHPUnit_Framework_ExpectationFailedException">CreditCardNon3DSAuthorizationAndPostprocessingHappyPath: capture
Failed asserting that  on page /examples/payments/CreditCard/reserve.php
--&gt; Payment SDK for PHP Examples
Redirect to 3-D Secure page
© 2019 Wirecard
--&gt; contains "Transaction ID".

/home/travis/build/wirecard/paymentSDK-php/vendor/codeception/codeception/src/Codeception/Util/Shared/Asserts.php:311
/home/travis/build/wirecard/paymentSDK-php/vendor/codeception/codeception/src/Codeception/Module/WebDriver.php:2933
/home/travis/build/wirecard/paymentSDK-php/vendor/codeception/codeception/src/Codeception/Module/WebDriver.php:909
/home/travis/build/wirecard/paymentSDK-php/vendor/codeception/codeception/src/Codeception/Step.php:265
/home/travis/build/wirecard/paymentSDK-php/vendor/codeception/codeception/src/Codeception/Scenario.php:72
/home/travis/build/wirecard/paymentSDK-php/tests/_support/_generated/AcceptanceTesterActions.php:360
/home/travis/build/wirecard/paymentSDK-php/tests/_support/AcceptanceTester.php:234
/home/travis/build/wirecard/paymentSDK-php/vendor/codeception/codeception/src/Codeception/Test/Gherkin.php:142
/home/travis/build/wirecard/paymentSDK-php/vendor/codeception/codeception/src/Codeception/Test/Gherkin.php:88
/home/travis/build/wirecard/paymentSDK-php/vendor/codeception/codeception/src/Codeception/Test/Test.php:89
/home/travis/build/wirecard/paymentSDK-php/vendor/codeception/phpunit-wrapper/src/Runner.php:110
/home/travis/build/wirecard/paymentSDK-php/vendor/codeception/codeception/src/Codeception/SuiteManager.php:158
/home/travis/build/wirecard/paymentSDK-php/vendor/codeception/codeception/src/Codeception/Codecept.php:192
/home/travis/build/wirecard/paymentSDK-php/vendor/codeception/codeception/src/Codeception/Codecept.php:159
/home/travis/build/wirecard/paymentSDK-php/vendor/codeception/codeception/src/Codeception/Command/Run.php:495
/home/travis/build/wirecard/paymentSDK-php/vendor/codeception/codeception/src/Codeception/Command/Run.php:390
/home/travis/build/wirecard/paymentSDK-php/vendor/symfony/console/Command/Command.php:255
/home/travis/build/wirecard/paymentSDK-php/vendor/symfony/console/Application.php:969
/home/travis/build/wirecard/paymentSDK-php/vendor/symfony/console/Application.php:255
/home/travis/build/wirecard/paymentSDK-php/vendor/symfony/console/Application.php:148
/home/travis/build/wirecard/paymentSDK-php/vendor/codeception/codeception/src/Codeception/Application.php:108
</failure>
    </testcase>
    <testcase file="/home/travis/build/wirecard/paymentSDK-php/tests/acceptance/CreditCardNon3DSAuthorizationAndPostprocessingHappyPath.feature" name="CreditCardNon3DSAuthorizationAndPostprocessingHappyPath: refund" feature="refund" assertions="2" time="29.477550">
      <failure type="PHPUnit_Framework_ExpectationFailedException">CreditCardNon3DSAuthorizationAndPostprocessingHappyPath: refund
Failed asserting that  on page /examples/payments/CreditCard/reserve.php
--&gt; Payment SDK for PHP Examples
Redirect to 3-D Secure page
© 2019 Wirecard
--&gt; contains "Transaction ID".

/home/travis/build/wirecard/paymentSDK-php/vendor/codeception/codeception/src/Codeception/Util/Shared/Asserts.php:311
/home/travis/build/wirecard/paymentSDK-php/vendor/codeception/codeception/src/Codeception/Module/WebDriver.php:2933
/home/travis/build/wirecard/paymentSDK-php/vendor/codeception/codeception/src/Codeception/Module/WebDriver.php:909
/home/travis/build/wirecard/paymentSDK-php/vendor/codeception/codeception/src/Codeception/Step.php:265
/home/travis/build/wirecard/paymentSDK-php/vendor/codeception/codeception/src/Codeception/Scenario.php:72
/home/travis/build/wirecard/paymentSDK-php/tests/_support/_generated/AcceptanceTesterActions.php:360
/home/travis/build/wirecard/paymentSDK-php/tests/_support/AcceptanceTester.php:234
/home/travis/build/wirecard/paymentSDK-php/vendor/codeception/codeception/src/Codeception/Test/Gherkin.php:142
/home/travis/build/wirecard/paymentSDK-php/vendor/codeception/codeception/src/Codeception/Test/Gherkin.php:88
/home/travis/build/wirecard/paymentSDK-php/vendor/codeception/codeception/src/Codeception/Test/Test.php:89
/home/travis/build/wirecard/paymentSDK-php/vendor/codeception/phpunit-wrapper/src/Runner.php:110
/home/travis/build/wirecard/paymentSDK-php/vendor/codeception/codeception/src/Codeception/SuiteManager.php:158
/home/travis/build/wirecard/paymentSDK-php/vendor/codeception/codeception/src/Codeception/Codecept.php:192
/home/travis/build/wirecard/paymentSDK-php/vendor/codeception/codeception/src/Codeception/Codecept.php:159
/home/travis/build/wirecard/paymentSDK-php/vendor/codeception/codeception/src/Codeception/Command/Run.php:495
/home/travis/build/wirecard/paymentSDK-php/vendor/codeception/codeception/src/Codeception/Command/Run.php:390
/home/travis/build/wirecard/paymentSDK-php/vendor/symfony/console/Command/Command.php:255
/home/travis/build/wirecard/paymentSDK-php/vendor/symfony/console/Application.php:969
/home/travis/build/wirecard/paymentSDK-php/vendor/symfony/console/Application.php:255
/home/travis/build/wirecard/paymentSDK-php/vendor/symfony/console/Application.php:148
/home/travis/build/wirecard/paymentSDK-php/vendor/codeception/codeception/src/Codeception/Application.php:108
</failure>
    </testcase>
    <testcase file="/home/travis/build/wirecard/paymentSDK-php/tests/acceptance/CreditCardNon3DSAuthorizationAndPostprocessingHappyPath.feature" name="CreditCardNon3DSAuthorizationAndPostprocessingHappyPath: cancel" feature="cancel" assertions="2" time="27.093975">
      <failure type="PHPUnit_Framework_ExpectationFailedException">CreditCardNon3DSAuthorizationAndPostprocessingHappyPath: cancel
Failed asserting that  on page /examples/payments/CreditCard/reserve.php
--&gt; Payment SDK for PHP Examples
Redirect to 3-D Secure page
© 2019 Wirecard
--&gt; contains "Transaction ID".

/home/travis/build/wirecard/paymentSDK-php/vendor/codeception/codeception/src/Codeception/Util/Shared/Asserts.php:311
/home/travis/build/wirecard/paymentSDK-php/vendor/codeception/codeception/src/Codeception/Module/WebDriver.php:2933
/home/travis/build/wirecard/paymentSDK-php/vendor/codeception/codeception/src/Codeception/Module/WebDriver.php:909
/home/travis/build/wirecard/paymentSDK-php/vendor/codeception/codeception/src/Codeception/Step.php:265
/home/travis/build/wirecard/paymentSDK-php/vendor/codeception/codeception/src/Codeception/Scenario.php:72
/home/travis/build/wirecard/paymentSDK-php/tests/_support/_generated/AcceptanceTesterActions.php:360
/home/travis/build/wirecard/paymentSDK-php/tests/_support/AcceptanceTester.php:234
/home/travis/build/wirecard/paymentSDK-php/vendor/codeception/codeception/src/Codeception/Test/Gherkin.php:142
/home/travis/build/wirecard/paymentSDK-php/vendor/codeception/codeception/src/Codeception/Test/Gherkin.php:88
/home/travis/build/wirecard/paymentSDK-php/vendor/codeception/codeception/src/Codeception/Test/Test.php:89
/home/travis/build/wirecard/paymentSDK-php/vendor/codeception/phpunit-wrapper/src/Runner.php:110
/home/travis/build/wirecard/paymentSDK-php/vendor/codeception/codeception/src/Codeception/SuiteManager.php:158
/home/travis/build/wirecard/paymentSDK-php/vendor/codeception/codeception/src/Codeception/Codecept.php:192
/home/travis/build/wirecard/paymentSDK-php/vendor/codeception/codeception/src/Codeception/Codecept.php:159
/home/travis/build/wirecard/paymentSDK-php/vendor/codeception/codeception/src/Codeception/Command/Run.php:495
/home/travis/build/wirecard/paymentSDK-php/vendor/codeception/codeception/src/Codeception/Command/Run.php:390
/home/travis/build/wirecard/paymentSDK-php/vendor/symfony/console/Command/Command.php:255
/home/travis/build/wirecard/paymentSDK-php/vendor/symfony/console/Application.php:969
/home/travis/build/wirecard/paymentSDK-php/vendor/symfony/console/Application.php:255
/home/travis/build/wirecard/paymentSDK-php/vendor/symfony/console/Application.php:148
/home/travis/build/wirecard/paymentSDK-php/vendor/codeception/codeception/src/Codeception/Application.php:108
</failure>
    </testcase>
    <testcase file="/home/travis/build/wirecard/paymentSDK-php/tests/acceptance/CreditCardNon3DSPurchaseAndPostprocessingHappyPath.feature" name="CreditCardNon3DSPurchaseAndPostprocessingHappyPath: purchase" feature="purchase" assertions="2" time="26.941772">
      <failure type="PHPUnit_Framework_ExpectationFailedException">CreditCardNon3DSPurchaseAndPostprocessingHappyPath: purchase
Failed asserting that  on page /examples/payments/CreditCard/reserve.php
--&gt; Payment SDK for PHP Examples
Redirect to 3-D Secure page
© 2019 Wirecard
--&gt; contains "Reservation successfully completed.".

/home/travis/build/wirecard/paymentSDK-php/vendor/codeception/codeception/src/Codeception/Util/Shared/Asserts.php:311
/home/travis/build/wirecard/paymentSDK-php/vendor/codeception/codeception/src/Codeception/Module/WebDriver.php:2933
/home/travis/build/wirecard/paymentSDK-php/vendor/codeception/codeception/src/Codeception/Module/WebDriver.php:909
/home/travis/build/wirecard/paymentSDK-php/vendor/codeception/codeception/src/Codeception/Step.php:265
/home/travis/build/wirecard/paymentSDK-php/vendor/codeception/codeception/src/Codeception/Scenario.php:72
/home/travis/build/wirecard/paymentSDK-php/tests/_support/_generated/AcceptanceTesterActions.php:360
/home/travis/build/wirecard/paymentSDK-php/tests/_support/AcceptanceTester.php:234
/home/travis/build/wirecard/paymentSDK-php/vendor/codeception/codeception/src/Codeception/Test/Gherkin.php:142
/home/travis/build/wirecard/paymentSDK-php/vendor/codeception/codeception/src/Codeception/Test/Gherkin.php:88
/home/travis/build/wirecard/paymentSDK-php/vendor/codeception/codeception/src/Codeception/Test/Test.php:89
/home/travis/build/wirecard/paymentSDK-php/vendor/codeception/phpunit-wrapper/src/Runner.php:110
/home/travis/build/wirecard/paymentSDK-php/vendor/codeception/codeception/src/Codeception/SuiteManager.php:158
/home/travis/build/wirecard/paymentSDK-php/vendor/codeception/codeception/src/Codeception/Codecept.php:192
/home/travis/build/wirecard/paymentSDK-php/vendor/codeception/codeception/src/Codeception/Codecept.php:159
/home/travis/build/wirecard/paymentSDK-php/vendor/codeception/codeception/src/Codeception/Command/Run.php:495
/home/travis/build/wirecard/paymentSDK-php/vendor/codeception/codeception/src/Codeception/Command/Run.php:390
/home/travis/build/wirecard/paymentSDK-php/vendor/symfony/console/Command/Command.php:255
/home/travis/build/wirecard/paymentSDK-php/vendor/symfony/console/Application.php:969
/home/travis/build/wirecard/paymentSDK-php/vendor/symfony/console/Application.php:255
/home/travis/build/wirecard/paymentSDK-php/vendor/symfony/console/Application.php:148
/home/travis/build/wirecard/paymentSDK-php/vendor/codeception/codeception/src/Codeception/Application.php:108
</failure>
    </testcase>
    <testcase file="/home/travis/build/wirecard/paymentSDK-php/tests/acceptance/CreditCardNon3DSPurchaseAndPostprocessingHappyPath.feature" name="CreditCardNon3DSPurchaseAndPostprocessingHappyPath: refundOrcancel" feature="refundOrcancel" assertions="2" time="29.322222">
      <failure type="PHPUnit_Framework_ExpectationFailedException">CreditCardNon3DSPurchaseAndPostprocessingHappyPath: refundOrcancel
Failed asserting that  on page /examples/payments/CreditCard/reserve.php
--&gt; Payment SDK for PHP Examples
Redirect to 3-D Secure page
© 2019 Wirecard
--&gt; contains "Transaction ID".

/home/travis/build/wirecard/paymentSDK-php/vendor/codeception/codeception/src/Codeception/Util/Shared/Asserts.php:311
/home/travis/build/wirecard/paymentSDK-php/vendor/codeception/codeception/src/Codeception/Module/WebDriver.php:2933
/home/travis/build/wirecard/paymentSDK-php/vendor/codeception/codeception/src/Codeception/Module/WebDriver.php:909
/home/travis/build/wirecard/paymentSDK-php/vendor/codeception/codeception/src/Codeception/Step.php:265
/home/travis/build/wirecard/paymentSDK-php/vendor/codeception/codeception/src/Codeception/Scenario.php:72
/home/travis/build/wirecard/paymentSDK-php/tests/_support/_generated/AcceptanceTesterActions.php:360
/home/travis/build/wirecard/paymentSDK-php/tests/_support/AcceptanceTester.php:234
/home/travis/build/wirecard/paymentSDK-php/vendor/codeception/codeception/src/Codeception/Test/Gherkin.php:142
/home/travis/build/wirecard/paymentSDK-php/vendor/codeception/codeception/src/Codeception/Test/Gherkin.php:88
/home/travis/build/wirecard/paymentSDK-php/vendor/codeception/codeception/src/Codeception/Test/Test.php:89
/home/travis/build/wirecard/paymentSDK-php/vendor/codeception/phpunit-wrapper/src/Runner.php:110
/home/travis/build/wirecard/paymentSDK-php/vendor/codeception/codeception/src/Codeception/SuiteManager.php:158
/home/travis/build/wirecard/paymentSDK-php/vendor/codeception/codeception/src/Codeception/Codecept.php:192
/home/travis/build/wirecard/paymentSDK-php/vendor/codeception/codeception/src/Codeception/Codecept.php:159
/home/travis/build/wirecard/paymentSDK-php/vendor/codeception/codeception/src/Codeception/Command/Run.php:495
/home/travis/build/wirecard/paymentSDK-php/vendor/codeception/codeception/src/Codeception/Command/Run.php:390
/home/travis/build/wirecard/paymentSDK-php/vendor/symfony/console/Command/Command.php:255
/home/travis/build/wirecard/paymentSDK-php/vendor/symfony/console/Application.php:969
/home/travis/build/wirecard/paymentSDK-php/vendor/symfony/console/Application.php:255
/home/travis/build/wirecard/paymentSDK-php/vendor/symfony/console/Application.php:148
/home/travis/build/wirecard/paymentSDK-php/vendor/codeception/codeception/src/Codeception/Application.php:108
</failure>
    </testcase>
    <testcase file="/home/travis/build/wirecard/paymentSDK-php/tests/acceptance/CreditCardNon3DSTokenizePurchaseHappyPath.feature" name="CreditCardNon3DSTokenizePurchaseHappyPath: purchase" feature="purchase" assertions="3" time="31.958951"/>
    <testcase file="/home/travis/build/wirecard/paymentSDK-php/tests/acceptance/CreditCardNon3DSTokenizePurchaseHappyPath.feature" name="CreditCardNon3DSTokenizePurchaseHappyPath: voidPurchase" feature="voidPurchase" assertions="4" time="46.417286"/>
    <testcase file="/home/travis/build/wirecard/paymentSDK-php/tests/acceptance/CreditCardNon3DSWppv2PurchaseHappyPath.feature" name="CreditCardNon3DSWppv2PurchaseHappyPath: purchase" feature="purchase" assertions="3" time="30.860519"/>
    <testcase file="/home/travis/build/wirecard/paymentSDK-php/tests/acceptance/CreditCardNon3DSWppv2PurchaseHappyPath.feature" name="CreditCardNon3DSWppv2PurchaseHappyPath: voidPurchase" feature="voidPurchase" assertions="5" time="78.779543"/>
    <testcase file="/home/travis/build/wirecard/paymentSDK-php/tests/acceptance/PayPalAuthorizationHappyPath.feature" name="PayPalAuthorizationHappyPath: authorization" feature="authorization" assertions="7" time="113.058099"/>
  </testsuite>
</testsuites>
