<?xml version="1.0" encoding="UTF-8"?>
<testsuites>
  <testsuite name="acceptance" tests="35" assertions="127" failures="6" errors="0" time="1910.427261">
    <testcase file="/home/travis/build/wirecard/paymentSDK-php/tests/acceptance/CreditCard3DSAuthorizationAndPostprocessingHappyPath.feature" name="CreditCard3DSAuthorizationAndPostprocessingHappyPath: authorization" feature="authorization" assertions="5" time="77.260470"/>
    <testcase file="/home/travis/build/wirecard/paymentSDK-php/tests/acceptance/CreditCard3DSAuthorizationAndPostprocessingHappyPath.feature" name="CreditCard3DSAuthorizationAndPostprocessingHappyPath: capture" feature="capture" assertions="6" time="91.784409"/>
    <testcase file="/home/travis/build/wirecard/paymentSDK-php/tests/acceptance/CreditCard3DSAuthorizationAndPostprocessingHappyPath.feature" name="CreditCard3DSAuthorizationAndPostprocessingHappyPath: refund" feature="refund" assertions="8" time="110.777600"/>
    <testcase file="/home/travis/build/wirecard/paymentSDK-php/tests/acceptance/CreditCard3DSAuthorizationAndPostprocessingHappyPath.feature" name="CreditCard3DSAuthorizationAndPostprocessingHappyPath: cancel" feature="cancel" assertions="6" time="92.125196"/>
    <testcase file="/home/travis/build/wirecard/paymentSDK-php/tests/acceptance/CreditCard3DSPurchaseAndPostprocessingHappyPath.feature" name="CreditCard3DSPurchaseAndPostprocessingHappyPath: purchase" feature="purchase" assertions="5" time="74.015854"/>
    <testcase file="/home/travis/build/wirecard/paymentSDK-php/tests/acceptance/CreditCard3DSPurchaseAndPostprocessingHappyPath.feature" name="CreditCard3DSPurchaseAndPostprocessingHappyPath: refundOrcancel" feature="refundOrcancel" assertions="6" time="88.754260"/>
    <testcase file="/home/travis/build/wirecard/paymentSDK-php/tests/acceptance/CreditCard3DSPurchaseHappyPath.feature" name="CrediCard3DSTokenizePurchaseHappyPath: purchase" feature="purchase" assertions="5" time="102.452438"/>
    <testcase file="/home/travis/build/wirecard/paymentSDK-php/tests/acceptance/CreditCard3DSPurchaseHappyPath.feature" name="CrediCard3DSTokenizePurchaseHappyPath: voidPurchase" feature="voidPurchase" assertions="6" time="90.209582"/>
    <testcase file="/home/travis/build/wirecard/paymentSDK-php/tests/acceptance/CreditCard3DSTokenizePurchaseErrorCards.feature" name="CreditCard3DSTokenizePurchaseErrorCards: purchaseErrorNoRedirect3DS | &quot;Card Not Enrolled VISA Data&quot;, &quot;500.1072&quot;" feature="purchaseErrorNoRedirect3DS | &quot;Card Not Enrolled VISA Data&quot;, &quot;500.1072&quot;" assertions="2" time="28.906567"/>
    <testcase file="/home/travis/build/wirecard/paymentSDK-php/tests/acceptance/CreditCard3DSTokenizePurchaseErrorCards.feature" name="CreditCard3DSTokenizePurchaseErrorCards: purchaseErrorNoRedirect3DS | &quot;Card Not Enrolled Mastercard Data&quot;, &quot;500.1072&quot;" feature="purchaseErrorNoRedirect3DS | &quot;Card Not Enrolled Mastercard Data&quot;, &quot;500.1072&quot;" assertions="2" time="27.931218"/>
    <testcase file="/home/travis/build/wirecard/paymentSDK-php/tests/acceptance/CreditCard3DSTokenizePurchaseErrorCards.feature" name="CreditCard3DSTokenizePurchaseErrorCards: purchaseErrorNoRedirect3DS | &quot;MPI Error VISA Data&quot;, &quot;500.1074&quot;" feature="purchaseErrorNoRedirect3DS | &quot;MPI Error VISA Data&quot;, &quot;500.1074&quot;" assertions="2" time="29.003538"/>
    <testcase file="/home/travis/build/wirecard/paymentSDK-php/tests/acceptance/CreditCard3DSTokenizePurchaseErrorCards.feature" name="CreditCard3DSTokenizePurchaseErrorCards: purchaseErrorNoRedirect3DS | &quot;MPI Error Mastercard Data&quot;, &quot;500.1074&quot;" feature="purchaseErrorNoRedirect3DS | &quot;MPI Error Mastercard Data&quot;, &quot;500.1074&quot;" assertions="2" time="28.155336"/>
    <testcase file="/home/travis/build/wirecard/paymentSDK-php/tests/acceptance/CreditCard3DSTokenizePurchaseErrorCards.feature" name="CreditCard3DSTokenizePurchaseErrorCards: purchaseErrorNoRedirect3DS | &quot;Card Not Enrolled Maestro Data&quot;, &quot;500.1072&quot;" feature="purchaseErrorNoRedirect3DS | &quot;Card Not Enrolled Maestro Data&quot;, &quot;500.1072&quot;" assertions="2" time="28.354591"/>
    <testcase file="/home/travis/build/wirecard/paymentSDK-php/tests/acceptance/CreditCard3DSTokenizePurchaseErrorCards.feature" name="CreditCard3DSTokenizePurchaseErrorCards: purchaseErrorNoRedirect3DS | &quot;Unable to Verify Enrolment Maestro Data&quot;, &quot;500.1073&quot;" feature="purchaseErrorNoRedirect3DS | &quot;Unable to Verify Enrolment Maestro Data&quot;, &quot;500.1073&quot;" assertions="2" time="28.671461"/>
    <testcase file="/home/travis/build/wirecard/paymentSDK-php/tests/acceptance/CreditCard3DSTokenizePurchaseErrorCards.feature" name="CreditCard3DSTokenizePurchaseErrorCards: purchaseErrorNoRedirect3DS | &quot;Unable to Verify Enrolment VISA Data&quot;, &quot;500.1073&quot;" feature="purchaseErrorNoRedirect3DS | &quot;Unable to Verify Enrolment VISA Data&quot;, &quot;500.1073&quot;" assertions="2" time="29.719889"/>
    <testcase file="/home/travis/build/wirecard/paymentSDK-php/tests/acceptance/CreditCard3DSTokenizePurchaseErrorCards.feature" name="CreditCard3DSTokenizePurchaseErrorCards: purchaseErrorNoRedirect3DS | &quot;Unable to Verify Enrolment Mastercard Data&quot;, &quot;500.1073&quot;" feature="purchaseErrorNoRedirect3DS | &quot;Unable to Verify Enrolment Mastercard Data&quot;, &quot;500.1073&quot;" assertions="2" time="28.457824"/>
    <testcase file="/home/travis/build/wirecard/paymentSDK-php/tests/acceptance/CreditCard3DSTokenizePurchaseErrorCards.feature" name="CreditCard3DSTokenizePurchaseErrorCards: purchaseErrorNoRedirect3DS | &quot;MPI Error Maestro Data&quot;, &quot;500.1074&quot;" feature="purchaseErrorNoRedirect3DS | &quot;MPI Error Maestro Data&quot;, &quot;500.1074&quot;" assertions="2" time="28.750503"/>
    <testcase file="/home/travis/build/wirecard/paymentSDK-php/tests/acceptance/CreditCard3DSTokenizePurchaseErrorCards.feature" name="CreditCard3DSTokenizePurchaseErrorCards: purchaseErrorRedirect3DS | &quot;Consumer failed or Cancelled auth VISA Data&quot;, &quot;500.1076&quot;" feature="purchaseErrorRedirect3DS | &quot;Consumer failed or Cancelled auth VISA Data&quot;, &quot;500.1076&quot;" assertions="4" time="72.401678"/>
    <testcase file="/home/travis/build/wirecard/paymentSDK-php/tests/acceptance/CreditCard3DSTokenizePurchaseErrorCards.feature" name="CreditCard3DSTokenizePurchaseErrorCards: purchaseErrorRedirect3DS | &quot;Consumer failed or Cancelled auth Mastercard Data&quot;, &quot;500.1076&quot;" feature="purchaseErrorRedirect3DS | &quot;Consumer failed or Cancelled auth Mastercard Data&quot;, &quot;500.1076&quot;" assertions="4" time="71.120530"/>
    <testcase file="/home/travis/build/wirecard/paymentSDK-php/tests/acceptance/CreditCard3DSTokenizePurchaseErrorCards.feature" name="CreditCard3DSTokenizePurchaseErrorCards: purchaseErrorRedirect3DS | &quot;Consumer failed or Cancelled auth Maestro Data&quot;, &quot;500.1076&quot;" feature="purchaseErrorRedirect3DS | &quot;Consumer failed or Cancelled auth Maestro Data&quot;, &quot;500.1076&quot;" assertions="4" time="72.858509"/>
    <testcase file="/home/travis/build/wirecard/paymentSDK-php/tests/acceptance/CreditCard3DSTokenizePurchaseErrorCards.feature" name="CreditCard3DSTokenizePurchaseErrorCards: purchaseErrorRedirect3DS | &quot;Auth not completed tech problem VISA Data&quot;, &quot;500.1077&quot;" feature="purchaseErrorRedirect3DS | &quot;Auth not completed tech problem VISA Data&quot;, &quot;500.1077&quot;" assertions="4" time="73.790953"/>
    <testcase file="/home/travis/build/wirecard/paymentSDK-php/tests/acceptance/CreditCard3DSTokenizePurchaseErrorCards.feature" name="CreditCard3DSTokenizePurchaseErrorCards: purchaseErrorRedirect3DS | &quot;Auth not completed tech problem Mastercard Data&quot;, &quot;500.1077&quot;" feature="purchaseErrorRedirect3DS | &quot;Auth not completed tech problem Mastercard Data&quot;, &quot;500.1077&quot;" assertions="4" time="70.389719"/>
    <testcase file="/home/travis/build/wirecard/paymentSDK-php/tests/acceptance/CreditCard3DSTokenizePurchaseErrorCards.feature" name="CreditCard3DSTokenizePurchaseErrorCards: purchaseErrorRedirect3DS | &quot;Auth not completed tech problem Maestro Data&quot;, &quot;500.1077&quot;" feature="purchaseErrorRedirect3DS | &quot;Auth not completed tech problem Maestro Data&quot;, &quot;500.1077&quot;" assertions="4" time="73.618401"/>
    <testcase file="/home/travis/build/wirecard/paymentSDK-php/tests/acceptance/CreditCard3DSWppv2PurchaseHappyPath.feature" name="CreditCard3DSWppv2PurchaseHappyPath: purchase" feature="purchase" assertions="5" time="75.875390"/>
    <testcase file="/home/travis/build/wirecard/paymentSDK-php/tests/acceptance/CreditCard3DSWppv2PurchaseHappyPath.feature" name="CreditCard3DSWppv2PurchaseHappyPath: voidPurchase" feature="voidPurchase" assertions="6" time="94.331468"/>
    <testcase file="/home/travis/build/wirecard/paymentSDK-php/tests/acceptance/CreditCardNon3DSAuthorizationAndPostprocessingHappyPath.feature" name="CreditCardNon3DSAuthorizationAndPostprocessingHappyPath: authorization" feature="authorization" assertions="2" time="29.119359">
      <failure type="PHPUnit_Framework_ExpectationFailedException">CreditCardNon3DSAuthorizationAndPostprocessingHappyPath: authorization
Failed asserting that  on page /examples/payments/CreditCard/reserve.php
--&gt; Payment SDK for PHP Examples
Redirect to 3-D Secure page
© 2019 Wirecard
--&gt; contains "Reservation successfully completed.".

/home/travis/build/wirecard/paymentSDK-php/vendor/codeception/codeception/src/Codeception/Util/Shared/Asserts.php:311
/home/travis/build/wirecard/paymentSDK-php/vendor/codeception/codeception/src/Codeception/Module/WebDriver.php:2933
/home/travis/build/wirecard/paymentSDK-php/vendor/codeception/codeception/src/Codeception/Module/WebDriver.php:909
/home/travis/build/wirecard/paymentSDK-php/vendor/codeception/codeception/src/Codeception/Step.php:265
/home/travis/build/wirecard/paymentSDK-php/vendor/codeception/codeception/src/Codeception/Scenario.php:72
/home/travis/build/wirecard/paymentSDK-php/tests/_support/_generated/AcceptanceTesterActions.php:360
/home/travis/build/wirecard/paymentSDK-php/tests/_support/AcceptanceTester.php:234
/home/travis/build/wirecard/paymentSDK-php/vendor/codeception/codeception/src/Codeception/Test/Gherkin.php:142
/home/travis/build/wirecard/paymentSDK-php/vendor/codeception/codeception/src/Codeception/Test/Gherkin.php:88
/home/travis/build/wirecard/paymentSDK-php/vendor/codeception/codeception/src/Codeception/Test/Test.php:89
/home/travis/build/wirecard/paymentSDK-php/vendor/codeception/phpunit-wrapper/src/Runner.php:110
/home/travis/build/wirecard/paymentSDK-php/vendor/codeception/codeception/src/Codeception/SuiteManager.php:158
/home/travis/build/wirecard/paymentSDK-php/vendor/codeception/codeception/src/Codeception/Codecept.php:192
/home/travis/build/wirecard/paymentSDK-php/vendor/codeception/codeception/src/Codeception/Codecept.php:159
/home/travis/build/wirecard/paymentSDK-php/vendor/codeception/codeception/src/Codeception/Command/Run.php:495
/home/travis/build/wirecard/paymentSDK-php/vendor/codeception/codeception/src/Codeception/Command/Run.php:390
/home/travis/build/wirecard/paymentSDK-php/vendor/symfony/console/Command/Command.php:255
/home/travis/build/wirecard/paymentSDK-php/vendor/symfony/console/Application.php:969
/home/travis/build/wirecard/paymentSDK-php/vendor/symfony/console/Application.php:255
/home/travis/build/wirecard/paymentSDK-php/vendor/symfony/console/Application.php:148
/home/travis/build/wirecard/paymentSDK-php/vendor/codeception/codeception/src/Codeception/Application.php:108
</failure>
    </testcase>
    <testcase file="/home/travis/build/wirecard/paymentSDK-php/tests/acceptance/CreditCardNon3DSAuthorizationAndPostprocessingHappyPath.feature" name="CreditCardNon3DSAuthorizationAndPostprocessingHappyPath: capture" feature="capture" assertions="2" time="27.742141">
      <failure type="PHPUnit_Framework_ExpectationFailedException">CreditCardNon3DSAuthorizationAndPostprocessingHappyPath: capture
Failed asserting that  on page /examples/payments/CreditCard/reserve.php
--&gt; Payment SDK for PHP Examples
Redirect to 3-D Secure page
© 2019 Wirecard
--&gt; contains "Transaction ID".

/home/travis/build/wirecard/paymentSDK-php/vendor/codeception/codeception/src/Codeception/Util/Shared/Asserts.php:311
/home/travis/build/wirecard/paymentSDK-php/vendor/codeception/codeception/src/Codeception/Module/WebDriver.php:2933
/home/travis/build/wirecard/paymentSDK-php/vendor/codeception/codeception/src/Codeception/Module/WebDriver.php:909
/home/travis/build/wirecard/paymentSDK-php/vendor/codeception/codeception/src/Codeception/Step.php:265
/home/travis/build/wirecard/paymentSDK-php/vendor/codeception/codeception/src/Codeception/Scenario.php:72
/home/travis/build/wirecard/paymentSDK-php/tests/_support/_generated/AcceptanceTesterActions.php:360
/home/travis/build/wirecard/paymentSDK-php/tests/_support/AcceptanceTester.php:234
/home/travis/build/wirecard/paymentSDK-php/vendor/codeception/codeception/src/Codeception/Test/Gherkin.php:142
/home/travis/build/wirecard/paymentSDK-php/vendor/codeception/codeception/src/Codeception/Test/Gherkin.php:88
/home/travis/build/wirecard/paymentSDK-php/vendor/codeception/codeception/src/Codeception/Test/Test.php:89
/home/travis/build/wirecard/paymentSDK-php/vendor/codeception/phpunit-wrapper/src/Runner.php:110
/home/travis/build/wirecard/paymentSDK-php/vendor/codeception/codeception/src/Codeception/SuiteManager.php:158
/home/travis/build/wirecard/paymentSDK-php/vendor/codeception/codeception/src/Codeception/Codecept.php:192
/home/travis/build/wirecard/paymentSDK-php/vendor/codeception/codeception/src/Codeception/Codecept.php:159
/home/travis/build/wirecard/paymentSDK-php/vendor/codeception/codeception/src/Codeception/Command/Run.php:495
/home/travis/build/wirecard/paymentSDK-php/vendor/codeception/codeception/src/Codeception/Command/Run.php:390
/home/travis/build/wirecard/paymentSDK-php/vendor/symfony/console/Command/Command.php:255
/home/travis/build/wirecard/paymentSDK-php/vendor/symfony/console/Application.php:969
/home/travis/build/wirecard/paymentSDK-php/vendor/symfony/console/Application.php:255
/home/travis/build/wirecard/paymentSDK-php/vendor/symfony/console/Application.php:148
/home/travis/build/wirecard/paymentSDK-php/vendor/codeception/codeception/src/Codeception/Application.php:108
</failure>
    </testcase>
    <testcase file="/home/travis/build/wirecard/paymentSDK-php/tests/acceptance/CreditCardNon3DSAuthorizationAndPostprocessingHappyPath.feature" name="CreditCardNon3DSAuthorizationAndPostprocessingHappyPath: refund" feature="refund" assertions="2" time="29.229319">
      <failure type="PHPUnit_Framework_ExpectationFailedException">CreditCardNon3DSAuthorizationAndPostprocessingHappyPath: refund
Failed asserting that  on page /examples/payments/CreditCard/reserve.php
--&gt; Payment SDK for PHP Examples
Redirect to 3-D Secure page
© 2019 Wirecard
--&gt; contains "Transaction ID".

/home/travis/build/wirecard/paymentSDK-php/vendor/codeception/codeception/src/Codeception/Util/Shared/Asserts.php:311
/home/travis/build/wirecard/paymentSDK-php/vendor/codeception/codeception/src/Codeception/Module/WebDriver.php:2933
/home/travis/build/wirecard/paymentSDK-php/vendor/codeception/codeception/src/Codeception/Module/WebDriver.php:909
/home/travis/build/wirecard/paymentSDK-php/vendor/codeception/codeception/src/Codeception/Step.php:265
/home/travis/build/wirecard/paymentSDK-php/vendor/codeception/codeception/src/Codeception/Scenario.php:72
/home/travis/build/wirecard/paymentSDK-php/tests/_support/_generated/AcceptanceTesterActions.php:360
/home/travis/build/wirecard/paymentSDK-php/tests/_support/AcceptanceTester.php:234
/home/travis/build/wirecard/paymentSDK-php/vendor/codeception/codeception/src/Codeception/Test/Gherkin.php:142
/home/travis/build/wirecard/paymentSDK-php/vendor/codeception/codeception/src/Codeception/Test/Gherkin.php:88
/home/travis/build/wirecard/paymentSDK-php/vendor/codeception/codeception/src/Codeception/Test/Test.php:89
/home/travis/build/wirecard/paymentSDK-php/vendor/codeception/phpunit-wrapper/src/Runner.php:110
/home/travis/build/wirecard/paymentSDK-php/vendor/codeception/codeception/src/Codeception/SuiteManager.php:158
/home/travis/build/wirecard/paymentSDK-php/vendor/codeception/codeception/src/Codeception/Codecept.php:192
/home/travis/build/wirecard/paymentSDK-php/vendor/codeception/codeception/src/Codeception/Codecept.php:159
/home/travis/build/wirecard/paymentSDK-php/vendor/codeception/codeception/src/Codeception/Command/Run.php:495
/home/travis/build/wirecard/paymentSDK-php/vendor/codeception/codeception/src/Codeception/Command/Run.php:390
/home/travis/build/wirecard/paymentSDK-php/vendor/symfony/console/Command/Command.php:255
/home/travis/build/wirecard/paymentSDK-php/vendor/symfony/console/Application.php:969
/home/travis/build/wirecard/paymentSDK-php/vendor/symfony/console/Application.php:255
/home/travis/build/wirecard/paymentSDK-php/vendor/symfony/console/Application.php:148
/home/travis/build/wirecard/paymentSDK-php/vendor/codeception/codeception/src/Codeception/Application.php:108
</failure>
    </testcase>
    <testcase file="/home/travis/build/wirecard/paymentSDK-php/tests/acceptance/CreditCardNon3DSAuthorizationAndPostprocessingHappyPath.feature" name="CreditCardNon3DSAuthorizationAndPostprocessingHappyPath: cancel" feature="cancel" assertions="2" time="28.826595">
      <failure type="PHPUnit_Framework_ExpectationFailedException">CreditCardNon3DSAuthorizationAndPostprocessingHappyPath: cancel
Failed asserting that  on page /examples/payments/CreditCard/reserve.php
--&gt; Payment SDK for PHP Examples
Redirect to 3-D Secure page
© 2019 Wirecard
--&gt; contains "Transaction ID".

/home/travis/build/wirecard/paymentSDK-php/vendor/codeception/codeception/src/Codeception/Util/Shared/Asserts.php:311
/home/travis/build/wirecard/paymentSDK-php/vendor/codeception/codeception/src/Codeception/Module/WebDriver.php:2933
/home/travis/build/wirecard/paymentSDK-php/vendor/codeception/codeception/src/Codeception/Module/WebDriver.php:909
/home/travis/build/wirecard/paymentSDK-php/vendor/codeception/codeception/src/Codeception/Step.php:265
/home/travis/build/wirecard/paymentSDK-php/vendor/codeception/codeception/src/Codeception/Scenario.php:72
/home/travis/build/wirecard/paymentSDK-php/tests/_support/_generated/AcceptanceTesterActions.php:360
/home/travis/build/wirecard/paymentSDK-php/tests/_support/AcceptanceTester.php:234
/home/travis/build/wirecard/paymentSDK-php/vendor/codeception/codeception/src/Codeception/Test/Gherkin.php:142
/home/travis/build/wirecard/paymentSDK-php/vendor/codeception/codeception/src/Codeception/Test/Gherkin.php:88
/home/travis/build/wirecard/paymentSDK-php/vendor/codeception/codeception/src/Codeception/Test/Test.php:89
/home/travis/build/wirecard/paymentSDK-php/vendor/codeception/phpunit-wrapper/src/Runner.php:110
/home/travis/build/wirecard/paymentSDK-php/vendor/codeception/codeception/src/Codeception/SuiteManager.php:158
/home/travis/build/wirecard/paymentSDK-php/vendor/codeception/codeception/src/Codeception/Codecept.php:192
/home/travis/build/wirecard/paymentSDK-php/vendor/codeception/codeception/src/Codeception/Codecept.php:159
/home/travis/build/wirecard/paymentSDK-php/vendor/codeception/codeception/src/Codeception/Command/Run.php:495
/home/travis/build/wirecard/paymentSDK-php/vendor/codeception/codeception/src/Codeception/Command/Run.php:390
/home/travis/build/wirecard/paymentSDK-php/vendor/symfony/console/Command/Command.php:255
/home/travis/build/wirecard/paymentSDK-php/vendor/symfony/console/Application.php:969
/home/travis/build/wirecard/paymentSDK-php/vendor/symfony/console/Application.php:255
/home/travis/build/wirecard/paymentSDK-php/vendor/symfony/console/Application.php:148
/home/travis/build/wirecard/paymentSDK-php/vendor/codeception/codeception/src/Codeception/Application.php:108
</failure>
    </testcase>
    <testcase file="/home/travis/build/wirecard/paymentSDK-php/tests/acceptance/CreditCardNon3DSPurchaseAndPostprocessingHappyPath.feature" name="CreditCardNon3DSPurchaseAndPostprocessingHappyPath: purchase" feature="purchase" assertions="2" time="28.728165">
      <failure type="PHPUnit_Framework_ExpectationFailedException">CreditCardNon3DSPurchaseAndPostprocessingHappyPath: purchase
Failed asserting that  on page /examples/payments/CreditCard/reserve.php
--&gt; Payment SDK for PHP Examples
Redirect to 3-D Secure page
© 2019 Wirecard
--&gt; contains "Reservation successfully completed.".

/home/travis/build/wirecard/paymentSDK-php/vendor/codeception/codeception/src/Codeception/Util/Shared/Asserts.php:311
/home/travis/build/wirecard/paymentSDK-php/vendor/codeception/codeception/src/Codeception/Module/WebDriver.php:2933
/home/travis/build/wirecard/paymentSDK-php/vendor/codeception/codeception/src/Codeception/Module/WebDriver.php:909
/home/travis/build/wirecard/paymentSDK-php/vendor/codeception/codeception/src/Codeception/Step.php:265
/home/travis/build/wirecard/paymentSDK-php/vendor/codeception/codeception/src/Codeception/Scenario.php:72
/home/travis/build/wirecard/paymentSDK-php/tests/_support/_generated/AcceptanceTesterActions.php:360
/home/travis/build/wirecard/paymentSDK-php/tests/_support/AcceptanceTester.php:234
/home/travis/build/wirecard/paymentSDK-php/vendor/codeception/codeception/src/Codeception/Test/Gherkin.php:142
/home/travis/build/wirecard/paymentSDK-php/vendor/codeception/codeception/src/Codeception/Test/Gherkin.php:88
/home/travis/build/wirecard/paymentSDK-php/vendor/codeception/codeception/src/Codeception/Test/Test.php:89
/home/travis/build/wirecard/paymentSDK-php/vendor/codeception/phpunit-wrapper/src/Runner.php:110
/home/travis/build/wirecard/paymentSDK-php/vendor/codeception/codeception/src/Codeception/SuiteManager.php:158
/home/travis/build/wirecard/paymentSDK-php/vendor/codeception/codeception/src/Codeception/Codecept.php:192
/home/travis/build/wirecard/paymentSDK-php/vendor/codeception/codeception/src/Codeception/Codecept.php:159
/home/travis/build/wirecard/paymentSDK-php/vendor/codeception/codeception/src/Codeception/Command/Run.php:495
/home/travis/build/wirecard/paymentSDK-php/vendor/codeception/codeception/src/Codeception/Command/Run.php:390
/home/travis/build/wirecard/paymentSDK-php/vendor/symfony/console/Command/Command.php:255
/home/travis/build/wirecard/paymentSDK-php/vendor/symfony/console/Application.php:969
/home/travis/build/wirecard/paymentSDK-php/vendor/symfony/console/Application.php:255
/home/travis/build/wirecard/paymentSDK-php/vendor/symfony/console/Application.php:148
/home/travis/build/wirecard/paymentSDK-php/vendor/codeception/codeception/src/Codeception/Application.php:108
</failure>
    </testcase>
    <testcase file="/home/travis/build/wirecard/paymentSDK-php/tests/acceptance/CreditCardNon3DSPurchaseAndPostprocessingHappyPath.feature" name="CreditCardNon3DSPurchaseAndPostprocessingHappyPath: refundOrcancel" feature="refundOrcancel" assertions="2" time="28.171457">
      <failure type="PHPUnit_Framework_ExpectationFailedException">CreditCardNon3DSPurchaseAndPostprocessingHappyPath: refundOrcancel
Failed asserting that  on page /examples/payments/CreditCard/reserve.php
--&gt; Payment SDK for PHP Examples
Redirect to 3-D Secure page
© 2019 Wirecard
--&gt; contains "Transaction ID".

/home/travis/build/wirecard/paymentSDK-php/vendor/codeception/codeception/src/Codeception/Util/Shared/Asserts.php:311
/home/travis/build/wirecard/paymentSDK-php/vendor/codeception/codeception/src/Codeception/Module/WebDriver.php:2933
/home/travis/build/wirecard/paymentSDK-php/vendor/codeception/codeception/src/Codeception/Module/WebDriver.php:909
/home/travis/build/wirecard/paymentSDK-php/vendor/codeception/codeception/src/Codeception/Step.php:265
/home/travis/build/wirecard/paymentSDK-php/vendor/codeception/codeception/src/Codeception/Scenario.php:72
/home/travis/build/wirecard/paymentSDK-php/tests/_support/_generated/AcceptanceTesterActions.php:360
/home/travis/build/wirecard/paymentSDK-php/tests/_support/AcceptanceTester.php:234
/home/travis/build/wirecard/paymentSDK-php/vendor/codeception/codeception/src/Codeception/Test/Gherkin.php:142
/home/travis/build/wirecard/paymentSDK-php/vendor/codeception/codeception/src/Codeception/Test/Gherkin.php:88
/home/travis/build/wirecard/paymentSDK-php/vendor/codeception/codeception/src/Codeception/Test/Test.php:89
/home/travis/build/wirecard/paymentSDK-php/vendor/codeception/phpunit-wrapper/src/Runner.php:110
/home/travis/build/wirecard/paymentSDK-php/vendor/codeception/codeception/src/Codeception/SuiteManager.php:158
/home/travis/build/wirecard/paymentSDK-php/vendor/codeception/codeception/src/Codeception/Codecept.php:192
/home/travis/build/wirecard/paymentSDK-php/vendor/codeception/codeception/src/Codeception/Codecept.php:159
/home/travis/build/wirecard/paymentSDK-php/vendor/codeception/codeception/src/Codeception/Command/Run.php:495
/home/travis/build/wirecard/paymentSDK-php/vendor/codeception/codeception/src/Codeception/Command/Run.php:390
/home/travis/build/wirecard/paymentSDK-php/vendor/symfony/console/Command/Command.php:255
/home/travis/build/wirecard/paymentSDK-php/vendor/symfony/console/Application.php:969
/home/travis/build/wirecard/paymentSDK-php/vendor/symfony/console/Application.php:255
/home/travis/build/wirecard/paymentSDK-php/vendor/symfony/console/Application.php:148
/home/travis/build/wirecard/paymentSDK-php/vendor/codeception/codeception/src/Codeception/Application.php:108
</failure>
    </testcase>
    <testcase file="/home/travis/build/wirecard/paymentSDK-php/tests/acceptance/CreditCardNon3DSTokenizePurchaseHappyPath.feature" name="CreditCardNon3DSTokenizePurchaseHappyPath: purchase" feature="purchase" assertions="3" time="27.366884"/>
    <testcase file="/home/travis/build/wirecard/paymentSDK-php/tests/acceptance/CreditCardNon3DSTokenizePurchaseHappyPath.feature" name="CreditCardNon3DSTokenizePurchaseHappyPath: voidPurchase" feature="voidPurchase" assertions="4" time="44.209591"/>
    <testcase file="/home/travis/build/wirecard/paymentSDK-php/tests/acceptance/CreditCardNon3DSWppv2PurchaseHappyPath.feature" name="CreditCardNon3DSWppv2PurchaseHappyPath: purchase" feature="purchase" assertions="3" time="31.517284"/>
    <testcase file="/home/travis/build/wirecard/paymentSDK-php/tests/acceptance/CreditCardNon3DSWppv2PurchaseHappyPath.feature" name="CreditCardNon3DSWppv2PurchaseHappyPath: voidPurchase" feature="voidPurchase" assertions="5" time="45.799082"/>
  </testsuite>
</testsuites>
