<?xml version="1.0" encoding="UTF-8"?>
<testsuites name="Mocha Tests" time="474.616" tests="13" failures="1">
  <testsuite name="Root Suite" timestamp="2019-07-27T10:02:32" tests="0" failures="0" time="0">
  </testsuite>
  <testsuite name="Payment in Advance test" timestamp="2019-07-27T10:02:32" tests="1" file="/home/travis/shopware/custom/plugins/WirecardElasticEngine/Tests/Selenium/Payments/PiaTest.js" failures="0" time="58.397">
    <testcase name="Payment in Advance test should check the pia payment process" time="58.397" classname="should check the pia payment process">
    </testcase>
  </testsuite>
  <testsuite name="Credit Card test" timestamp="2019-07-27T10:03:38" tests="1" file="/home/travis/shopware/custom/plugins/WirecardElasticEngine/Tests/Selenium/Payments/CreditCardTest.js" failures="0" time="31.842">
    <testcase name="Credit Card test should check the credit card payment process" time="31.842" classname="should check the credit card payment process">
    </testcase>
  </testsuite>
  <testsuite name="Credit Card One-Click Checkout test (NOTE: has requirements)" timestamp="2019-07-27T10:04:22" tests="1" file="/home/travis/shopware/custom/plugins/WirecardElasticEngine/Tests/Selenium/Payments/CreditCardOneClickTest.js" failures="1" time="16.978">
    <testcase name="Credit Card One-Click Checkout test (NOTE: has requirements) should check the credit card one-click payment process" time="16.978" classname="should check the credit card one-click payment process">
      <failure message="no such element: Unable to locate element: {&quot;method&quot;:&quot;css selector&quot;,&quot;selector&quot;:&quot;*[id=&quot;wirecardee--token-1&quot;]&quot;}
  (Session info: chrome=72.0.3626.109)
  (Driver info: chromedriver=2.45.615291 (ec3682e3c9061c10f26ea9e5cdcf3c53f3f74387),platform=Windows NT 10.0.18362 x86_64) (WARNING: The server did not provide any stacktrace information)
Command duration or timeout: 53 milliseconds
For documentation on this error, please visit: http://seleniumhq.org/exceptions/no_such_element.html
Build info: version: &apos;2.53.0&apos;, revision: &apos;35ae25b&apos;, time: &apos;2016-03-15 17:00:58&apos;
System info: host: &apos;199-7-164-151&apos;, ip: &apos;199.7.164.151&apos;, os.name: &apos;windows&apos;, os.arch: &apos;x86&apos;, os.version: &apos;10.0&apos;, java.version: &apos;1.8.0_181&apos;
Driver info: org.openqa.selenium.chrome.ChromeDriver
Capabilities [{mobileEmulationEnabled=false, timeouts={implicit=0, pageLoad=300000, script=30000}, hasTouchScreen=false, platform=XP, acceptSslCerts=false, goog:chromeOptions={debuggerAddress=localhost:2575}, acceptInsecureCerts=false, webStorageEnabled=true, browserName=chrome, takesScreenshot=true, javascriptEnabled=true, setWindowRect=true, unexpectedAlertBehaviour=ignore, applicationCacheEnabled=false, rotatable=false, networkConnectionEnabled=false, chrome={chromedriverVersion=2.45.615291 (ec3682e3c9061c10f26ea9e5cdcf3c53f3f74387), userDataDir=C:\Windows\proxy\scoped_dir8248_27551}, takesHeapSnapshot=true, pageLoadStrategy=normal, strictFileInteractability=false, databaseEnabled=false, handlesAlerts=true, version=72.0.3626.109, browserConnectionEnabled=false, proxy={}, nativeEvents=true, locationContextEnabled=true, cssSelectorsEnabled=true}]
Session ID: 619062aa709b2f799c14d1c9a238dd72
*** Element info: {Using=css selector, value=*[id=&quot;wirecardee--token-1&quot;]}" type="NoSuchElementError"><![CDATA[NoSuchElementError: no such element: Unable to locate element: {"method":"css selector","selector":"*[id="wirecardee--token-1"]"}
  (Session info: chrome=72.0.3626.109)
  (Driver info: chromedriver=2.45.615291 (ec3682e3c9061c10f26ea9e5cdcf3c53f3f74387),platform=Windows NT 10.0.18362 x86_64) (WARNING: The server did not provide any stacktrace information)
Command duration or timeout: 53 milliseconds
For documentation on this error, please visit: http://seleniumhq.org/exceptions/no_such_element.html
Build info: version: '2.53.0', revision: '35ae25b', time: '2016-03-15 17:00:58'
System info: host: '199-7-164-151', ip: '199.7.164.151', os.name: 'windows', os.arch: 'x86', os.version: '10.0', java.version: '1.8.0_181'
Driver info: org.openqa.selenium.chrome.ChromeDriver
Capabilities [{mobileEmulationEnabled=false, timeouts={implicit=0, pageLoad=300000, script=30000}, hasTouchScreen=false, platform=XP, acceptSslCerts=false, goog:chromeOptions={debuggerAddress=localhost:2575}, acceptInsecureCerts=false, webStorageEnabled=true, browserName=chrome, takesScreenshot=true, javascriptEnabled=true, setWindowRect=true, unexpectedAlertBehaviour=ignore, applicationCacheEnabled=false, rotatable=false, networkConnectionEnabled=false, chrome={chromedriverVersion=2.45.615291 (ec3682e3c9061c10f26ea9e5cdcf3c53f3f74387), userDataDir=C:\Windows\proxy\scoped_dir8248_27551}, takesHeapSnapshot=true, pageLoadStrategy=normal, strictFileInteractability=false, databaseEnabled=false, handlesAlerts=true, version=72.0.3626.109, browserConnectionEnabled=false, proxy={}, nativeEvents=true, locationContextEnabled=true, cssSelectorsEnabled=true}]
Session ID: 619062aa709b2f799c14d1c9a238dd72
*** Element info: {Using=css selector, value=*[id="wirecardee--token-1"]}
    at Object.checkLegacyResponse (node_modules/selenium-webdriver/lib/error.js:585:15)
    at parseHttpResponse (node_modules/selenium-webdriver/lib/http.js:551:13)
    at Executor.execute (node_modules/selenium-webdriver/lib/http.js:486:26)
    at <anonymous>
    at process._tickCallback (internal/process/next_tick.js:188:7)]]></failure>
    </testcase>
  </testsuite>
  <testsuite name="SEPA Direct Debit test" timestamp="2019-07-27T10:04:50" tests="1" file="/home/travis/shopware/custom/plugins/WirecardElasticEngine/Tests/Selenium/Payments/SepaTest.js" failures="0" time="25.939">
    <testcase name="SEPA Direct Debit test should check the sepa payment process" time="25.939" classname="should check the sepa payment process">
    </testcase>
  </testsuite>
  <testsuite name="Sofort. test" timestamp="2019-07-27T10:05:24" tests="1" file="/home/travis/shopware/custom/plugins/WirecardElasticEngine/Tests/Selenium/Payments/SofortTest.js" failures="0" time="55.917">
    <testcase name="Sofort. test should check the sofort payment process" time="55.917" classname="should check the sofort payment process">
    </testcase>
  </testsuite>
  <testsuite name="Payment on Invoice test" timestamp="2019-07-27T10:06:27" tests="1" file="/home/travis/shopware/custom/plugins/WirecardElasticEngine/Tests/Selenium/Payments/PoiTest.js" failures="0" time="23.095">
    <testcase name="Payment on Invoice test should check the poi payment process" time="23.095" classname="should check the poi payment process">
    </testcase>
  </testsuite>
  <testsuite name="UnionPay International test" timestamp="2019-07-27T10:06:59" tests="1" file="/home/travis/shopware/custom/plugins/WirecardElasticEngine/Tests/Selenium/Payments/UpiTest.js" failures="0" time="31.322">
    <testcase name="UnionPay International test should check the unionpay international payment process" time="31.322" classname="should check the unionpay international payment process">
    </testcase>
  </testsuite>
  <testsuite name="Alipay Cross-border test" timestamp="2019-07-27T10:07:39" tests="1" file="/home/travis/shopware/custom/plugins/WirecardElasticEngine/Tests/Selenium/Payments/AlipayTest.js" failures="0" time="34.475">
    <testcase name="Alipay Cross-border test should check the alipay crossborder payment process" time="34.475" classname="should check the alipay crossborder payment process">
    </testcase>
  </testsuite>
  <testsuite name="PayPal test" timestamp="2019-07-27T10:08:20" tests="1" file="/home/travis/shopware/custom/plugins/WirecardElasticEngine/Tests/Selenium/Payments/PaypalTest.js" failures="0" time="68.892">
    <testcase name="PayPal test should check the paypal payment process" time="68.892" classname="should check the paypal payment process">
    </testcase>
  </testsuite>
  <testsuite name="iDEAL test" timestamp="2019-07-27T10:09:37" tests="1" file="/home/travis/shopware/custom/plugins/WirecardElasticEngine/Tests/Selenium/Payments/IdealTest.js" failures="0" time="30.455">
    <testcase name="iDEAL test should check the ideal payment process" time="30.455" classname="should check the ideal payment process">
    </testcase>
  </testsuite>
  <testsuite name="Guaranteed Invoice by Wirecard test" timestamp="2019-07-27T10:10:16" tests="1" file="/home/travis/shopware/custom/plugins/WirecardElasticEngine/Tests/Selenium/Payments/RatepayTest.js" failures="0" time="31.403">
    <testcase name="Guaranteed Invoice by Wirecard test should check the ratepay invoice process" time="31.403" classname="should check the ratepay invoice process">
    </testcase>
  </testsuite>
  <testsuite name="default test" timestamp="2019-07-27T10:10:56" tests="1" file="/home/travis/shopware/custom/plugins/WirecardElasticEngine/Tests/Selenium/Payments/DefaultTest.js" failures="0" time="15.626">
    <testcase name="default test should check the default checkout" time="15.626" classname="should check the default checkout">
    </testcase>
  </testsuite>
  <testsuite name="Credit Card 3-D Secure test" timestamp="2019-07-27T10:11:20" tests="1" file="/home/travis/shopware/custom/plugins/WirecardElasticEngine/Tests/Selenium/Payments/CreditCardThreeDTest.js" failures="0" time="50.275">
    <testcase name="Credit Card 3-D Secure test should check the credit card 3ds payment process" time="50.275" classname="should check the credit card 3ds payment process">
    </testcase>
  </testsuite>
</testsuites>