<?xml version="1.0" encoding="UTF-8"?>
<testsuites name="Mocha Tests" time="168.77800000000002" tests="2" failures="2">
  <testsuite name="Root Suite" timestamp="2019-12-04T07:52:33" tests="0" failures="0" time="0">
  </testsuite>
  <testsuite name="Credit Card One-Click Checkout test" timestamp="2019-12-04T07:52:33" tests="1" file="/home/travis/shopware/custom/plugins/WirecardElasticEngine/Tests/Selenium/Payments/CreditCardOneClickTest.js" failures="1" time="65.947">
    <testcase name="Credit Card One-Click Checkout test should check the credit card one-click payment process" time="65.947" classname="should check the credit card one-click payment process">
      <failure message="asyncForEach is not defined" type="ReferenceError"><![CDATA[ReferenceError: asyncForEach is not defined
    at Context.it (Tests/Selenium/Payments/CreditCardOneClickTest.js:52:9)
    at <anonymous>
    at process._tickCallback (internal/process/next_tick.js:188:7)]]></failure>
    </testcase>
  </testsuite>
  <testsuite name="Alipay Cross-border test" timestamp="2019-12-04T07:53:54" tests="1" file="/home/travis/shopware/custom/plugins/WirecardElasticEngine/Tests/Selenium/Payments/AlipayTest.js" failures="1" time="102.831">
    <testcase name="Alipay Cross-border test should check the alipay crossborder payment process" time="102.831" classname="should check the alipay crossborder payment process">
      <failure message="Waiting for element to be located By(css selector, .sixDigitPassword)
Wait timed out after 50043ms" type="TimeoutError"><![CDATA[TimeoutError: Waiting for element to be located By(css selector, .sixDigitPassword)
Wait timed out after 50043ms
    at /home/travis/shopware/custom/plugins/WirecardElasticEngine/node_modules/selenium-webdriver/lib/webdriver.js:841:17
    at <anonymous>
    at process._tickCallback (internal/process/next_tick.js:188:7)]]></failure>
    </testcase>
  </testsuite>
</testsuites>