<?xml version="1.0" encoding="UTF-8"?>
<testsuites>
  <testsuite name="acceptance (ci)" tests="1" assertions="1" errors="0" failures="1" skipped="0" time="13.056249">
    <testcase file="/project/tests/acceptance/Alipay/AlipayCrossBorderInitialTransaction.feature" name="AlipayCrossBorderInitialTransaction: initial transaction | &quot;debit&quot;" feature="AlipayCrossBorderInitialTransaction" assertions="1" time="13.056249">
      <failure type="PHPUnit\Framework\ExpectationFailedException">AlipayCrossBorderInitialTransaction: initial transaction | "debit"
Failed asserting that  on page /checkout/
--&gt; Skip to navigation
Skip to content
test
Just another WordPress site
Search for:
Search
Home
Cart
Checkout
My account
Sample Page
Shop
€120.00 6 items
Home / Checkout
Checkout
Have a coupon? Click here to enter your code
Billing details
First name *
Last name *
Company name (optional)
Country *
Sel
[Content too long to display. See complete response in '/project/tests/_output/' directory]
--&gt; contains "Wirecard Alipay Cross-Border".

/project/tests/_support/_generated/AcceptanceTesterActions.php:344
/project/tests/_support/AcceptanceTester.php:159
/repo/app.php:46
/repo/app.php:47
/repo/codecept:7
</failure>
    </testcase>
  </testsuite>
</testsuites>
