<?xml version="1.0" encoding="UTF-8"?>
<testsuites>
  <testsuite name="acceptance" tests="3" assertions="14" failures="0" errors="1" time="1437.825244">
    <testcase file="/home/travis/build/wirecard/magento2-ee/tests/acceptance/CreditCard3DSAuthorizeHappyPath.feature" name="CreditCard3DSAuthorizeHappyPath: authorize" feature="authorize" assertions="3" time="512.917497">
      <error type="Facebook\WebDriver\Exception\WebDriverCurlException">CreditCard3DSAuthorizeHappyPath: authorize
Facebook\WebDriver\Exception\WebDriverCurlException: Curl error thrown for http POST to /session/c128643f705640d6bb3ed758064a262da51a5ab8/elements with params: {"using":"xpath","value":".\/\/*[self::input | self::textarea | self::select][@name = \"\/\/*[@id='password']\"]"}

Connection timed out after 60000 milliseconds

/home/travis/build/wirecard/magento2-ee/vendor/facebook/webdriver/lib/Remote/HttpCommandExecutor.php:297
/home/travis/build/wirecard/magento2-ee/vendor/facebook/webdriver/lib/Remote/RemoteWebDriver.php:565
/home/travis/build/wirecard/magento2-ee/vendor/facebook/webdriver/lib/Remote/RemoteWebDriver.php:223
/home/travis/build/wirecard/magento2-ee/vendor/codeception/codeception/src/Codeception/Module/WebDriver.php:1091
/home/travis/build/wirecard/magento2-ee/vendor/codeception/codeception/src/Codeception/Module/WebDriver.php:1112
/home/travis/build/wirecard/magento2-ee/vendor/codeception/codeception/src/Codeception/Module/WebDriver.php:1655
/home/travis/build/wirecard/magento2-ee/vendor/codeception/codeception/src/Codeception/Step.php:265
/home/travis/build/wirecard/magento2-ee/vendor/codeception/codeception/src/Codeception/Scenario.php:72
/home/travis/build/wirecard/magento2-ee/tests/_support/_generated/AcceptanceTesterActions.php:1483
/home/travis/build/wirecard/magento2-ee/tests/_support/ActorExtendedWithWrappers.php:47
/home/travis/build/wirecard/magento2-ee/tests/_support/AcceptanceTester.php:220
/home/travis/build/wirecard/magento2-ee/vendor/codeception/codeception/src/Codeception/Test/Gherkin.php:142
/home/travis/build/wirecard/magento2-ee/vendor/codeception/codeception/src/Codeception/Test/Gherkin.php:88
/home/travis/build/wirecard/magento2-ee/vendor/codeception/codeception/src/Codeception/Test/Test.php:89
/home/travis/build/wirecard/magento2-ee/vendor/codeception/phpunit-wrapper/src/Runner.php:110
/home/travis/build/wirecard/magento2-ee/vendor/codeception/codeception/src/Codeception/SuiteManager.php:158
/home/travis/build/wirecard/magento2-ee/vendor/codeception/codeception/src/Codeception/Codecept.php:192
/home/travis/build/wirecard/magento2-ee/vendor/codeception/codeception/src/Codeception/Codecept.php:159
/home/travis/build/wirecard/magento2-ee/vendor/codeception/codeception/src/Codeception/Command/Run.php:495
/home/travis/build/wirecard/magento2-ee/vendor/codeception/codeception/src/Codeception/Command/Run.php:390
/home/travis/build/wirecard/magento2-ee/vendor/symfony/console/Command/Command.php:255
/home/travis/build/wirecard/magento2-ee/vendor/symfony/console/Application.php:893
/home/travis/build/wirecard/magento2-ee/vendor/symfony/console/Application.php:262
/home/travis/build/wirecard/magento2-ee/vendor/symfony/console/Application.php:145
/home/travis/build/wirecard/magento2-ee/vendor/codeception/codeception/src/Codeception/Application.php:108
</error>
    </testcase>
    <testcase file="/home/travis/build/wirecard/magento2-ee/tests/acceptance/CreditCard3DSPurchaseHappyPath.feature" name="CreditCard3DSPurchaseHappyPath: purchase" feature="purchase" assertions="6" time="507.654880"/>
    <testcase file="/home/travis/build/wirecard/magento2-ee/tests/acceptance/CreditCardNon3DSPurchaseHappyPath.feature" name="CreditCardNon3DSPurchaseHappyPath: purchase" feature="purchase" assertions="5" time="417.252867"/>
  </testsuite>
</testsuites>
