<?xml version="1.0" encoding="UTF-8"?>
<testsuites>
  <testsuite name="acceptance" tests="6" assertions="24" failures="0" errors="0" time="165.903056">
    <testcase file="/home/travis/build/wirecard/paymentSDK-php/tests/acceptance/PurchaseCheckNon3dsPostProcessingAuthorizationSg.feature" name="checkCreditCardNon3DsFunctionalityAuthorizationSg: try authorization" feature="try authorization" assertions="3" time="18.277041"/>
    <testcase file="/home/travis/build/wirecard/paymentSDK-php/tests/acceptance/PurchaseCheckNon3dsPostProcessingAuthorizationSg.feature" name="checkCreditCardNon3DsFunctionalityAuthorizationSg: try capture" feature="try capture" assertions="4" time="30.394929"/>
    <testcase file="/home/travis/build/wirecard/paymentSDK-php/tests/acceptance/PurchaseCheckNon3dsPostProcessingAuthorizationSg.feature" name="checkCreditCardNon3DsFunctionalityAuthorizationSg: try refund" feature="try refund" assertions="6" time="42.017379"/>
    <testcase file="/home/travis/build/wirecard/paymentSDK-php/tests/acceptance/PurchaseCheckNon3dsPostProcessingAuthorizationSg.feature" name="checkCreditCardNon3DsFunctionalityAuthorizationSg: try cancel" feature="try cancel" assertions="4" time="28.362151"/>
    <testcase file="/home/travis/build/wirecard/paymentSDK-php/tests/acceptance/PurchaseCheckNon3dsPostProcessingPurchaseSg.feature" name="checkCreditCardNon3DsFunctionalityPurchaseSg: try purchase" feature="try purchase" assertions="3" time="18.625651"/>
    <testcase file="/home/travis/build/wirecard/paymentSDK-php/tests/acceptance/PurchaseCheckNon3dsPostProcessingPurchaseSg.feature" name="checkCreditCardNon3DsFunctionalityPurchaseSg: try refund" feature="try refund" assertions="4" time="28.225905"/>
  </testsuite>
</testsuites>
