<?xml version="1.0" encoding="UTF-8"?>
<testsuites name="Mocha Tests" time="210.069" tests="3" failures="0">
  <testsuite name="Root Suite" timestamp="2019-10-09T14:55:22" tests="0" failures="0" time="0">
  </testsuite>
  <testsuite name="Credit Card test" timestamp="2019-10-09T14:55:22" tests="1" file="/home/travis/shopware/custom/plugins/WirecardElasticEngine/Tests/Selenium/Payments/CreditCardTest.js" failures="0" time="78.6">
    <testcase name="Credit Card test should check the credit card payment process" time="78.6" classname="should check the credit card payment process">
    </testcase>
  </testsuite>
  <testsuite name="Credit Card 3-D Secure Authorization test" timestamp="2019-10-09T14:56:47" tests="1" file="/home/travis/shopware/custom/plugins/WirecardElasticEngine/Tests/Selenium/Payments/CreditCardThreeDAuthorizationTest.js" failures="0" time="61.28">
    <testcase name="Credit Card 3-D Secure Authorization test should check the credit card 3ds authorization payment process" time="61.28" classname="should check the credit card 3ds authorization payment process">
    </testcase>
  </testsuite>
  <testsuite name="Credit Card 3-D Secure test" timestamp="2019-10-09T14:57:56" tests="1" file="/home/travis/shopware/custom/plugins/WirecardElasticEngine/Tests/Selenium/Payments/CreditCardThreeDTest.js" failures="0" time="70.189">
    <testcase name="Credit Card 3-D Secure test should check the credit card 3ds payment process" time="70.189" classname="should check the credit card 3ds payment process">
    </testcase>
  </testsuite>
</testsuites>