<?xml version="1.0" encoding="UTF-8"?>
<testsuites name="Mocha Tests" time="187.53" tests="3" failures="0">
  <testsuite name="Root Suite" timestamp="2019-10-09T13:45:29" tests="0" failures="0" time="0">
  </testsuite>
  <testsuite name="Credit Card test" timestamp="2019-10-09T13:45:29" tests="1" file="/home/travis/shopware/custom/plugins/WirecardElasticEngine/Tests/Selenium/Payments/CreditCardTest.js" failures="0" time="77.637">
    <testcase name="Credit Card test should check the credit card payment process" time="77.637" classname="should check the credit card payment process">
    </testcase>
  </testsuite>
  <testsuite name="Credit Card 3-D Secure Authorization test" timestamp="2019-10-09T13:47:03" tests="1" file="/home/travis/shopware/custom/plugins/WirecardElasticEngine/Tests/Selenium/Payments/CreditCardThreeDAuthorizationTest.js" failures="0" time="56.977">
    <testcase name="Credit Card 3-D Secure Authorization test should check the credit card 3ds authorization payment process" time="56.977" classname="should check the credit card 3ds authorization payment process">
    </testcase>
  </testsuite>
  <testsuite name="Credit Card 3-D Secure test" timestamp="2019-10-09T13:48:18" tests="1" file="/home/travis/shopware/custom/plugins/WirecardElasticEngine/Tests/Selenium/Payments/CreditCardThreeDTest.js" failures="0" time="52.916">
    <testcase name="Credit Card 3-D Secure test should check the credit card 3ds payment process" time="52.916" classname="should check the credit card 3ds payment process">
    </testcase>
  </testsuite>
</testsuites>