<?xml version="1.0" encoding="UTF-8"?>
<testsuites>
  <testsuite name="acceptance" tests="8" assertions="31" failures="0" errors="0" time="338.761552">
    <testcase file="/home/travis/build/wirecard/paymentSDK-php/tests/acceptance/CreditCardNon3DSAuthorizationAndPostprocessingHappyPathSg.feature" name="CreditCardNon3DSAuthorizationAndPostprocessingHappyPathSg: authorization" feature="authorization" assertions="3" time="36.486888"/>
    <testcase file="/home/travis/build/wirecard/paymentSDK-php/tests/acceptance/CreditCardNon3DSAuthorizationAndPostprocessingHappyPathSg.feature" name="CreditCardNon3DSAuthorizationAndPostprocessingHappyPathSg: capture" feature="capture" assertions="4" time="46.178501"/>
    <testcase file="/home/travis/build/wirecard/paymentSDK-php/tests/acceptance/CreditCardNon3DSAuthorizationAndPostprocessingHappyPathSg.feature" name="CreditCardNon3DSAuthorizationAndPostprocessingHappyPathSg: refund" feature="refund" assertions="6" time="63.046366"/>
    <testcase file="/home/travis/build/wirecard/paymentSDK-php/tests/acceptance/CreditCardNon3DSAuthorizationAndPostprocessingHappyPathSg.feature" name="CreditCardNon3DSAuthorizationAndPostprocessingHappyPathSg: cancel" feature="cancel" assertions="4" time="46.041349"/>
    <testcase file="/home/travis/build/wirecard/paymentSDK-php/tests/acceptance/CreditCardNon3DSPurchaseAndPostprocessingHappyPathSg.feature" name="CreditCardNon3DSPurchaseAndPostprocessingHappyPathSg: purchase" feature="purchase" assertions="3" time="28.502186"/>
    <testcase file="/home/travis/build/wirecard/paymentSDK-php/tests/acceptance/CreditCardNon3DSPurchaseAndPostprocessingHappyPathSg.feature" name="CreditCardNon3DSPurchaseAndPostprocessingHappyPathSg: refund" feature="refund" assertions="4" time="43.728968"/>
    <testcase file="/home/travis/build/wirecard/paymentSDK-php/tests/acceptance/CreditCardNon3DSPurchaseHappyPathSg.feature" name="CreditCardNon3DSTokenizePurchaseHappyPathSg: purchase" feature="purchase" assertions="3" time="28.936565"/>
    <testcase file="/home/travis/build/wirecard/paymentSDK-php/tests/acceptance/CreditCardNon3DSPurchaseHappyPathSg.feature" name="CreditCardNon3DSTokenizePurchaseHappyPathSg: voidPurchase" feature="voidPurchase" assertions="4" time="45.840728"/>
  </testsuite>
</testsuites>
