<?xml version="1.0" encoding="UTF-8"?>
<testsuites name="Mocha Tests" time="548.4540000000001" tests="13" failures="1">
  <testsuite name="Root Suite" timestamp="2019-10-01T11:13:42" tests="0" failures="0" time="0">
  </testsuite>
  <testsuite name="Payment in Advance test" timestamp="2019-10-01T11:13:42" tests="1" file="/home/travis/shopware/custom/plugins/WirecardElasticEngine/Tests/Selenium/Payments/PiaTest.js" failures="0" time="66.688">
    <testcase name="Payment in Advance test should check the pia payment process" time="66.688" classname="should check the pia payment process">
    </testcase>
  </testsuite>
  <testsuite name="Credit Card test" timestamp="2019-10-01T11:14:57" tests="1" file="/home/travis/shopware/custom/plugins/WirecardElasticEngine/Tests/Selenium/Payments/CreditCardTest.js" failures="0" time="33.965">
    <testcase name="Credit Card test should check the credit card payment process" time="33.965" classname="should check the credit card payment process">
    </testcase>
  </testsuite>
  <testsuite name="Credit Card One-Click Checkout test (NOTE: has requirements)" timestamp="2019-10-01T11:15:39" tests="1" file="/home/travis/shopware/custom/plugins/WirecardElasticEngine/Tests/Selenium/Payments/CreditCardOneClickTest.js" failures="0" time="25.142">
    <testcase name="Credit Card One-Click Checkout test (NOTE: has requirements) should check the credit card one-click payment process" time="25.142" classname="should check the credit card one-click payment process">
    </testcase>
  </testsuite>
  <testsuite name="SEPA Direct Debit test" timestamp="2019-10-01T11:16:12" tests="1" file="/home/travis/shopware/custom/plugins/WirecardElasticEngine/Tests/Selenium/Payments/SepaTest.js" failures="0" time="30.583">
    <testcase name="SEPA Direct Debit test should check the sepa payment process" time="30.583" classname="should check the sepa payment process">
    </testcase>
  </testsuite>
  <testsuite name="Sofort. test" timestamp="2019-10-01T11:16:51" tests="1" file="/home/travis/shopware/custom/plugins/WirecardElasticEngine/Tests/Selenium/Payments/SofortTest.js" failures="0" time="63.574">
    <testcase name="Sofort. test should check the sofort payment process" time="63.574" classname="should check the sofort payment process">
    </testcase>
  </testsuite>
  <testsuite name="Payment on Invoice test" timestamp="2019-10-01T11:18:05" tests="1" file="/home/travis/shopware/custom/plugins/WirecardElasticEngine/Tests/Selenium/Payments/PoiTest.js" failures="0" time="23.228">
    <testcase name="Payment on Invoice test should check the poi payment process" time="23.228" classname="should check the poi payment process">
    </testcase>
  </testsuite>
  <testsuite name="UnionPay International test" timestamp="2019-10-01T11:18:35" tests="1" file="/home/travis/shopware/custom/plugins/WirecardElasticEngine/Tests/Selenium/Payments/UpiTest.js" failures="0" time="37.466">
    <testcase name="UnionPay International test should check the unionpay international payment process" time="37.466" classname="should check the unionpay international payment process">
    </testcase>
  </testsuite>
  <testsuite name="Alipay Cross-border test" timestamp="2019-10-01T11:19:22" tests="1" file="/home/travis/shopware/custom/plugins/WirecardElasticEngine/Tests/Selenium/Payments/AlipayTest.js" failures="0" time="33.884">
    <testcase name="Alipay Cross-border test should check the alipay crossborder payment process" time="33.884" classname="should check the alipay crossborder payment process">
    </testcase>
  </testsuite>
  <testsuite name="PayPal test" timestamp="2019-10-01T11:20:02" tests="1" file="/home/travis/shopware/custom/plugins/WirecardElasticEngine/Tests/Selenium/Payments/PaypalTest.js" failures="0" time="73.933">
    <testcase name="PayPal test should check the paypal payment process" time="73.933" classname="should check the paypal payment process">
    </testcase>
  </testsuite>
  <testsuite name="iDEAL test" timestamp="2019-10-01T11:21:27" tests="1" file="/home/travis/shopware/custom/plugins/WirecardElasticEngine/Tests/Selenium/Payments/IdealTest.js" failures="0" time="26.264">
    <testcase name="iDEAL test should check the ideal payment process" time="26.264" classname="should check the ideal payment process">
    </testcase>
  </testsuite>
  <testsuite name="Guaranteed Invoice by Wirecard test" timestamp="2019-10-01T11:22:01" tests="1" file="/home/travis/shopware/custom/plugins/WirecardElasticEngine/Tests/Selenium/Payments/RatepayTest.js" failures="1" time="62.25">
    <testcase name="Guaranteed Invoice by Wirecard test should check the ratepay invoice process" time="62.25" classname="should check the ratepay invoice process">
      <failure message="Waiting for element to be located By(css selector, .teaser--btn-print)
Wait timed out after 30002ms" type="TimeoutError"><![CDATA[TimeoutError: Waiting for element to be located By(css selector, .teaser--btn-print)
Wait timed out after 30002ms
    at /home/travis/shopware/custom/plugins/WirecardElasticEngine/node_modules/selenium-webdriver/lib/webdriver.js:841:17
    at <anonymous>
    at process._tickCallback (internal/process/next_tick.js:188:7)]]></failure>
    </testcase>
  </testsuite>
  <testsuite name="default test" timestamp="2019-10-01T11:23:12" tests="1" file="/home/travis/shopware/custom/plugins/WirecardElasticEngine/Tests/Selenium/Payments/DefaultTest.js" failures="0" time="17.222">
    <testcase name="default test should check the default checkout" time="17.222" classname="should check the default checkout">
    </testcase>
  </testsuite>
  <testsuite name="Credit Card 3-D Secure test" timestamp="2019-10-01T11:23:43" tests="1" file="/home/travis/shopware/custom/plugins/WirecardElasticEngine/Tests/Selenium/Payments/CreditCardThreeDTest.js" failures="0" time="54.255">
    <testcase name="Credit Card 3-D Secure test should check the credit card 3ds payment process" time="54.255" classname="should check the credit card 3ds payment process">
    </testcase>
  </testsuite>
</testsuites>