<?xml version="1.0" encoding="UTF-8"?>
<testsuites name="Mocha Tests" time="88.412" tests="1" failures="0">
  <testsuite name="Root Suite" timestamp="2019-08-11T10:09:34" tests="0" failures="0" time="0">
  </testsuite>
  <testsuite name="Credit Card 3-D Secure test" timestamp="2019-08-11T10:09:34" tests="1" file="/home/travis/shopware/custom/plugins/WirecardElasticEngine/Tests/Selenium/Payments/CreditCardThreeDTest.js" failures="0" time="88.412">
    <testcase name="Credit Card 3-D Secure test should check the credit card 3ds payment process" time="88.412" classname="should check the credit card 3ds payment process">
    </testcase>
  </testsuite>
</testsuites>