<?xml version="1.0" encoding="UTF-8"?>
<testsuites name="Mocha Tests" time="184.103" tests="2" failures="0">
  <testsuite name="Root Suite" timestamp="2019-10-18T11:52:57" tests="0" failures="0" time="0">
  </testsuite>
  <testsuite name="Credit Card 3-D Secure Authorization test" timestamp="2019-10-18T11:52:57" tests="1" file="/home/travis/shopware/custom/plugins/WirecardElasticEngine/Tests/Selenium/Payments/CreditCardThreeDAuthorizationTest.js" failures="0" time="96.62">
    <testcase name="Credit Card 3-D Secure Authorization test should check the credit card 3ds authorization payment process" time="96.62" classname="should check the credit card 3ds authorization payment process">
    </testcase>
  </testsuite>
  <testsuite name="Credit Card 3-D Secure test" timestamp="2019-10-18T11:54:40" tests="1" file="/home/travis/shopware/custom/plugins/WirecardElasticEngine/Tests/Selenium/Payments/CreditCardThreeDTest.js" failures="0" time="87.483">
    <testcase name="Credit Card 3-D Secure test should check the credit card 3ds payment process" time="87.483" classname="should check the credit card 3ds payment process">
    </testcase>
  </testsuite>
</testsuites>