<?xml version="1.0" encoding="UTF-8"?>
<testsuites>
  <testsuite name="acceptance" tests="4" assertions="12" failures="2" errors="0" time="100.438262">
    <testcase file="/home/travis/build/wirecard/paymentSDK-php/tests/acceptance/purchaseCheckHappyPath3dsSg.feature" name="checkCreditCard3DSFunctionalityHappyPath: try purchaseCheck" feature="try purchaseCheck" assertions="3" time="26.416555"/>
    <testcase file="/home/travis/build/wirecard/paymentSDK-php/tests/acceptance/purchaseCheckHappyPath3dsSg.feature" name="checkCreditCard3DSFunctionalityHappyPath: try voidPurchaseCheck" feature="try voidPurchaseCheck" assertions="5" time="27.412802"/>
    <testcase file="/home/travis/build/wirecard/paymentSDK-php/tests/acceptance/purchaseCheckHappyPathNon3ds.feature" name="checkCreditCardNon3DSFunctionalityHappyPath: try purchaseCheck" feature="try purchaseCheck" assertions="2" time="23.286196">
      <failure type="PHPUnit_Framework_ExpectationFailedException">checkCreditCardNon3DSFunctionalityHappyPath: try purchaseCheck
Failed asserting that  on page /examples/payments/CreditCard/pay_tokenize.php
--&gt; Payment SDK for PHP Examples
Error with code 500.1115 and message "acquirer:Currency not enabled for this merchant account. Please contact technical support." occurred.
© 2019 Wirecard
--&gt; contains "Reservation successfully completed.".

/home/travis/build/wirecard/paymentSDK-php/vendor/codeception/codeception/src/Codeception/Util/Shared/Asserts.php:295
/home/travis/build/wirecard/paymentSDK-php/vendor/codeception/codeception/src/Codeception/Module/WebDriver.php:2941
/home/travis/build/wirecard/paymentSDK-php/vendor/codeception/codeception/src/Codeception/Module/WebDriver.php:919
/home/travis/build/wirecard/paymentSDK-php/vendor/codeception/codeception/src/Codeception/Step.php:265
/home/travis/build/wirecard/paymentSDK-php/vendor/codeception/codeception/src/Codeception/Scenario.php:72
/home/travis/build/wirecard/paymentSDK-php/tests/_support/_generated/AcceptanceTesterActions.php:344
/home/travis/build/wirecard/paymentSDK-php/tests/_support/AcceptanceTester.php:193
/home/travis/build/wirecard/paymentSDK-php/vendor/codeception/codeception/src/Codeception/Test/Gherkin.php:142
/home/travis/build/wirecard/paymentSDK-php/vendor/codeception/codeception/src/Codeception/Test/Gherkin.php:88
/home/travis/build/wirecard/paymentSDK-php/vendor/codeception/codeception/src/Codeception/Test/Test.php:88
/home/travis/build/wirecard/paymentSDK-php/vendor/codeception/phpunit-wrapper/src/Runner.php:110
/home/travis/build/wirecard/paymentSDK-php/vendor/codeception/codeception/src/Codeception/SuiteManager.php:158
/home/travis/build/wirecard/paymentSDK-php/vendor/codeception/codeception/src/Codeception/Codecept.php:192
/home/travis/build/wirecard/paymentSDK-php/vendor/codeception/codeception/src/Codeception/Codecept.php:159
/home/travis/build/wirecard/paymentSDK-php/vendor/codeception/codeception/src/Codeception/Command/Run.php:494
/home/travis/build/wirecard/paymentSDK-php/vendor/codeception/codeception/src/Codeception/Command/Run.php:389
/home/travis/build/wirecard/paymentSDK-php/vendor/symfony/console/Command/Command.php:255
/home/travis/build/wirecard/paymentSDK-php/vendor/symfony/console/Application.php:960
/home/travis/build/wirecard/paymentSDK-php/vendor/symfony/console/Application.php:255
/home/travis/build/wirecard/paymentSDK-php/vendor/symfony/console/Application.php:148
/home/travis/build/wirecard/paymentSDK-php/vendor/codeception/codeception/src/Codeception/Application.php:107
</failure>
    </testcase>
    <testcase file="/home/travis/build/wirecard/paymentSDK-php/tests/acceptance/purchaseCheckHappyPathNon3ds.feature" name="checkCreditCardNon3DSFunctionalityHappyPath: try voidPurchaseCheck" feature="try voidPurchaseCheck" assertions="2" time="23.322709">
      <failure type="PHPUnit_Framework_ExpectationFailedException">checkCreditCardNon3DSFunctionalityHappyPath: try voidPurchaseCheck
Failed asserting that  on page /examples/payments/CreditCard/pay_tokenize.php
--&gt; Payment SDK for PHP Examples
Error with code 500.1115 and message "acquirer:Currency not enabled for this merchant account. Please contact technical support." occurred.
© 2019 Wirecard
--&gt; contains "Transaction ID".

/home/travis/build/wirecard/paymentSDK-php/vendor/codeception/codeception/src/Codeception/Util/Shared/Asserts.php:295
/home/travis/build/wirecard/paymentSDK-php/vendor/codeception/codeception/src/Codeception/Module/WebDriver.php:2941
/home/travis/build/wirecard/paymentSDK-php/vendor/codeception/codeception/src/Codeception/Module/WebDriver.php:919
/home/travis/build/wirecard/paymentSDK-php/vendor/codeception/codeception/src/Codeception/Step.php:265
/home/travis/build/wirecard/paymentSDK-php/vendor/codeception/codeception/src/Codeception/Scenario.php:72
/home/travis/build/wirecard/paymentSDK-php/tests/_support/_generated/AcceptanceTesterActions.php:344
/home/travis/build/wirecard/paymentSDK-php/tests/_support/AcceptanceTester.php:193
/home/travis/build/wirecard/paymentSDK-php/vendor/codeception/codeception/src/Codeception/Test/Gherkin.php:142
/home/travis/build/wirecard/paymentSDK-php/vendor/codeception/codeception/src/Codeception/Test/Gherkin.php:88
/home/travis/build/wirecard/paymentSDK-php/vendor/codeception/codeception/src/Codeception/Test/Test.php:88
/home/travis/build/wirecard/paymentSDK-php/vendor/codeception/phpunit-wrapper/src/Runner.php:110
/home/travis/build/wirecard/paymentSDK-php/vendor/codeception/codeception/src/Codeception/SuiteManager.php:158
/home/travis/build/wirecard/paymentSDK-php/vendor/codeception/codeception/src/Codeception/Codecept.php:192
/home/travis/build/wirecard/paymentSDK-php/vendor/codeception/codeception/src/Codeception/Codecept.php:159
/home/travis/build/wirecard/paymentSDK-php/vendor/codeception/codeception/src/Codeception/Command/Run.php:494
/home/travis/build/wirecard/paymentSDK-php/vendor/codeception/codeception/src/Codeception/Command/Run.php:389
/home/travis/build/wirecard/paymentSDK-php/vendor/symfony/console/Command/Command.php:255
/home/travis/build/wirecard/paymentSDK-php/vendor/symfony/console/Application.php:960
/home/travis/build/wirecard/paymentSDK-php/vendor/symfony/console/Application.php:255
/home/travis/build/wirecard/paymentSDK-php/vendor/symfony/console/Application.php:148
/home/travis/build/wirecard/paymentSDK-php/vendor/codeception/codeception/src/Codeception/Application.php:107
</failure>
    </testcase>
  </testsuite>
</testsuites>
