<?xml version="1.0" encoding="UTF-8"?>
<testsuites>
  <testsuite name="acceptance" tests="1" assertions="0" failures="0" errors="1" time="63.400318">
    <testcase file="/home/travis/build/wirecard/magento2-ee/tests/acceptance/checkCreditCard3DSFunctionalityHappyPath.feature" name="checkCreditCard3DSFunctionalityHappyPath: try purchaseCheck" feature="try purchaseCheck" assertions="0" time="63.400318">
      <error type="Facebook\WebDriver\Exception\UnknownServerException">checkCreditCard3DSFunctionalityHappyPath: try purchaseCheck
Facebook\WebDriver\Exception\UnknownServerException: element click intercepted: Element &lt;button type="submit" title="Add to Cart" class="action primary tocart" id="product-addtocart-button" disabled=""&gt;...&lt;/button&gt; is not clickable at point (669, 528). Other element would receive the click: &lt;div class="actions"&gt;...&lt;/div&gt;
  (Session info: chrome=75.0.3770.80)
  (Driver info: chromedriver=75.0.3770.8 (681f24ea911fe754973dda2fdc6d2a2e159dd300-refs/branch-heads/3770@{#40}),platform=Windows NT 10.0.16299 x86_64) (WARNING: The server did not provide any stacktrace information)
Command duration or timeout: 60 milliseconds
Build info: version: '2.53.0', revision: '35ae25b', time: '2016-03-15 17:00:58'
System info: host: '207-254-11-1', ip: '207.254.11.1', os.name: 'windows', os.arch: 'x86', os.version: '10.0', java.version: '1.8.0_181'
Driver info: org.openqa.selenium.chrome.ChromeDriver
Capabilities [{mobileEmulationEnabled=false, timeouts={implicit=0, pageLoad=300000, script=30000}, hasTouchScreen=false, platform=XP, acceptSslCerts=false, goog:chromeOptions={debuggerAddress=localhost:2745}, acceptInsecureCerts=false, webStorageEnabled=true, browserName=chrome, takesScreenshot=true, javascriptEnabled=true, setWindowRect=true, unexpectedAlertBehaviour=ignore, applicationCacheEnabled=false, rotatable=false, networkConnectionEnabled=false, chrome={chromedriverVersion=75.0.3770.8 (681f24ea911fe754973dda2fdc6d2a2e159dd300-refs/branch-heads/3770@{#40}), userDataDir=C:\Windows\proxy\scoped_dir10924_4031}, takesHeapSnapshot=true, pageLoadStrategy=normal, strictFileInteractability=false, databaseEnabled=false, handlesAlerts=true, version=75.0.3770.80, browserConnectionEnabled=false, proxy={}, nativeEvents=true, locationContextEnabled=true, cssSelectorsEnabled=true}]
Session ID: 266f33a9710e896881bec540b069f81d

/home/travis/build/wirecard/magento2-ee/vendor/facebook/webdriver/lib/Exception/WebDriverException.php:114
/home/travis/build/wirecard/magento2-ee/vendor/facebook/webdriver/lib/Remote/HttpCommandExecutor.php:331
/home/travis/build/wirecard/magento2-ee/vendor/facebook/webdriver/lib/Remote/RemoteWebDriver.php:565
/home/travis/build/wirecard/magento2-ee/vendor/facebook/webdriver/lib/Remote/RemoteExecuteMethod.php:40
/home/travis/build/wirecard/magento2-ee/vendor/facebook/webdriver/lib/Remote/RemoteWebElement.php:81
/home/travis/build/wirecard/magento2-ee/vendor/codeception/codeception/src/Codeception/Module/WebDriver.php:987
/home/travis/build/wirecard/magento2-ee/vendor/codeception/codeception/src/Codeception/Step.php:265
/home/travis/build/wirecard/magento2-ee/vendor/codeception/codeception/src/Codeception/Scenario.php:72
/home/travis/build/wirecard/magento2-ee/tests/_support/_generated/AcceptanceTesterActions.php:606
/home/travis/build/wirecard/magento2-ee/tests/_support/AcceptanceTester.php:187
/home/travis/build/wirecard/magento2-ee/vendor/codeception/codeception/src/Codeception/Test/Gherkin.php:142
/home/travis/build/wirecard/magento2-ee/vendor/codeception/codeception/src/Codeception/Test/Gherkin.php:83
/home/travis/build/wirecard/magento2-ee/vendor/codeception/codeception/src/Codeception/Test/Test.php:89
/home/travis/build/wirecard/magento2-ee/vendor/codeception/phpunit-wrapper/src/Runner.php:110
/home/travis/build/wirecard/magento2-ee/vendor/codeception/codeception/src/Codeception/SuiteManager.php:158
/home/travis/build/wirecard/magento2-ee/vendor/codeception/codeception/src/Codeception/Codecept.php:192
/home/travis/build/wirecard/magento2-ee/vendor/codeception/codeception/src/Codeception/Codecept.php:159
/home/travis/build/wirecard/magento2-ee/vendor/codeception/codeception/src/Codeception/Command/Run.php:495
/home/travis/build/wirecard/magento2-ee/vendor/codeception/codeception/src/Codeception/Command/Run.php:390
/home/travis/build/wirecard/magento2-ee/vendor/symfony/console/Command/Command.php:255
/home/travis/build/wirecard/magento2-ee/vendor/symfony/console/Application.php:893
/home/travis/build/wirecard/magento2-ee/vendor/symfony/console/Application.php:262
/home/travis/build/wirecard/magento2-ee/vendor/symfony/console/Application.php:145
/home/travis/build/wirecard/magento2-ee/vendor/codeception/codeception/src/Codeception/Application.php:108
</error>
    </testcase>
  </testsuite>
</testsuites>
