<?xml version="1.0" encoding="UTF-8"?>
<testsuites name="Mocha Tests" time="671.4380000000001" tests="14" failures="0">
  <testsuite name="Root Suite" timestamp="2020-01-07T14:47:52" tests="0" failures="0" time="0">
  </testsuite>
  <testsuite name="Payment in Advance test" timestamp="2020-01-07T14:47:52" tests="1" file="/home/travis/shopware/custom/plugins/WirecardElasticEngine/Tests/Selenium/Payments/PiaTest.js" failures="0" time="67.185">
    <testcase name="Payment in Advance test should check the pia payment process" time="67.185" classname="should check the pia payment process">
    </testcase>
  </testsuite>
  <testsuite name="Credit Card test" timestamp="2020-01-07T14:50:12" tests="1" file="/home/travis/shopware/custom/plugins/WirecardElasticEngine/Tests/Selenium/Payments/CreditCardTest.js" failures="0" time="65.426">
    <testcase name="Credit Card test should check the credit card payment process" time="65.426" classname="should check the credit card payment process">
    </testcase>
  </testsuite>
  <testsuite name="Credit Card One-Click Checkout test (NOTE: has requirements)" timestamp="2020-01-07T14:51:30" tests="1" file="/home/travis/shopware/custom/plugins/WirecardElasticEngine/Tests/Selenium/Payments/CreditCardOneClickTest.js" failures="0" time="23.621">
    <testcase name="Credit Card One-Click Checkout test (NOTE: has requirements) should check the credit card one-click payment process" time="23.621" classname="should check the credit card one-click payment process">
    </testcase>
  </testsuite>
  <testsuite name="SEPA Direct Debit test" timestamp="2020-01-07T14:52:05" tests="1" file="/home/travis/shopware/custom/plugins/WirecardElasticEngine/Tests/Selenium/Payments/SepaTest.js" failures="0" time="26.512">
    <testcase name="SEPA Direct Debit test should check the sepa payment process" time="26.512" classname="should check the sepa payment process">
    </testcase>
  </testsuite>
  <testsuite name="Sofort. test" timestamp="2020-01-07T14:52:40" tests="1" file="/home/travis/shopware/custom/plugins/WirecardElasticEngine/Tests/Selenium/Payments/SofortTest.js" failures="0" time="59.186">
    <testcase name="Sofort. test should check the sofort payment process" time="59.186" classname="should check the sofort payment process">
    </testcase>
  </testsuite>
  <testsuite name="Payment on Invoice test" timestamp="2020-01-07T14:53:48" tests="1" file="/home/travis/shopware/custom/plugins/WirecardElasticEngine/Tests/Selenium/Payments/PoiTest.js" failures="0" time="24.104">
    <testcase name="Payment on Invoice test should check the poi payment process" time="24.104" classname="should check the poi payment process">
    </testcase>
  </testsuite>
  <testsuite name="UnionPay International test" timestamp="2020-01-07T14:54:24" tests="1" file="/home/travis/shopware/custom/plugins/WirecardElasticEngine/Tests/Selenium/Payments/UpiTest.js" failures="0" time="33.174">
    <testcase name="UnionPay International test should check the unionpay international payment process" time="33.174" classname="should check the unionpay international payment process">
    </testcase>
  </testsuite>
  <testsuite name="Credit Card 3-D Secure Authorization test" timestamp="2020-01-07T14:55:09" tests="1" file="/home/travis/shopware/custom/plugins/WirecardElasticEngine/Tests/Selenium/Payments/CreditCardThreeDAuthorizationTest.js" failures="0" time="83.387">
    <testcase name="Credit Card 3-D Secure Authorization test should check the credit card 3ds authorization payment process" time="83.387" classname="should check the credit card 3ds authorization payment process">
    </testcase>
  </testsuite>
  <testsuite name="Alipay Cross-border test" timestamp="2020-01-07T14:56:43" tests="1" file="/home/travis/shopware/custom/plugins/WirecardElasticEngine/Tests/Selenium/Payments/AlipayTest.js" failures="0" time="37.129">
    <testcase name="Alipay Cross-border test should check the alipay crossborder payment process" time="37.129" classname="should check the alipay crossborder payment process">
    </testcase>
  </testsuite>
  <testsuite name="PayPal test" timestamp="2020-01-07T14:57:40" tests="1" file="/home/travis/shopware/custom/plugins/WirecardElasticEngine/Tests/Selenium/Payments/PaypalTest.js" failures="0" time="77.554">
    <testcase name="PayPal test should check the paypal payment process" time="77.554" classname="should check the paypal payment process">
    </testcase>
  </testsuite>
  <testsuite name="iDEAL test" timestamp="2020-01-07T14:59:10" tests="1" file="/home/travis/shopware/custom/plugins/WirecardElasticEngine/Tests/Selenium/Payments/IdealTest.js" failures="0" time="37.97">
    <testcase name="iDEAL test should check the ideal payment process" time="37.97" classname="should check the ideal payment process">
    </testcase>
  </testsuite>
  <testsuite name="Guaranteed Invoice by Wirecard test" timestamp="2020-01-07T14:59:59" tests="1" file="/home/travis/shopware/custom/plugins/WirecardElasticEngine/Tests/Selenium/Payments/RatepayTest.js" failures="0" time="36.615">
    <testcase name="Guaranteed Invoice by Wirecard test should check the ratepay invoice process" time="36.615" classname="should check the ratepay invoice process">
    </testcase>
  </testsuite>
  <testsuite name="default test" timestamp="2020-01-07T15:00:43" tests="1" file="/home/travis/shopware/custom/plugins/WirecardElasticEngine/Tests/Selenium/Payments/DefaultTest.js" failures="0" time="16.946">
    <testcase name="default test should check the default checkout" time="16.946" classname="should check the default checkout">
    </testcase>
  </testsuite>
  <testsuite name="Credit Card 3-D Secure test" timestamp="2020-01-07T15:01:10" tests="1" file="/home/travis/shopware/custom/plugins/WirecardElasticEngine/Tests/Selenium/Payments/CreditCardThreeDTest.js" failures="0" time="82.629">
    <testcase name="Credit Card 3-D Secure test should check the credit card 3ds payment process" time="82.629" classname="should check the credit card 3ds payment process">
    </testcase>
  </testsuite>
</testsuites>