<?xml version="1.0" encoding="UTF-8"?>
<testsuites>
  <testsuite name="acceptance" tests="3" assertions="17" failures="3" errors="0" time="1630.153919">
    <testcase file="/home/travis/build/wirecard/magento2-ee/tests/acceptance/CreditCard3DSAuthorizeHappyPath.feature" name="CreditCard3DSAuthorizeHappyPath: authorize" feature="authorize" assertions="6" time="589.844178">
      <failure type="PHPUnit_Framework_ExpectationFailedException">CreditCard3DSAuthorizeHappyPath: authorize
Failed asserting that true matches expected false.

/home/travis/build/wirecard/magento2-ee/vendor/codeception/codeception/src/Codeception/Util/Shared/Asserts.php:37
/home/travis/build/wirecard/magento2-ee/vendor/codeception/codeception/src/Codeception/Module/Asserts.php:36
/home/travis/build/wirecard/magento2-ee/vendor/codeception/codeception/src/Codeception/Step.php:265
/home/travis/build/wirecard/magento2-ee/vendor/codeception/codeception/src/Codeception/Scenario.php:72
/home/travis/build/wirecard/magento2-ee/tests/_support/_generated/AcceptanceTesterActions.php:3151
/home/travis/build/wirecard/magento2-ee/tests/_support/AcceptanceTester.php:283
/home/travis/build/wirecard/magento2-ee/vendor/codeception/codeception/src/Codeception/Test/Gherkin.php:142
/home/travis/build/wirecard/magento2-ee/vendor/codeception/codeception/src/Codeception/Test/Gherkin.php:88
/home/travis/build/wirecard/magento2-ee/vendor/codeception/codeception/src/Codeception/Test/Test.php:89
/home/travis/build/wirecard/magento2-ee/vendor/codeception/phpunit-wrapper/src/Runner.php:110
/home/travis/build/wirecard/magento2-ee/vendor/codeception/codeception/src/Codeception/SuiteManager.php:158
/home/travis/build/wirecard/magento2-ee/vendor/codeception/codeception/src/Codeception/Codecept.php:192
/home/travis/build/wirecard/magento2-ee/vendor/codeception/codeception/src/Codeception/Codecept.php:159
/home/travis/build/wirecard/magento2-ee/vendor/codeception/codeception/src/Codeception/Command/Run.php:495
/home/travis/build/wirecard/magento2-ee/vendor/codeception/codeception/src/Codeception/Command/Run.php:390
/home/travis/build/wirecard/magento2-ee/vendor/symfony/console/Command/Command.php:255
/home/travis/build/wirecard/magento2-ee/vendor/symfony/console/Application.php:893
/home/travis/build/wirecard/magento2-ee/vendor/symfony/console/Application.php:262
/home/travis/build/wirecard/magento2-ee/vendor/symfony/console/Application.php:145
/home/travis/build/wirecard/magento2-ee/vendor/codeception/codeception/src/Codeception/Application.php:108
</failure>
    </testcase>
    <testcase file="/home/travis/build/wirecard/magento2-ee/tests/acceptance/CreditCard3DSPurchaseHappyPath.feature" name="CreditCard3DSPurchaseHappyPath: purchase" feature="purchase" assertions="6" time="562.093644">
      <failure type="PHPUnit_Framework_ExpectationFailedException">CreditCard3DSPurchaseHappyPath: purchase
Failed asserting that true matches expected false.

/home/travis/build/wirecard/magento2-ee/vendor/codeception/codeception/src/Codeception/Util/Shared/Asserts.php:37
/home/travis/build/wirecard/magento2-ee/vendor/codeception/codeception/src/Codeception/Module/Asserts.php:36
/home/travis/build/wirecard/magento2-ee/vendor/codeception/codeception/src/Codeception/Step.php:265
/home/travis/build/wirecard/magento2-ee/vendor/codeception/codeception/src/Codeception/Scenario.php:72
/home/travis/build/wirecard/magento2-ee/tests/_support/_generated/AcceptanceTesterActions.php:3151
/home/travis/build/wirecard/magento2-ee/tests/_support/AcceptanceTester.php:283
/home/travis/build/wirecard/magento2-ee/vendor/codeception/codeception/src/Codeception/Test/Gherkin.php:142
/home/travis/build/wirecard/magento2-ee/vendor/codeception/codeception/src/Codeception/Test/Gherkin.php:88
/home/travis/build/wirecard/magento2-ee/vendor/codeception/codeception/src/Codeception/Test/Test.php:89
/home/travis/build/wirecard/magento2-ee/vendor/codeception/phpunit-wrapper/src/Runner.php:110
/home/travis/build/wirecard/magento2-ee/vendor/codeception/codeception/src/Codeception/SuiteManager.php:158
/home/travis/build/wirecard/magento2-ee/vendor/codeception/codeception/src/Codeception/Codecept.php:192
/home/travis/build/wirecard/magento2-ee/vendor/codeception/codeception/src/Codeception/Codecept.php:159
/home/travis/build/wirecard/magento2-ee/vendor/codeception/codeception/src/Codeception/Command/Run.php:495
/home/travis/build/wirecard/magento2-ee/vendor/codeception/codeception/src/Codeception/Command/Run.php:390
/home/travis/build/wirecard/magento2-ee/vendor/symfony/console/Command/Command.php:255
/home/travis/build/wirecard/magento2-ee/vendor/symfony/console/Application.php:893
/home/travis/build/wirecard/magento2-ee/vendor/symfony/console/Application.php:262
/home/travis/build/wirecard/magento2-ee/vendor/symfony/console/Application.php:145
/home/travis/build/wirecard/magento2-ee/vendor/codeception/codeception/src/Codeception/Application.php:108
</failure>
    </testcase>
    <testcase file="/home/travis/build/wirecard/magento2-ee/tests/acceptance/CreditCardNon3DSPurchaseHappyPath.feature" name="CreditCardNon3DSPurchaseHappyPath: purchase" feature="purchase" assertions="5" time="478.216097">
      <failure type="PHPUnit_Framework_ExpectationFailedException">CreditCardNon3DSPurchaseHappyPath: purchase
Failed asserting that true matches expected false.

/home/travis/build/wirecard/magento2-ee/vendor/codeception/codeception/src/Codeception/Util/Shared/Asserts.php:37
/home/travis/build/wirecard/magento2-ee/vendor/codeception/codeception/src/Codeception/Module/Asserts.php:36
/home/travis/build/wirecard/magento2-ee/vendor/codeception/codeception/src/Codeception/Step.php:265
/home/travis/build/wirecard/magento2-ee/vendor/codeception/codeception/src/Codeception/Scenario.php:72
/home/travis/build/wirecard/magento2-ee/tests/_support/_generated/AcceptanceTesterActions.php:3151
/home/travis/build/wirecard/magento2-ee/tests/_support/AcceptanceTester.php:283
/home/travis/build/wirecard/magento2-ee/vendor/codeception/codeception/src/Codeception/Test/Gherkin.php:142
/home/travis/build/wirecard/magento2-ee/vendor/codeception/codeception/src/Codeception/Test/Gherkin.php:88
/home/travis/build/wirecard/magento2-ee/vendor/codeception/codeception/src/Codeception/Test/Test.php:89
/home/travis/build/wirecard/magento2-ee/vendor/codeception/phpunit-wrapper/src/Runner.php:110
/home/travis/build/wirecard/magento2-ee/vendor/codeception/codeception/src/Codeception/SuiteManager.php:158
/home/travis/build/wirecard/magento2-ee/vendor/codeception/codeception/src/Codeception/Codecept.php:192
/home/travis/build/wirecard/magento2-ee/vendor/codeception/codeception/src/Codeception/Codecept.php:159
/home/travis/build/wirecard/magento2-ee/vendor/codeception/codeception/src/Codeception/Command/Run.php:495
/home/travis/build/wirecard/magento2-ee/vendor/codeception/codeception/src/Codeception/Command/Run.php:390
/home/travis/build/wirecard/magento2-ee/vendor/symfony/console/Command/Command.php:255
/home/travis/build/wirecard/magento2-ee/vendor/symfony/console/Application.php:893
/home/travis/build/wirecard/magento2-ee/vendor/symfony/console/Application.php:262
/home/travis/build/wirecard/magento2-ee/vendor/symfony/console/Application.php:145
/home/travis/build/wirecard/magento2-ee/vendor/codeception/codeception/src/Codeception/Application.php:108
</failure>
    </testcase>
  </testsuite>
</testsuites>
