<?xml version="1.0" encoding="UTF-8"?>
<testsuites>
  <testsuite name="acceptance" tests="3" assertions="17" failures="0" errors="0" time="259.537996">
    <testcase file="/home/travis/build/wirecard/woocommerce-ee/wirecard-woocommerce-extension/tests/acceptance/CreditCard3DSAuthorizationHappyPath.feature" name="CreditCard3DSAuthorizationHappyPath: authorize" feature="authorize" assertions="6" time="72.187637"/>
    <testcase file="/home/travis/build/wirecard/woocommerce-ee/wirecard-woocommerce-extension/tests/acceptance/CreditCard3DSPurchaseHappyPath.feature" name="CreditCard3DSPurchaseHappyPath: purchase" feature="purchase" assertions="6" time="132.048502"/>
    <testcase file="/home/travis/build/wirecard/woocommerce-ee/wirecard-woocommerce-extension/tests/acceptance/CreditCardNon3DSPurchaseHappyPath.feature" name="CreditCardNon3DSPurchaseHappyPath: purchase" feature="purchase" assertions="5" time="55.301857"/>
  </testsuite>
</testsuites>
