<?xml version="1.0" encoding="UTF-8"?>
<testsuites>
  <testsuite name="acceptance" tests="5" assertions="28" failures="0" errors="0" time="365.236334">
    <testcase file="/home/travis/build/wirecard/woocommerce-ee/wirecard-woocommerce-extension/tests/acceptance/CreditCard3DSAuthorizationHappyPath.feature" name="CreditCard3DSAuthorizationHappyPath: authorize" feature="authorize" assertions="6" time="75.491461"/>
    <testcase file="/home/travis/build/wirecard/woocommerce-ee/wirecard-woocommerce-extension/tests/acceptance/CreditCard3DSPurchaseHappyPath.feature" name="CreditCard3DSPurchaseHappyPath: purchase" feature="purchase" assertions="6" time="72.369786"/>
    <testcase file="/home/travis/build/wirecard/woocommerce-ee/wirecard-woocommerce-extension/tests/acceptance/CreditCardNon3DSAuthorizationHappyPath.feature" name="CreditCardNon3DSAuthorizationHappyPath: authorize" feature="authorize" assertions="5" time="60.141064"/>
    <testcase file="/home/travis/build/wirecard/woocommerce-ee/wirecard-woocommerce-extension/tests/acceptance/CreditCardNon3DSPurchaseHappyPath.feature" name="CreditCardNon3DSPurchaseHappyPath: purchase" feature="purchase" assertions="5" time="58.376577"/>
    <testcase file="/home/travis/build/wirecard/woocommerce-ee/wirecard-woocommerce-extension/tests/acceptance/PayPalPurchaseHappyPath.feature" name="PayPalPurchaseHappyPath: purchase" feature="purchase" assertions="6" time="98.857446"/>
  </testsuite>
</testsuites>
