<?xml version="1.0" encoding="UTF-8"?>
<testsuites name="Mocha Tests" time="676.0620000000001" tests="14" failures="1">
  <testsuite name="Root Suite" timestamp="2019-10-11T11:18:32" tests="0" failures="0" time="0">
  </testsuite>
  <testsuite name="Payment in Advance test" timestamp="2019-10-11T11:18:32" tests="1" file="/home/travis/shopware/custom/plugins/WirecardElasticEngine/Tests/Selenium/Payments/PiaTest.js" failures="0" time="95.967">
    <testcase name="Payment in Advance test should check the pia payment process" time="95.967" classname="should check the pia payment process">
    </testcase>
  </testsuite>
  <testsuite name="Credit Card test" timestamp="2019-10-11T11:20:15" tests="1" file="/home/travis/shopware/custom/plugins/WirecardElasticEngine/Tests/Selenium/Payments/CreditCardTest.js" failures="0" time="64.902">
    <testcase name="Credit Card test should check the credit card payment process" time="64.902" classname="should check the credit card payment process">
    </testcase>
  </testsuite>
  <testsuite name="Credit Card One-Click Checkout test (NOTE: has requirements)" timestamp="2019-10-11T11:21:31" tests="1" file="/home/travis/shopware/custom/plugins/WirecardElasticEngine/Tests/Selenium/Payments/CreditCardOneClickTest.js" failures="0" time="24.765">
    <testcase name="Credit Card One-Click Checkout test (NOTE: has requirements) should check the credit card one-click payment process" time="24.765" classname="should check the credit card one-click payment process">
    </testcase>
  </testsuite>
  <testsuite name="SEPA Direct Debit test" timestamp="2019-10-11T11:22:04" tests="1" file="/home/travis/shopware/custom/plugins/WirecardElasticEngine/Tests/Selenium/Payments/SepaTest.js" failures="0" time="28.734">
    <testcase name="SEPA Direct Debit test should check the sepa payment process" time="28.734" classname="should check the sepa payment process">
    </testcase>
  </testsuite>
  <testsuite name="Sofort. test" timestamp="2019-10-11T11:22:43" tests="1" file="/home/travis/shopware/custom/plugins/WirecardElasticEngine/Tests/Selenium/Payments/SofortTest.js" failures="0" time="59.226">
    <testcase name="Sofort. test should check the sofort payment process" time="59.226" classname="should check the sofort payment process">
    </testcase>
  </testsuite>
  <testsuite name="Payment on Invoice test" timestamp="2019-10-11T11:23:50" tests="1" file="/home/travis/shopware/custom/plugins/WirecardElasticEngine/Tests/Selenium/Payments/PoiTest.js" failures="0" time="25.767">
    <testcase name="Payment on Invoice test should check the poi payment process" time="25.767" classname="should check the poi payment process">
    </testcase>
  </testsuite>
  <testsuite name="UnionPay International test" timestamp="2019-10-11T11:24:32" tests="1" file="/home/travis/shopware/custom/plugins/WirecardElasticEngine/Tests/Selenium/Payments/UpiTest.js" failures="0" time="35.51">
    <testcase name="UnionPay International test should check the unionpay international payment process" time="35.51" classname="should check the unionpay international payment process">
    </testcase>
  </testsuite>
  <testsuite name="Credit Card 3-D Secure Authorization test" timestamp="2019-10-11T11:25:16" tests="1" file="/home/travis/shopware/custom/plugins/WirecardElasticEngine/Tests/Selenium/Payments/CreditCardThreeDAuthorizationTest.js" failures="0" time="85.287">
    <testcase name="Credit Card 3-D Secure Authorization test should check the credit card 3ds authorization payment process" time="85.287" classname="should check the credit card 3ds authorization payment process">
    </testcase>
  </testsuite>
  <testsuite name="Alipay Cross-border test" timestamp="2019-10-11T11:26:49" tests="1" file="/home/travis/shopware/custom/plugins/WirecardElasticEngine/Tests/Selenium/Payments/AlipayTest.js" failures="0" time="34.338">
    <testcase name="Alipay Cross-border test should check the alipay crossborder payment process" time="34.338" classname="should check the alipay crossborder payment process">
    </testcase>
  </testsuite>
  <testsuite name="PayPal test" timestamp="2019-10-11T11:27:36" tests="1" file="/home/travis/shopware/custom/plugins/WirecardElasticEngine/Tests/Selenium/Payments/PaypalTest.js" failures="1" time="59.165">
    <testcase name="PayPal test should check the paypal payment process" time="59.165" classname="should check the paypal payment process">
      <failure message="Waiting for element to be located By(css selector, *[id=&quot;confirmButtonTop&quot;])
Wait timed out after 25053ms" type="TimeoutError"><![CDATA[TimeoutError: Waiting for element to be located By(css selector, *[id="confirmButtonTop"])
Wait timed out after 25053ms
    at /home/travis/shopware/custom/plugins/WirecardElasticEngine/node_modules/selenium-webdriver/lib/webdriver.js:841:17
    at <anonymous>
    at process._tickCallback (internal/process/next_tick.js:188:7)]]></failure>
    </testcase>
  </testsuite>
  <testsuite name="iDEAL test" timestamp="2019-10-11T11:28:43" tests="1" file="/home/travis/shopware/custom/plugins/WirecardElasticEngine/Tests/Selenium/Payments/IdealTest.js" failures="0" time="28.609">
    <testcase name="iDEAL test should check the ideal payment process" time="28.609" classname="should check the ideal payment process">
    </testcase>
  </testsuite>
  <testsuite name="Guaranteed Invoice by Wirecard test" timestamp="2019-10-11T11:29:18" tests="1" file="/home/travis/shopware/custom/plugins/WirecardElasticEngine/Tests/Selenium/Payments/RatepayTest.js" failures="0" time="34.459">
    <testcase name="Guaranteed Invoice by Wirecard test should check the ratepay invoice process" time="34.459" classname="should check the ratepay invoice process">
    </testcase>
  </testsuite>
  <testsuite name="default test" timestamp="2019-10-11T11:30:00" tests="1" file="/home/travis/shopware/custom/plugins/WirecardElasticEngine/Tests/Selenium/Payments/DefaultTest.js" failures="0" time="17.359">
    <testcase name="default test should check the default checkout" time="17.359" classname="should check the default checkout">
    </testcase>
  </testsuite>
  <testsuite name="Credit Card 3-D Secure test" timestamp="2019-10-11T11:30:30" tests="1" file="/home/travis/shopware/custom/plugins/WirecardElasticEngine/Tests/Selenium/Payments/CreditCardThreeDTest.js" failures="0" time="81.974">
    <testcase name="Credit Card 3-D Secure test should check the credit card 3ds payment process" time="81.974" classname="should check the credit card 3ds payment process">
    </testcase>
  </testsuite>
</testsuites>