<?xml version="1.0" encoding="UTF-8"?>
<testsuites>
  <testsuite name="acceptance" tests="32" assertions="182" failures="1" errors="0" time="1340.536890">
    <testcase file="/home/travis/build/wirecard/paymentSDK-php/tests/acceptance/CreditCard3DSAuthorizationAndPostprocessingHappyPath.feature" name="CreditCard3DSAuthorizationAndPostprocessingHappyPath: authorization" feature="authorization" assertions="8" time="64.444766"/>
    <testcase file="/home/travis/build/wirecard/paymentSDK-php/tests/acceptance/CreditCard3DSAuthorizationAndPostprocessingHappyPath.feature" name="CreditCard3DSAuthorizationAndPostprocessingHappyPath: capture" feature="capture" assertions="6" time="37.649662"/>
    <testcase file="/home/travis/build/wirecard/paymentSDK-php/tests/acceptance/CreditCard3DSAuthorizationAndPostprocessingHappyPath.feature" name="CreditCard3DSAuthorizationAndPostprocessingHappyPath: refund" feature="refund" assertions="8" time="53.265429"/>
    <testcase file="/home/travis/build/wirecard/paymentSDK-php/tests/acceptance/CreditCard3DSAuthorizationAndPostprocessingHappyPath.feature" name="CreditCard3DSAuthorizationAndPostprocessingHappyPath: cancel" feature="cancel" assertions="6" time="40.498417"/>
    <testcase file="/home/travis/build/wirecard/paymentSDK-php/tests/acceptance/CreditCard3DSPurchaseAndPostprocessingHappyPath.feature" name="CreditCard3DSPurchaseAndPostprocessingHappyPath: purchase" feature="purchase" assertions="5" time="31.626483"/>
    <testcase file="/home/travis/build/wirecard/paymentSDK-php/tests/acceptance/CreditCard3DSPurchaseAndPostprocessingHappyPath.feature" name="CreditCard3DSPurchaseAndPostprocessingHappyPath: refundOrcancel" feature="refundOrcancel" assertions="6" time="40.402281"/>
    <testcase file="/home/travis/build/wirecard/paymentSDK-php/tests/acceptance/CreditCard3DSWppv2AuthorizationAndPostprocessingHappyPath.feature" name="CreditCard3DSWppv2AuthorizationAndPostprocessingHappyPath: authorization" feature="authorization" assertions="8" time="52.494598"/>
    <testcase file="/home/travis/build/wirecard/paymentSDK-php/tests/acceptance/CreditCard3DSWppv2AuthorizationAndPostprocessingHappyPath.feature" name="CreditCard3DSWppv2AuthorizationAndPostprocessingHappyPath: capture" feature="capture" assertions="6" time="36.344478"/>
    <testcase file="/home/travis/build/wirecard/paymentSDK-php/tests/acceptance/CreditCard3DSWppv2AuthorizationAndPostprocessingHappyPath.feature" name="CreditCard3DSWppv2AuthorizationAndPostprocessingHappyPath: refund" feature="refund" assertions="8" time="44.225224"/>
    <testcase file="/home/travis/build/wirecard/paymentSDK-php/tests/acceptance/CreditCard3DSWppv2AuthorizationAndPostprocessingHappyPath.feature" name="CreditCard3DSWppv2AuthorizationAndPostprocessingHappyPath: cancel" feature="cancel" assertions="6" time="38.334362"/>
    <testcase file="/home/travis/build/wirecard/paymentSDK-php/tests/acceptance/CreditCard3DSWppv2PurchaseHappyPath.feature" name="CreditCard3DSWppv2PurchaseHappyPath: purchase" feature="purchase" assertions="5" time="29.292711"/>
    <testcase file="/home/travis/build/wirecard/paymentSDK-php/tests/acceptance/CreditCard3DSWppv2PurchaseHappyPath.feature" name="CreditCard3DSWppv2PurchaseHappyPath: voidPurchase" feature="voidPurchase" assertions="6" time="37.236489"/>
    <testcase file="/home/travis/build/wirecard/paymentSDK-php/tests/acceptance/CreditCardNon3DSAuthorizationAndPostprocessingHappyPath.feature" name="CreditCardNon3DSAuthorizationAndPostprocessingHappyPath: authorization" feature="authorization" assertions="3" time="13.747731"/>
    <testcase file="/home/travis/build/wirecard/paymentSDK-php/tests/acceptance/CreditCardNon3DSAuthorizationAndPostprocessingHappyPath.feature" name="CreditCardNon3DSAuthorizationAndPostprocessingHappyPath: capture" feature="capture" assertions="5" time="40.604449"/>
    <testcase file="/home/travis/build/wirecard/paymentSDK-php/tests/acceptance/CreditCardNon3DSAuthorizationAndPostprocessingHappyPath.feature" name="CreditCardNon3DSAuthorizationAndPostprocessingHappyPath: refund" feature="refund" assertions="6" time="27.597084"/>
    <testcase file="/home/travis/build/wirecard/paymentSDK-php/tests/acceptance/CreditCardNon3DSAuthorizationAndPostprocessingHappyPath.feature" name="CreditCardNon3DSAuthorizationAndPostprocessingHappyPath: cancel" feature="cancel" assertions="4" time="21.875735"/>
    <testcase file="/home/travis/build/wirecard/paymentSDK-php/tests/acceptance/CreditCardNon3DSPurchaseAndPostprocessingHappyPath.feature" name="CreditCardNon3DSPurchaseAndPostprocessingHappyPath: purchase" feature="purchase" assertions="3" time="14.999059"/>
    <testcase file="/home/travis/build/wirecard/paymentSDK-php/tests/acceptance/CreditCardNon3DSPurchaseAndPostprocessingHappyPath.feature" name="CreditCardNon3DSPurchaseAndPostprocessingHappyPath: refundOrcancel" feature="refundOrcancel" assertions="4" time="20.835402"/>
    <testcase file="/home/travis/build/wirecard/paymentSDK-php/tests/acceptance/CreditCardNon3DSTokenizePurchaseHappyPath.feature" name="CreditCardNon3DSTokenizePurchaseHappyPath: purchase" feature="purchase" assertions="3" time="16.308349"/>
    <testcase file="/home/travis/build/wirecard/paymentSDK-php/tests/acceptance/CreditCardNon3DSTokenizePurchaseHappyPath.feature" name="CreditCardNon3DSTokenizePurchaseHappyPath: voidPurchase" feature="voidPurchase" assertions="4" time="20.977098"/>
    <testcase file="/home/travis/build/wirecard/paymentSDK-php/tests/acceptance/CreditCardNon3DSWppv2AuthorizationAndPostprocessingHappyPath.feature" name="CreditCardNon3DSWppv2AuthorizationAndPostprocessingHappyPath: authorization" feature="authorization" assertions="6" time="29.990356"/>
    <testcase file="/home/travis/build/wirecard/paymentSDK-php/tests/acceptance/CreditCardNon3DSWppv2AuthorizationAndPostprocessingHappyPath.feature" name="CreditCardNon3DSWppv2AuthorizationAndPostprocessingHappyPath: capture" feature="capture" assertions="5" time="17.158778"/>
    <testcase file="/home/travis/build/wirecard/paymentSDK-php/tests/acceptance/CreditCardNon3DSWppv2AuthorizationAndPostprocessingHappyPath.feature" name="CreditCardNon3DSWppv2AuthorizationAndPostprocessingHappyPath: refund" feature="refund" assertions="7" time="23.972359"/>
    <testcase file="/home/travis/build/wirecard/paymentSDK-php/tests/acceptance/CreditCardNon3DSWppv2AuthorizationAndPostprocessingHappyPath.feature" name="CreditCardNon3DSWppv2AuthorizationAndPostprocessingHappyPath: cancel" feature="cancel" assertions="5" time="17.636949"/>
    <testcase file="/home/travis/build/wirecard/paymentSDK-php/tests/acceptance/CreditCardNon3DSWppv2PurchaseHappyPath.feature" name="CreditCardNon3DSWppv2PurchaseHappyPath: purchase" feature="purchase" assertions="1" time="51.445831">
      <failure type="PHPUnit_Framework_ExpectationFailedException">CreditCardNon3DSWppv2PurchaseHappyPath: purchase
Failed asserting that '/examples/payments/CreditCard/createUiWppV2NonThreeD.php' contains "reserve".

/home/travis/build/wirecard/paymentSDK-php/vendor/codeception/phpunit-wrapper/src/TestCase.php:47
/home/travis/build/wirecard/paymentSDK-php/vendor/codeception/codeception/src/Codeception/Util/Shared/Asserts.php:449
/home/travis/build/wirecard/paymentSDK-php/vendor/codeception/codeception/src/Codeception/Module/WebDriver.php:1177
/home/travis/build/wirecard/paymentSDK-php/vendor/codeception/codeception/src/Codeception/Step.php:265
/home/travis/build/wirecard/paymentSDK-php/vendor/codeception/codeception/src/Codeception/Scenario.php:72
/home/travis/build/wirecard/paymentSDK-php/tests/_support/_generated/AcceptanceTesterActions.php:736
/home/travis/build/wirecard/paymentSDK-php/tests/_support/AcceptanceTester.php:190
/home/travis/build/wirecard/paymentSDK-php/vendor/codeception/codeception/src/Codeception/Test/Gherkin.php:142
/home/travis/build/wirecard/paymentSDK-php/vendor/codeception/codeception/src/Codeception/Test/Gherkin.php:88
/home/travis/build/wirecard/paymentSDK-php/vendor/codeception/codeception/src/Codeception/Test/Test.php:88
/home/travis/build/wirecard/paymentSDK-php/vendor/codeception/phpunit-wrapper/src/Runner.php:110
/home/travis/build/wirecard/paymentSDK-php/vendor/codeception/codeception/src/Codeception/SuiteManager.php:158
/home/travis/build/wirecard/paymentSDK-php/vendor/codeception/codeception/src/Codeception/Codecept.php:192
/home/travis/build/wirecard/paymentSDK-php/vendor/codeception/codeception/src/Codeception/Codecept.php:159
/home/travis/build/wirecard/paymentSDK-php/vendor/codeception/codeception/src/Codeception/Command/Run.php:494
/home/travis/build/wirecard/paymentSDK-php/vendor/codeception/codeception/src/Codeception/Command/Run.php:389
/home/travis/build/wirecard/paymentSDK-php/vendor/symfony/console/Command/Command.php:255
/home/travis/build/wirecard/paymentSDK-php/vendor/symfony/console/Application.php:1011
/home/travis/build/wirecard/paymentSDK-php/vendor/symfony/console/Application.php:272
/home/travis/build/wirecard/paymentSDK-php/vendor/symfony/console/Application.php:148
/home/travis/build/wirecard/paymentSDK-php/vendor/codeception/codeception/src/Codeception/Application.php:107
</failure>
    </testcase>
    <testcase file="/home/travis/build/wirecard/paymentSDK-php/tests/acceptance/CreditCardNon3DSWppv2PurchaseHappyPath.feature" name="CreditCardNon3DSWppv2PurchaseHappyPath: voidPurchase" feature="voidPurchase" assertions="5" time="17.844291"/>
    <testcase file="/home/travis/build/wirecard/paymentSDK-php/tests/acceptance/PayPalAuthorizationAndPostProcessingHappyPath.feature" name="PayPalAuthorizationAndPostProcessingHappyPath: authorization" feature="authorization" assertions="7" time="82.791113"/>
    <testcase file="/home/travis/build/wirecard/paymentSDK-php/tests/acceptance/PayPalAuthorizationAndPostProcessingHappyPath.feature" name="PayPalAuthorizationAndPostProcessingHappyPath: capture" feature="capture" assertions="6" time="104.842761"/>
    <testcase file="/home/travis/build/wirecard/paymentSDK-php/tests/acceptance/PayPalAuthorizationAndPostProcessingHappyPath.feature" name="PayPalAuthorizationAndPostProcessingHappyPath: refund" feature="refund" assertions="8" time="114.566790"/>
    <testcase file="/home/travis/build/wirecard/paymentSDK-php/tests/acceptance/PayPalAuthorizationAndPostProcessingHappyPath.feature" name="PayPalAuthorizationAndPostProcessingHappyPath: cancel" feature="cancel" assertions="6" time="53.987859"/>
    <testcase file="/home/travis/build/wirecard/paymentSDK-php/tests/acceptance/PayPalAuthorizationHappyPath.feature" name="PayPalAuthorizationHappyPath: authorization" feature="authorization" assertions="8" time="67.870655"/>
    <testcase file="/home/travis/build/wirecard/paymentSDK-php/tests/acceptance/PayPalPurchaseHappyPath.feature" name="PayPalPurchaseHappyPath: purchase" feature="purchase" assertions="8" time="75.669340"/>
  </testsuite>
</testsuites>
