<?xml version="1.0" encoding="UTF-8"?>
<testsuites name="Mocha Tests" time="752.0840000000001" tests="15" failures="2">
  <testsuite name="Root Suite" timestamp="2019-10-22T07:01:38" tests="0" failures="0" time="0">
  </testsuite>
  <testsuite name="Payment In Advance test" timestamp="2019-10-22T07:01:38" tests="1" file="/home/travis/build/wirecard/magento-ee/tests/Selenium/Payments/PiaTest.js" failures="0" time="26.597">
    <testcase name="Payment In Advance test should check the pia payment process" time="26.597" classname="should check the pia payment process">
    </testcase>
  </testsuite>
  <testsuite name="Credit Card test" timestamp="2019-10-22T07:02:13" tests="1" file="/home/travis/build/wirecard/magento-ee/tests/Selenium/Payments/CreditCardTest.js" failures="0" time="32.01">
    <testcase name="Credit Card test should check the credit card payment process" time="32.01" classname="should check the credit card payment process">
    </testcase>
  </testsuite>
  <testsuite name="payolution invoice test" timestamp="2019-10-22T07:02:55" tests="1" file="/home/travis/build/wirecard/magento-ee/tests/Selenium/Payments/PayolutionTest.js" failures="0" time="29.034">
    <testcase name="payolution invoice test should check the payolution invoice payment process" time="29.034" classname="should check the payolution invoice payment process">
    </testcase>
  </testsuite>
  <testsuite name="SEPA Direct Debit test" timestamp="2019-10-22T07:03:32" tests="1" file="/home/travis/build/wirecard/magento-ee/tests/Selenium/Payments/SepaTest.js" failures="0" time="90.113">
    <testcase name="SEPA Direct Debit test should check the sepa direct debit payment process" time="90.113" classname="should check the sepa direct debit payment process">
    </testcase>
  </testsuite>
  <testsuite name="Credit Card 3-D Secure test" timestamp="2019-10-22T07:05:15" tests="1" file="/home/travis/build/wirecard/magento-ee/tests/Selenium/Payments/CreditCard3dsTest.js" failures="0" time="109.28">
    <testcase name="Credit Card 3-D Secure test should check the credit card 3ds payment process" time="109.28" classname="should check the credit card 3ds payment process">
    </testcase>
  </testsuite>
  <testsuite name="eps test" timestamp="2019-10-22T07:07:18" tests="1" file="/home/travis/build/wirecard/magento-ee/tests/Selenium/Payments/EpsTest.js" failures="1" time="120.024">
    <testcase name="eps test should check the eps payment process" time="120.024" classname="should check the eps payment process">
      <failure message="Timeout of 120000ms exceeded. For async tests and hooks, ensure &quot;done()&quot; is called; if returning a Promise, ensure it resolves. (/home/travis/build/wirecard/magento-ee/tests/Selenium/Payments/EpsTest.js)" type="Error"><![CDATA[Error: Timeout of 120000ms exceeded. For async tests and hooks, ensure "done()" is called; if returning a Promise, ensure it resolves. (/home/travis/build/wirecard/magento-ee/tests/Selenium/Payments/EpsTest.js)]]></failure>
    </testcase>
  </testsuite>
  <testsuite name="Sofort. test" timestamp="2019-10-22T07:09:29" tests="1" file="/home/travis/build/wirecard/magento-ee/tests/Selenium/Payments/SofortTest.js" failures="0" time="44.547">
    <testcase name="Sofort. test should check the sofort banking payment process" time="44.547" classname="should check the sofort banking payment process">
    </testcase>
  </testsuite>
  <testsuite name="Payment On Invoice test" timestamp="2019-10-22T07:10:25" tests="1" file="/home/travis/build/wirecard/magento-ee/tests/Selenium/Payments/PoiTest.js" failures="0" time="21.161">
    <testcase name="Payment On Invoice test should check the poi payment process" time="21.161" classname="should check the poi payment process">
    </testcase>
  </testsuite>
  <testsuite name="Unionpay International test" timestamp="2019-10-22T07:10:53" tests="1" file="/home/travis/build/wirecard/magento-ee/tests/Selenium/Payments/UpiTest.js" failures="0" time="25.469">
    <testcase name="Unionpay International test should check the unionpay international process" time="25.469" classname="should check the unionpay international process">
    </testcase>
  </testsuite>
  <testsuite name="Maestro SecureCode test" timestamp="2019-10-22T07:11:27" tests="1" file="/home/travis/build/wirecard/magento-ee/tests/Selenium/Payments/MaestroTest.js" failures="0" time="46.109">
    <testcase name="Maestro SecureCode test should check the maestro payment process" time="46.109" classname="should check the maestro payment process">
    </testcase>
  </testsuite>
  <testsuite name="Alipay test" timestamp="2019-10-22T07:12:22" tests="1" file="/home/travis/build/wirecard/magento-ee/tests/Selenium/Payments/AlipayTest.js" failures="1" time="111.93">
    <testcase name="Alipay test should check the alipay payment process" time="111.93" classname="should check the alipay payment process">
      <failure message="Waiting for element to be located By(css selector, .payAmount-area)
Wait timed out after 30301ms" type="TimeoutError"><![CDATA[TimeoutError: Waiting for element to be located By(css selector, .payAmount-area)
Wait timed out after 30301ms
    at /home/travis/build/wirecard/magento-ee/node_modules/selenium-webdriver/lib/webdriver.js:841:17
    at <anonymous>
    at process._tickCallback (internal/process/next_tick.js:188:7)]]></failure>
    </testcase>
  </testsuite>
  <testsuite name="iDEAL test" timestamp="2019-10-22T07:14:36" tests="1" file="/home/travis/build/wirecard/magento-ee/tests/Selenium/Payments/IdealTest.js" failures="0" time="22.759">
    <testcase name="iDEAL test should check the ideal payment process" time="22.759" classname="should check the ideal payment process">
    </testcase>
  </testsuite>
  <testsuite name="ratepay invoice test" timestamp="2019-10-22T07:15:07" tests="1" file="/home/travis/build/wirecard/magento-ee/tests/Selenium/Payments/RatepayTest.js" failures="0" time="20.249">
    <testcase name="ratepay invoice test should check the ratepay invoice payment process" time="20.249" classname="should check the ratepay invoice payment process">
    </testcase>
  </testsuite>
  <testsuite name="Giropay test" timestamp="2019-10-22T07:15:33" tests="1" file="/home/travis/build/wirecard/magento-ee/tests/Selenium/Payments/GiropayTest.js" failures="0" time="35.295">
    <testcase name="Giropay test should check the giropay payment process" time="35.295" classname="should check the giropay payment process">
    </testcase>
  </testsuite>
  <testsuite name="default test" timestamp="2019-10-22T07:16:16" tests="1" file="/home/travis/build/wirecard/magento-ee/tests/Selenium/Payments/DefaultTest.js" failures="0" time="17.507">
    <testcase name="default test should check the default checkout" time="17.507" classname="should check the default checkout">
    </testcase>
  </testsuite>
</testsuites>