<?xml version="1.0" encoding="UTF-8"?>
<testsuites>
  <testsuite name="PHPUnit" tests="24" assertions="24" failures="1" errors="0" time="553.644599">
    <testsuite name="Wirecard\Oxid\Tests\Acceptance\AlipayCrossBorderCheckoutTest" file="/var/www/html/source/modules/wirecard/paymentgateway/Tests/Acceptance/AlipayCrossBorderCheckoutTest.php" tests="1" assertions="0" failures="1" errors="0" time="69.404049">
      <testcase name="testCheckout" class="Wirecard\Oxid\Tests\Acceptance\AlipayCrossBorderCheckoutTest" file="/var/www/html/source/modules/wirecard/paymentgateway/Tests/Acceptance/AlipayCrossBorderCheckoutTest.php" line="24" assertions="0" time="69.404049">
        <failure type="OxidEsales\TestingLibrary\RetryTestException">Wirecard\Oxid\Tests\Acceptance\AlipayCrossBorderCheckoutTest::testCheckout
Timeout waiting for '//input[@name='loginId']'.
Selected Frame: 'relative=top'

/var/www/html/source/modules/wirecard/paymentgateway/Tests/Acceptance/AlipayCrossBorderCheckoutTest.php:28 (goThroughExternalFlow)
/var/www/html/source/modules/wirecard/paymentgateway/Tests/Acceptance/AlipayCrossBorderCheckoutTest.php:38 (waitForElement)
/var/www/html/vendor/oxid-esales/testing-library/library/AcceptanceTestCase.php:1123 (_waitForAppear)
/var/www/html/vendor/oxid-esales/testing-library/library/AcceptanceTestCase.php:1240 (retryTest)
/var/www/html/vendor/oxid-esales/testing-library/library/AcceptanceTestCase.php:1843 (Exceptional case: index 'function' not set in exception!)

Test failed with /var/www/html/source/log/oxideshop.log entry:
[2019-11-07 12:51:58] OXID Logger.DEBUG: Request body: {"payment":{"request-id":"7e500f76080d7b8129b0553e14c9186f","merchant-account-id":{"value":"47cd4edf-b13c-4298-9344-53119ab8b9df"},"payment-methods":{"payment-method":[{"name":"alipay-xborder"}]},"account-holder":{"last-name":"Test","first-name":"Payment","email":"payment@test.com","date-of-birth":"12-12-1999","phone":"123456","address":{"street1":"Tester Street 1","city":"Graz","country":"AT","postal-code":"8020"},"gender":"m"},"ip-address":"172.18.0.2","shipping":{"last-name":"Test","first-name":"Payment","phone":"123456","address":{"street1":"Tester Street 1","city":"Graz","country":"AT","postal-code":"8020"}},"order-items":{"order-item":[{"name":"Test Article","quantity":1,"amount":{"currency":"EUR","value":100.99},"description":"","article-number":"1337","tax-rate":19},{"name":"Shipping","quantity":1,"amount":{"currency":"EUR","value":6.9},"description":"Shipping","article-number":"Shipping","tax-rate":19}]},"device":{"fingerprint":"47cd4edf-b13c-4298-9344-53119ab8b9df_vu4jnml2mh4cc0u3leosgfmqb0","type":"pc","operating-system":"other"},"order-number":"2bcf20d8bc30af517db5cf081a2cd5fc","descriptor":"OXID eSho 2bcf20d8bc30af517","requested-amount":{"currency":"EUR","value":107.89},"notifications":{"notification":[{"url":"http:\/\/localhost.dev\/index.php?cl=wcpg_notifyhandler&amp;fnc=handleRequest&amp;pmt=wdalipay-xborder&amp;lang=1"}]},"success-redirect-url":"http:\/\/localhost.dev\/index.php?lang=1&amp;cl=order&amp;wdpayment=042ed824a801b1f&amp;force_sid=vu4jnml2mh4cc0u3leosgfmqb0","cancel-redirect-url":"http:\/\/localhost.dev\/index.php?lang=1&amp;cl=payment&amp;payerror=-100&amp;force_sid=vu4jnml2mh4cc0u3leosgfmqb0","fail-redirect-url":"http:\/\/localhost.dev\/index.php?lang=1&amp;cl=payment&amp;payerror=-101&amp;force_sid=vu4jnml2mh4cc0u3leosgfmqb0","custom-fields":{"custom-field":[{"field-name":"paysdk_shopName","field-value":"OXID eShop 6"},{"field-name":"paysdk_shopVersion","field-value":"6.1.5"},{"field-name":"paysdk_pluginName","field-value":"Wirecard OXID Module"},{"field-name":"paysdk_pluginVersion","field-value":"1.2.1"}]},"locale":"en","entry-mode":"ecommerce","transaction-type":"debit"}} [] []
[2019-11-07 12:51:59] OXID Logger.DEBUG: &lt;?xml version="1.0" encoding="UTF-8" standalone="yes"?&gt;&lt;payment xmlns="http://www.elastic-payments.com/schema/payment"&gt;&lt;merchant-account-id&gt;47cd4edf-b13c-4298-9344-53119ab8b9df&lt;/merchant-account-id&gt;&lt;transaction-id&gt;dfb3adb5-386f-471b-abdb-dd58318c4634&lt;/transaction-id&gt;&lt;request-id&gt;7e500f76080d7b8129b0553e14c9186f-get-url&lt;/request-id&gt;&lt;transaction-type&gt;get-url&lt;/transaction-type&gt;&lt;transaction-state&gt;success&lt;/transaction-state&gt;&lt;completion-time-stamp&gt;2019-11-07T11:51:59.000Z&lt;/completion-time-stamp&gt;&lt;statuses&gt;&lt;status code="201.0000" description="The resource was successfully created." severity="information"/&gt;&lt;/statuses&gt;&lt;requested-amount currency="EUR"&gt;107.89&lt;/requested-amount&gt;&lt;account-holder&gt;&lt;first-name&gt;Payment&lt;/first-name&gt;&lt;last-name&gt;Test&lt;/last-name&gt;&lt;email&gt;payment@test.com&lt;/email&gt;&lt;gender&gt;m&lt;/gender&gt;&lt;phone&gt;123456&lt;/phone&gt;&lt;address&gt;&lt;street1&gt;Tester Street 1&lt;/street1&gt;&lt;city&gt;Graz&lt;/city&gt;&lt;country&gt;AT&lt;/country&gt;&lt;postal-code&gt;8020&lt;/postal-code&gt;&lt;/address&gt;&lt;/account-holder&gt;&lt;shipping&gt;&lt;first-name&gt;Payment&lt;/first-name&gt;&lt;last-name&gt;Test&lt;/last-name&gt;&lt;phone&gt;123456&lt;/phone&gt;&lt;address&gt;&lt;street1&gt;Tester Street 1&lt;/street1&gt;&lt;city&gt;Graz&lt;/city&gt;&lt;country&gt;AT&lt;/country&gt;&lt;postal-code&gt;8020&lt;/postal-code&gt;&lt;/address&gt;&lt;/shipping&gt;&lt;ip-address&gt;172.18.0.2&lt;/ip-address&gt;&lt;order-number&gt;2bcf20d8bc30af517db5cf081a2cd5fc&lt;/order-number&gt;&lt;order-items&gt;&lt;order-item&gt;&lt;name&gt;Test Article&lt;/name&gt;&lt;description&gt;&lt;/description&gt;&lt;article-number&gt;1337&lt;/article-number&gt;&lt;amount currency="EUR"&gt;100.99&lt;/amount&gt;&lt;tax-rate&gt;19&lt;/tax-rate&gt;&lt;quantity&gt;1&lt;/quantity&gt;&lt;/order-item&gt;&lt;order-item&gt;&lt;name&gt;Shipping&lt;/name&gt;&lt;description&gt;Shipping&lt;/description&gt;&lt;article-number&gt;Shipping&lt;/article-number&gt;&lt;amount currency="EUR"&gt;6.9&lt;/amount&gt;&lt;tax-rate&gt;19&lt;/tax-rate&gt;&lt;quantity&gt;1&lt;/quantity&gt;&lt;/order-item&gt;&lt;/order-items&gt;&lt;descriptor&gt;OXID eSho 2bcf20d8bc30af517&lt;/descriptor&gt;&lt;notifications&gt;&lt;notification url="http://localhost.dev/index.php?cl=wcpg_notifyhandler&amp;amp;fnc=handleRequest&amp;amp;pmt=wdalipay-xborder&amp;amp;lang=1"/&gt;&lt;/notifications&gt;&lt;custom-fields&gt;&lt;custom-field field-name="paysdk_shopName" field-value="OXID eShop 6"/&gt;&lt;custom-field field-name="paysdk_shopVersion" field-value="6.1.5"/&gt;&lt;custom-field field-name="paysdk_pluginName" field-value="Wirecard OXID Module"/&gt;&lt;custom-field field-name="paysdk_pluginVersion" field-value="1.2.1"/&gt;&lt;/custom-fields&gt;&lt;payment-methods&gt;&lt;payment-method url="https://openapi.alipaydev.com/gateway.do?_input_charset=utf-8&amp;amp;currency=EUR&amp;amp;notify_url=https%3A%2F%2Fapi-test.wirecard.com%3A443%2Fengine%2Fnotification%2Falipay-xborder%2F&amp;amp;order_gmt_create=2019-11-07+19%3A51%3A59&amp;amp;order_valid_time=21600&amp;amp;out_trade_no=dfb3adb5-386f-471b-abdb-dd58318c4634&amp;amp;partner=2088101122136241&amp;amp;return_url=https%3A%2F%2Fapi-test.wirecard.com%3A443%2Fengine%2Fnotification%2Falipay-xborder%2Fredirect%2Fdfb3adb5-386f-471b-abdb-dd58318c4634%2F&amp;amp;secondary_merchant_id=0000003173B0F907&amp;amp;secondary_merchant_industry=4555&amp;amp;secondary_merchant_name=testing-merchant&amp;amp;service=create_forex_trade&amp;amp;sign=dc7bb9902632b79cff47b3a56bfebdb0&amp;amp;sign_type=MD5&amp;amp;subject=2bcf20d8bc30af517db5cf081a2cd5fc&amp;amp;timeout_rule=12h&amp;amp;total_fee=107.89" name="alipay-xborder"/&gt;&lt;/payment-methods&gt;&lt;cancel-redirect-url&gt;http://localhost.dev/index.php?lang=1&amp;amp;cl=payment&amp;amp;payerror=-100&amp;amp;force_sid=vu4jnml2mh4cc0u3leosgfmqb0&lt;/cancel-redirect-url&gt;&lt;fail-redirect-url&gt;http://localhost.dev/index.php?lang=1&amp;amp;cl=payment&amp;amp;payerror=-101&amp;amp;force_sid=vu4jnml2mh4cc0u3leosgfmqb0&lt;/fail-redirect-url&gt;&lt;success-redirect-url&gt;http://localhost.dev/index.php?lang=1&amp;amp;cl=order&amp;amp;wdpayment=042ed824a801b1f&amp;amp;force_sid=vu4jnml2mh4cc0u3leosgfmqb0&lt;/success-redirect-url&gt;&lt;locale&gt;en&lt;/locale&gt;&lt;entry-mode&gt;ecommerce&lt;/entry-mode&gt;&lt;device&gt;&lt;fingerprint&gt;47cd4edf-b13c-4298-9344-53119ab8b9df_vu4jnml2mh4cc0u3leosgfmqb0&lt;/fingerprint&gt;&lt;type&gt;pc&lt;/type&gt;&lt;operating-system&gt;other&lt;/operating-system&gt;&lt;/device&gt;&lt;/payment&gt; [] []

/var/www/html/vendor/oxid-esales/testing-library/library/AcceptanceTestCase.php:2090
/var/www/html/vendor/oxid-esales/testing-library/library/AcceptanceTestCase.php:1877
/var/www/html/vendor/oxid-esales/testing-library/library/AcceptanceTestCase.php:220
</failure>
      </testcase>
    </testsuite>
    <testsuite name="Wirecard\Oxid\Tests\Acceptance\CashInAdvanceCheckoutTest" file="/var/www/html/source/modules/wirecard/paymentgateway/Tests/Acceptance/CashInAdvanceCheckoutTest.php" tests="1" assertions="1" failures="0" errors="0" time="12.048610">
      <testcase name="testCheckout" class="Wirecard\Oxid\Tests\Acceptance\CashInAdvanceCheckoutTest" file="/var/www/html/source/modules/wirecard/paymentgateway/Tests/Acceptance/CashInAdvanceCheckoutTest.php" line="22" assertions="1" time="12.048610"/>
    </testsuite>
    <testsuite name="Wirecard\Oxid\Tests\Acceptance\CreditCardCheckoutTest" file="/var/www/html/source/modules/wirecard/paymentgateway/Tests/Acceptance/CreditCardCheckoutTest.php" tests="4" assertions="4" failures="0" errors="0" time="89.340728">
      <testcase name="testCheckoutForPurchaseNonThreeD" class="Wirecard\Oxid\Tests\Acceptance\CreditCardCheckoutTest" file="/var/www/html/source/modules/wirecard/paymentgateway/Tests/Acceptance/CreditCardCheckoutTest.php" line="24" assertions="1" time="18.291601"/>
      <testcase name="testCheckoutForAuthorizeNonThreeD" class="Wirecard\Oxid\Tests\Acceptance\CreditCardCheckoutTest" file="/var/www/html/source/modules/wirecard/paymentgateway/Tests/Acceptance/CreditCardCheckoutTest.php" line="33" assertions="1" time="18.852697"/>
      <testcase name="testCheckoutForPurchaseThreeD" class="Wirecard\Oxid\Tests\Acceptance\CreditCardCheckoutTest" file="/var/www/html/source/modules/wirecard/paymentgateway/Tests/Acceptance/CreditCardCheckoutTest.php" line="42" assertions="1" time="24.938431"/>
      <testcase name="testCheckoutForAuthorizeThreeD" class="Wirecard\Oxid\Tests\Acceptance\CreditCardCheckoutTest" file="/var/www/html/source/modules/wirecard/paymentgateway/Tests/Acceptance/CreditCardCheckoutTest.php" line="53" assertions="1" time="27.257999"/>
    </testsuite>
    <testsuite name="Wirecard\Oxid\Tests\Acceptance\EpsCheckoutTest" file="/var/www/html/source/modules/wirecard/paymentgateway/Tests/Acceptance/EpsCheckoutTest.php" tests="1" assertions="1" failures="0" errors="0" time="36.654055">
      <testcase name="testCheckout" class="Wirecard\Oxid\Tests\Acceptance\EpsCheckoutTest" file="/var/www/html/source/modules/wirecard/paymentgateway/Tests/Acceptance/EpsCheckoutTest.php" line="24" assertions="1" time="36.654055"/>
    </testsuite>
    <testsuite name="Wirecard\Oxid\Tests\Acceptance\GiropayCheckoutTest" file="/var/www/html/source/modules/wirecard/paymentgateway/Tests/Acceptance/GiropayCheckoutTest.php" tests="1" assertions="1" failures="0" errors="0" time="23.502377">
      <testcase name="testCheckout" class="Wirecard\Oxid\Tests\Acceptance\GiropayCheckoutTest" file="/var/www/html/source/modules/wirecard/paymentgateway/Tests/Acceptance/GiropayCheckoutTest.php" line="24" assertions="1" time="23.502377"/>
    </testsuite>
    <testsuite name="Wirecard\Oxid\Tests\Acceptance\IdealCheckoutTest" file="/var/www/html/source/modules/wirecard/paymentgateway/Tests/Acceptance/IdealCheckoutTest.php" tests="1" assertions="1" failures="0" errors="0" time="14.230816">
      <testcase name="testCheckout" class="Wirecard\Oxid\Tests\Acceptance\IdealCheckoutTest" file="/var/www/html/source/modules/wirecard/paymentgateway/Tests/Acceptance/IdealCheckoutTest.php" line="24" assertions="1" time="14.230816"/>
    </testsuite>
    <testsuite name="Wirecard\Oxid\Tests\Acceptance\PaymentInAdvanceCheckoutTest" file="/var/www/html/source/modules/wirecard/paymentgateway/Tests/Acceptance/PaymentInAdvanceCheckoutTest.php" tests="1" assertions="2" failures="0" errors="0" time="13.157254">
      <testcase name="testCheckout" class="Wirecard\Oxid\Tests\Acceptance\PaymentInAdvanceCheckoutTest" file="/var/www/html/source/modules/wirecard/paymentgateway/Tests/Acceptance/PaymentInAdvanceCheckoutTest.php" line="24" assertions="2" time="13.157254"/>
    </testsuite>
    <testsuite name="Wirecard\Oxid\Tests\Acceptance\PaymentOnInvoiceCheckoutTest" file="/var/www/html/source/modules/wirecard/paymentgateway/Tests/Acceptance/PaymentOnInvoiceCheckoutTest.php" tests="1" assertions="1" failures="0" errors="0" time="12.792403">
      <testcase name="testCheckout" class="Wirecard\Oxid\Tests\Acceptance\PaymentOnInvoiceCheckoutTest" file="/var/www/html/source/modules/wirecard/paymentgateway/Tests/Acceptance/PaymentOnInvoiceCheckoutTest.php" line="24" assertions="1" time="12.792403"/>
    </testsuite>
    <testsuite name="Wirecard\Oxid\Tests\Acceptance\PayolutionBtowbCheckoutTest" file="/var/www/html/source/modules/wirecard/paymentgateway/Tests/Acceptance/PayolutionBtwobCheckoutTest.php" tests="2" assertions="2" failures="0" errors="0" time="32.408245">
      <testcase name="testCheckoutWithRequiredProfileData" class="Wirecard\Oxid\Tests\Acceptance\PayolutionBtowbCheckoutTest" file="/var/www/html/source/modules/wirecard/paymentgateway/Tests/Acceptance/PayolutionBtwobCheckoutTest.php" line="28" assertions="1" time="17.227397"/>
      <testcase name="testCheckoutWithoutRequiredProfileData" class="Wirecard\Oxid\Tests\Acceptance\PayolutionBtowbCheckoutTest" file="/var/www/html/source/modules/wirecard/paymentgateway/Tests/Acceptance/PayolutionBtwobCheckoutTest.php" line="36" assertions="1" time="15.180848"/>
    </testsuite>
    <testsuite name="Wirecard\Oxid\Tests\Acceptance\PayolutionInvoiceCheckoutTest" file="/var/www/html/source/modules/wirecard/paymentgateway/Tests/Acceptance/PayolutionInvoiceCheckoutTest.php" tests="2" assertions="2" failures="0" errors="0" time="31.575969">
      <testcase name="testCheckoutWithRequiredProfileData" class="Wirecard\Oxid\Tests\Acceptance\PayolutionInvoiceCheckoutTest" file="/var/www/html/source/modules/wirecard/paymentgateway/Tests/Acceptance/PayolutionInvoiceCheckoutTest.php" line="28" assertions="1" time="15.494414"/>
      <testcase name="testCheckoutWithoutRequiredProfileData" class="Wirecard\Oxid\Tests\Acceptance\PayolutionInvoiceCheckoutTest" file="/var/www/html/source/modules/wirecard/paymentgateway/Tests/Acceptance/PayolutionInvoiceCheckoutTest.php" line="36" assertions="1" time="16.081555"/>
    </testsuite>
    <testsuite name="Wirecard\Oxid\Tests\Acceptance\PaypalCheckoutTest" file="/var/www/html/source/modules/wirecard/paymentgateway/Tests/Acceptance/PaypalCheckoutTest.php" tests="2" assertions="2" failures="0" errors="0" time="99.109863">
      <testcase name="testCheckoutForPurchase" class="Wirecard\Oxid\Tests\Acceptance\PaypalCheckoutTest" file="/var/www/html/source/modules/wirecard/paymentgateway/Tests/Acceptance/PaypalCheckoutTest.php" line="32" assertions="1" time="45.550083"/>
      <testcase name="testCheckoutForAuthorize" class="Wirecard\Oxid\Tests\Acceptance\PaypalCheckoutTest" file="/var/www/html/source/modules/wirecard/paymentgateway/Tests/Acceptance/PaypalCheckoutTest.php" line="42" assertions="1" time="53.559780"/>
    </testsuite>
    <testsuite name="Wirecard\Oxid\Tests\Acceptance\RatepayInvoiceCheckoutTest" file="/var/www/html/source/modules/wirecard/paymentgateway/Tests/Acceptance/RatepayInvoiceCheckoutTest.php" tests="2" assertions="2" failures="0" errors="0" time="27.773767">
      <testcase name="testCheckoutWithRequiredProfileData" class="Wirecard\Oxid\Tests\Acceptance\RatepayInvoiceCheckoutTest" file="/var/www/html/source/modules/wirecard/paymentgateway/Tests/Acceptance/RatepayInvoiceCheckoutTest.php" line="24" assertions="1" time="14.032280"/>
      <testcase name="testCheckoutWithoutRequiredProfileData" class="Wirecard\Oxid\Tests\Acceptance\RatepayInvoiceCheckoutTest" file="/var/www/html/source/modules/wirecard/paymentgateway/Tests/Acceptance/RatepayInvoiceCheckoutTest.php" line="32" assertions="1" time="13.741487"/>
    </testsuite>
    <testsuite name="Wirecard\Oxid\Tests\Acceptance\SepaDirectDebitCheckoutTest" file="/var/www/html/source/modules/wirecard/paymentgateway/Tests/Acceptance/SepaDirectDebitCheckoutTest.php" tests="4" assertions="4" failures="0" errors="0" time="56.894635">
      <testcase name="testCheckoutForPurchase" class="Wirecard\Oxid\Tests\Acceptance\SepaDirectDebitCheckoutTest" file="/var/www/html/source/modules/wirecard/paymentgateway/Tests/Acceptance/SepaDirectDebitCheckoutTest.php" line="24" assertions="1" time="13.667585"/>
      <testcase name="testCheckoutForAuthorize" class="Wirecard\Oxid\Tests\Acceptance\SepaDirectDebitCheckoutTest" file="/var/www/html/source/modules/wirecard/paymentgateway/Tests/Acceptance/SepaDirectDebitCheckoutTest.php" line="33" assertions="1" time="15.157491"/>
      <testcase name="testCheckoutForPurchaseWithBic" class="Wirecard\Oxid\Tests\Acceptance\SepaDirectDebitCheckoutTest" file="/var/www/html/source/modules/wirecard/paymentgateway/Tests/Acceptance/SepaDirectDebitCheckoutTest.php" line="42" assertions="1" time="14.196534"/>
      <testcase name="testCheckoutForAuthorizeWithBic" class="Wirecard\Oxid\Tests\Acceptance\SepaDirectDebitCheckoutTest" file="/var/www/html/source/modules/wirecard/paymentgateway/Tests/Acceptance/SepaDirectDebitCheckoutTest.php" line="52" assertions="1" time="13.873025"/>
    </testsuite>
    <testsuite name="Wirecard\Oxid\Tests\Acceptance\SofortCheckoutTest" file="/var/www/html/source/modules/wirecard/paymentgateway/Tests/Acceptance/SofortCheckoutTest.php" tests="1" assertions="1" failures="0" errors="0" time="34.751828">
      <testcase name="testCheckout" class="Wirecard\Oxid\Tests\Acceptance\SofortCheckoutTest" file="/var/www/html/source/modules/wirecard/paymentgateway/Tests/Acceptance/SofortCheckoutTest.php" line="24" assertions="1" time="34.751828"/>
    </testsuite>
  </testsuite>
</testsuites>
