<?xml version="1.0" encoding="UTF-8"?>
<testsuites name="Mocha Tests" time="53.896" tests="1" failures="1">
  <testsuite name="Root Suite" timestamp="2019-10-30T12:29:18" tests="0" failures="0" time="0">
  </testsuite>
  <testsuite name="Credit Card test" timestamp="2019-10-30T12:29:18" tests="1" file="/home/travis/shopware/custom/plugins/WirecardElasticEngine/Tests/Selenium/Payments/CreditCardTest.js" failures="1" time="53.896">
    <testcase name="Credit Card test should check the credit card payment process" time="53.896" classname="should check the credit card payment process">
      <failure message="Waiting for element to be located By(css selector, .wirecard-seamless-frame)
Wait timed out after 20172ms" type="TimeoutError"><![CDATA[TimeoutError: Waiting for element to be located By(css selector, .wirecard-seamless-frame)
Wait timed out after 20172ms
    at /home/travis/shopware/custom/plugins/WirecardElasticEngine/node_modules/selenium-webdriver/lib/webdriver.js:841:17
    at <anonymous>
    at process._tickCallback (internal/process/next_tick.js:188:7)]]></failure>
    </testcase>
  </testsuite>
</testsuites>